Calling target program-options parser
[11:51:24.524] [bmv2] [D] [thread 4746] Set default default entry for table 'tbl_add_int_filho': MyIngress.add_int_filho - 
[11:51:24.525] [bmv2] [D] [thread 4746] Set default default entry for table 'tbl_basic168': basic168 - 
[11:51:24.525] [bmv2] [D] [thread 4746] Set default default entry for table 'MyIngress.ipv4_lpm': MyIngress.drop - 
Adding interface s1-eth1 as port 1
[11:51:24.525] [bmv2] [D] [thread 4746] Adding interface s1-eth1 as port 1
Adding interface s1-eth2 as port 2
[11:51:24.577] [bmv2] [D] [thread 4746] Adding interface s1-eth2 as port 2
Adding interface s1-eth3 as port 3
[11:51:24.637] [bmv2] [D] [thread 4746] Adding interface s1-eth3 as port 3
Server listening on 0.0.0.0:50051
[11:51:24.737] [bmv2] [I] [thread 4746] Starting Thrift server on port 9090
[11:51:24.738] [bmv2] [I] [thread 4746] Thrift server was started
[11:51:24.739] [bmv2] [D] [thread 4756] [0.0] [cxt 0] Processing packet received on port 1
[11:51:24.740] [bmv2] [D] [thread 4756] [0.0] [cxt 0] Parser 'parser': start
[11:51:24.740] [bmv2] [D] [thread 4756] [0.0] [cxt 0] Parser 'parser' entering state 'start'
[11:51:24.741] [bmv2] [D] [thread 4756] [0.0] [cxt 0] Extracting header 'ethernet'
[11:51:24.741] [bmv2] [D] [thread 4756] [0.0] [cxt 0] Parser state 'start': key is 86dd
[11:51:24.742] [bmv2] [T] [thread 4756] [0.0] [cxt 0] Bytes parsed: 14
[11:51:24.742] [bmv2] [D] [thread 4756] [0.0] [cxt 0] Parser 'parser': end
[11:51:24.743] [bmv2] [D] [thread 4756] [0.0] [cxt 0] Pipeline 'ingress': start
[11:51:24.743] [bmv2] [T] [thread 4756] [0.0] [cxt 0] basic.p4(167) Condition "hdr.int_pai.isValid()" (node_2) is false
[11:51:24.743] [bmv2] [T] [thread 4756] [0.0] [cxt 0] Applying table 'tbl_basic168'
[11:51:24.744] [bmv2] [D] [thread 4756] [0.0] [cxt 0] Looking up key:

[11:51:24.744] [bmv2] [D] [thread 4756] [0.0] [cxt 0] Table 'tbl_basic168': miss
[11:51:24.744] [bmv2] [D] [thread 4756] [0.0] [cxt 0] Action entry is basic168 - 
[11:51:24.745] [bmv2] [T] [thread 4756] [0.0] [cxt 0] Action basic168
[11:51:24.745] [bmv2] [T] [thread 4756] [0.0] [cxt 0] basic.p4(168) Primitive hdr.int_pai.setValid()
[11:51:24.745] [bmv2] [T] [thread 4756] [0.0] [cxt 0] basic.p4(169) Primitive hdr.int_pai.tamanho_filho = 13
[11:51:24.746] [bmv2] [T] [thread 4756] [0.0] [cxt 0] basic.p4(170) Primitive hdr.int_pai.quantidade_filhos = 0
[11:51:24.746] [bmv2] [T] [thread 4756] [0.0] [cxt 0] basic.p4(175) Condition "hdr.ipv4.isValid()" (node_5) is false
[11:51:24.746] [bmv2] [D] [thread 4756] [0.0] [cxt 0] Pipeline 'ingress': end
[11:51:24.746] [bmv2] [D] [thread 4756] [0.0] [cxt 0] Egress port is 0
[11:51:24.746] [bmv2] [D] [thread 4757] [0.0] [cxt 0] Pipeline 'egress': start
[11:51:24.746] [bmv2] [D] [thread 4757] [0.0] [cxt 0] Pipeline 'egress': end
[11:51:24.746] [bmv2] [D] [thread 4757] [0.0] [cxt 0] Deparser 'deparser': start
[11:51:24.746] [bmv2] [T] [thread 4757] [0.0] [cxt 0] Skipping checksum 'cksum' update because condition not met
[11:51:24.746] [bmv2] [D] [thread 4757] [0.0] [cxt 0] Deparsing header 'ethernet'
[11:51:24.746] [bmv2] [D] [thread 4757] [0.0] [cxt 0] Deparsing header 'int_pai'
[11:51:24.746] [bmv2] [D] [thread 4757] [0.0] [cxt 0] Deparser 'deparser': end
[11:51:24.747] [bmv2] [D] [thread 4761] [0.0] [cxt 0] Transmitting packet of size 98 out of port 0
[11:51:24.980] [bmv2] [D] [thread 4756] [1.0] [cxt 0] Processing packet received on port 2
[11:51:24.980] [bmv2] [D] [thread 4756] [1.0] [cxt 0] Parser 'parser': start
[11:51:24.981] [bmv2] [D] [thread 4756] [1.0] [cxt 0] Parser 'parser' entering state 'start'
[11:51:24.981] [bmv2] [D] [thread 4756] [1.0] [cxt 0] Extracting header 'ethernet'
[11:51:24.982] [bmv2] [D] [thread 4756] [1.0] [cxt 0] Parser state 'start': key is 86dd
[11:51:24.982] [bmv2] [T] [thread 4756] [1.0] [cxt 0] Bytes parsed: 14
[11:51:24.983] [bmv2] [D] [thread 4756] [1.0] [cxt 0] Parser 'parser': end
[11:51:24.983] [bmv2] [D] [thread 4756] [1.0] [cxt 0] Pipeline 'ingress': start
[11:51:24.984] [bmv2] [T] [thread 4756] [1.0] [cxt 0] basic.p4(167) Condition "hdr.int_pai.isValid()" (node_2) is false
[11:51:24.984] [bmv2] [T] [thread 4756] [1.0] [cxt 0] Applying table 'tbl_basic168'
[11:51:24.984] [bmv2] [D] [thread 4756] [1.0] [cxt 0] Looking up key:

[11:51:24.985] [bmv2] [D] [thread 4756] [1.0] [cxt 0] Table 'tbl_basic168': miss
[11:51:24.985] [bmv2] [D] [thread 4756] [1.0] [cxt 0] Action entry is basic168 - 
[11:51:24.985] [bmv2] [T] [thread 4756] [1.0] [cxt 0] Action basic168
[11:51:24.985] [bmv2] [T] [thread 4756] [1.0] [cxt 0] basic.p4(168) Primitive hdr.int_pai.setValid()
[11:51:24.985] [bmv2] [T] [thread 4756] [1.0] [cxt 0] basic.p4(169) Primitive hdr.int_pai.tamanho_filho = 13
[11:51:24.985] [bmv2] [T] [thread 4756] [1.0] [cxt 0] basic.p4(170) Primitive hdr.int_pai.quantidade_filhos = 0
[11:51:24.985] [bmv2] [T] [thread 4756] [1.0] [cxt 0] basic.p4(175) Condition "hdr.ipv4.isValid()" (node_5) is false
[11:51:24.985] [bmv2] [D] [thread 4756] [1.0] [cxt 0] Pipeline 'ingress': end
[11:51:24.985] [bmv2] [D] [thread 4756] [1.0] [cxt 0] Egress port is 0
[11:51:24.985] [bmv2] [D] [thread 4757] [1.0] [cxt 0] Pipeline 'egress': start
[11:51:24.985] [bmv2] [D] [thread 4757] [1.0] [cxt 0] Pipeline 'egress': end
[11:51:24.985] [bmv2] [D] [thread 4757] [1.0] [cxt 0] Deparser 'deparser': start
[11:51:24.985] [bmv2] [T] [thread 4757] [1.0] [cxt 0] Skipping checksum 'cksum' update because condition not met
[11:51:24.985] [bmv2] [D] [thread 4757] [1.0] [cxt 0] Deparsing header 'ethernet'
[11:51:24.985] [bmv2] [D] [thread 4757] [1.0] [cxt 0] Deparsing header 'int_pai'
[11:51:24.986] [bmv2] [D] [thread 4757] [1.0] [cxt 0] Deparser 'deparser': end
[11:51:24.986] [bmv2] [D] [thread 4761] [1.0] [cxt 0] Transmitting packet of size 98 out of port 0
[11:51:25.108] [bmv2] [D] [thread 4756] [2.0] [cxt 0] Processing packet received on port 3
[11:51:25.109] [bmv2] [D] [thread 4756] [2.0] [cxt 0] Parser 'parser': start
[11:51:25.109] [bmv2] [D] [thread 4756] [2.0] [cxt 0] Parser 'parser' entering state 'start'
[11:51:25.110] [bmv2] [D] [thread 4756] [2.0] [cxt 0] Extracting header 'ethernet'
[11:51:25.111] [bmv2] [D] [thread 4756] [2.0] [cxt 0] Parser state 'start': key is 86dd
[11:51:25.111] [bmv2] [T] [thread 4756] [2.0] [cxt 0] Bytes parsed: 14
[11:51:25.112] [bmv2] [D] [thread 4756] [2.0] [cxt 0] Parser 'parser': end
[11:51:25.112] [bmv2] [D] [thread 4756] [2.0] [cxt 0] Pipeline 'ingress': start
[11:51:25.113] [bmv2] [T] [thread 4756] [2.0] [cxt 0] basic.p4(167) Condition "hdr.int_pai.isValid()" (node_2) is false
[11:51:25.113] [bmv2] [T] [thread 4756] [2.0] [cxt 0] Applying table 'tbl_basic168'
[11:51:25.114] [bmv2] [D] [thread 4756] [2.0] [cxt 0] Looking up key:

[11:51:25.114] [bmv2] [D] [thread 4756] [2.0] [cxt 0] Table 'tbl_basic168': miss
[11:51:25.115] [bmv2] [D] [thread 4756] [2.0] [cxt 0] Action entry is basic168 - 
[11:51:25.115] [bmv2] [T] [thread 4756] [2.0] [cxt 0] Action basic168
[11:51:25.115] [bmv2] [T] [thread 4756] [2.0] [cxt 0] basic.p4(168) Primitive hdr.int_pai.setValid()
[11:51:25.115] [bmv2] [T] [thread 4756] [2.0] [cxt 0] basic.p4(169) Primitive hdr.int_pai.tamanho_filho = 13
[11:51:25.115] [bmv2] [T] [thread 4756] [2.0] [cxt 0] basic.p4(170) Primitive hdr.int_pai.quantidade_filhos = 0
[11:51:25.116] [bmv2] [T] [thread 4756] [2.0] [cxt 0] basic.p4(175) Condition "hdr.ipv4.isValid()" (node_5) is false
[11:51:25.116] [bmv2] [D] [thread 4756] [2.0] [cxt 0] Pipeline 'ingress': end
[11:51:25.116] [bmv2] [D] [thread 4756] [2.0] [cxt 0] Egress port is 0
[11:51:25.116] [bmv2] [D] [thread 4757] [2.0] [cxt 0] Pipeline 'egress': start
[11:51:25.117] [bmv2] [D] [thread 4757] [2.0] [cxt 0] Pipeline 'egress': end
[11:51:25.117] [bmv2] [D] [thread 4757] [2.0] [cxt 0] Deparser 'deparser': start
[11:51:25.117] [bmv2] [T] [thread 4757] [2.0] [cxt 0] Skipping checksum 'cksum' update because condition not met
[11:51:25.117] [bmv2] [D] [thread 4757] [2.0] [cxt 0] Deparsing header 'ethernet'
[11:51:25.117] [bmv2] [D] [thread 4757] [2.0] [cxt 0] Deparsing header 'int_pai'
[11:51:25.117] [bmv2] [D] [thread 4757] [2.0] [cxt 0] Deparser 'deparser': end
[11:51:25.117] [bmv2] [D] [thread 4761] [2.0] [cxt 0] Transmitting packet of size 98 out of port 0
[11:51:25.140] [bmv2] [D] [thread 4756] [3.0] [cxt 0] Processing packet received on port 2
[11:51:25.141] [bmv2] [D] [thread 4756] [3.0] [cxt 0] Parser 'parser': start
[11:51:25.141] [bmv2] [D] [thread 4756] [3.0] [cxt 0] Parser 'parser' entering state 'start'
[11:51:25.141] [bmv2] [D] [thread 4756] [3.0] [cxt 0] Extracting header 'ethernet'
[11:51:25.142] [bmv2] [D] [thread 4756] [3.0] [cxt 0] Parser state 'start': key is 86dd
[11:51:25.142] [bmv2] [T] [thread 4756] [3.0] [cxt 0] Bytes parsed: 14
[11:51:25.143] [bmv2] [D] [thread 4756] [3.0] [cxt 0] Parser 'parser': end
[11:51:25.143] [bmv2] [D] [thread 4756] [3.0] [cxt 0] Pipeline 'ingress': start
[11:51:25.143] [bmv2] [T] [thread 4756] [3.0] [cxt 0] basic.p4(167) Condition "hdr.int_pai.isValid()" (node_2) is false
[11:51:25.143] [bmv2] [T] [thread 4756] [3.0] [cxt 0] Applying table 'tbl_basic168'
[11:51:25.144] [bmv2] [D] [thread 4756] [3.0] [cxt 0] Looking up key:

[11:51:25.144] [bmv2] [D] [thread 4756] [3.0] [cxt 0] Table 'tbl_basic168': miss
[11:51:25.144] [bmv2] [D] [thread 4756] [3.0] [cxt 0] Action entry is basic168 - 
[11:51:25.144] [bmv2] [T] [thread 4756] [3.0] [cxt 0] Action basic168
[11:51:25.144] [bmv2] [T] [thread 4756] [3.0] [cxt 0] basic.p4(168) Primitive hdr.int_pai.setValid()
[11:51:25.144] [bmv2] [T] [thread 4756] [3.0] [cxt 0] basic.p4(169) Primitive hdr.int_pai.tamanho_filho = 13
[11:51:25.144] [bmv2] [T] [thread 4756] [3.0] [cxt 0] basic.p4(170) Primitive hdr.int_pai.quantidade_filhos = 0
[11:51:25.144] [bmv2] [T] [thread 4756] [3.0] [cxt 0] basic.p4(175) Condition "hdr.ipv4.isValid()" (node_5) is false
[11:51:25.144] [bmv2] [D] [thread 4756] [3.0] [cxt 0] Pipeline 'ingress': end
[11:51:25.144] [bmv2] [D] [thread 4756] [3.0] [cxt 0] Egress port is 0
[11:51:25.144] [bmv2] [D] [thread 4757] [3.0] [cxt 0] Pipeline 'egress': start
[11:51:25.144] [bmv2] [D] [thread 4757] [3.0] [cxt 0] Pipeline 'egress': end
[11:51:25.144] [bmv2] [D] [thread 4757] [3.0] [cxt 0] Deparser 'deparser': start
[11:51:25.144] [bmv2] [T] [thread 4757] [3.0] [cxt 0] Skipping checksum 'cksum' update because condition not met
[11:51:25.144] [bmv2] [D] [thread 4757] [3.0] [cxt 0] Deparsing header 'ethernet'
[11:51:25.144] [bmv2] [D] [thread 4757] [3.0] [cxt 0] Deparsing header 'int_pai'
[11:51:25.145] [bmv2] [D] [thread 4757] [3.0] [cxt 0] Deparser 'deparser': end
[11:51:25.145] [bmv2] [D] [thread 4761] [3.0] [cxt 0] Transmitting packet of size 94 out of port 0
[11:51:25.172] [bmv2] [D] [thread 4756] [4.0] [cxt 0] Processing packet received on port 1
[11:51:25.173] [bmv2] [D] [thread 4756] [4.0] [cxt 0] Parser 'parser': start
[11:51:25.173] [bmv2] [D] [thread 4756] [4.0] [cxt 0] Parser 'parser' entering state 'start'
[11:51:25.173] [bmv2] [D] [thread 4756] [4.0] [cxt 0] Extracting header 'ethernet'
[11:51:25.174] [bmv2] [D] [thread 4756] [4.0] [cxt 0] Parser state 'start': key is 86dd
[11:51:25.174] [bmv2] [T] [thread 4756] [4.0] [cxt 0] Bytes parsed: 14
[11:51:25.175] [bmv2] [D] [thread 4756] [4.0] [cxt 0] Parser 'parser': end
[11:51:25.175] [bmv2] [D] [thread 4756] [4.0] [cxt 0] Pipeline 'ingress': start
[11:51:25.175] [bmv2] [T] [thread 4756] [4.0] [cxt 0] basic.p4(167) Condition "hdr.int_pai.isValid()" (node_2) is false
[11:51:25.176] [bmv2] [T] [thread 4756] [4.0] [cxt 0] Applying table 'tbl_basic168'
[11:51:25.176] [bmv2] [D] [thread 4756] [4.0] [cxt 0] Looking up key:

[11:51:25.176] [bmv2] [D] [thread 4756] [4.0] [cxt 0] Table 'tbl_basic168': miss
[11:51:25.176] [bmv2] [D] [thread 4756] [4.0] [cxt 0] Action entry is basic168 - 
[11:51:25.176] [bmv2] [T] [thread 4756] [4.0] [cxt 0] Action basic168
[11:51:25.176] [bmv2] [T] [thread 4756] [4.0] [cxt 0] basic.p4(168) Primitive hdr.int_pai.setValid()
[11:51:25.176] [bmv2] [T] [thread 4756] [4.0] [cxt 0] basic.p4(169) Primitive hdr.int_pai.tamanho_filho = 13
[11:51:25.177] [bmv2] [T] [thread 4756] [4.0] [cxt 0] basic.p4(170) Primitive hdr.int_pai.quantidade_filhos = 0
[11:51:25.177] [bmv2] [T] [thread 4756] [4.0] [cxt 0] basic.p4(175) Condition "hdr.ipv4.isValid()" (node_5) is false
[11:51:25.177] [bmv2] [D] [thread 4756] [4.0] [cxt 0] Pipeline 'ingress': end
[11:51:25.177] [bmv2] [D] [thread 4756] [4.0] [cxt 0] Egress port is 0
[11:51:25.177] [bmv2] [D] [thread 4757] [4.0] [cxt 0] Pipeline 'egress': start
[11:51:25.177] [bmv2] [D] [thread 4757] [4.0] [cxt 0] Pipeline 'egress': end
[11:51:25.177] [bmv2] [D] [thread 4757] [4.0] [cxt 0] Deparser 'deparser': start
[11:51:25.177] [bmv2] [T] [thread 4757] [4.0] [cxt 0] Skipping checksum 'cksum' update because condition not met
[11:51:25.177] [bmv2] [D] [thread 4757] [4.0] [cxt 0] Deparsing header 'ethernet'
[11:51:25.177] [bmv2] [D] [thread 4757] [4.0] [cxt 0] Deparsing header 'int_pai'
[11:51:25.177] [bmv2] [D] [thread 4757] [4.0] [cxt 0] Deparser 'deparser': end
[11:51:25.177] [bmv2] [D] [thread 4761] [4.0] [cxt 0] Transmitting packet of size 94 out of port 0
[11:51:25.334] [bmv2] [D] [thread 4756] [5.0] [cxt 0] Processing packet received on port 3
[11:51:25.335] [bmv2] [D] [thread 4756] [5.0] [cxt 0] Parser 'parser': start
[11:51:25.335] [bmv2] [D] [thread 4756] [5.0] [cxt 0] Parser 'parser' entering state 'start'
[11:51:25.336] [bmv2] [D] [thread 4756] [5.0] [cxt 0] Extracting header 'ethernet'
[11:51:25.337] [bmv2] [D] [thread 4756] [5.0] [cxt 0] Parser state 'start': key is 86dd
[11:51:25.337] [bmv2] [T] [thread 4756] [5.0] [cxt 0] Bytes parsed: 14
[11:51:25.338] [bmv2] [D] [thread 4756] [5.0] [cxt 0] Parser 'parser': end
[11:51:25.338] [bmv2] [D] [thread 4756] [5.0] [cxt 0] Pipeline 'ingress': start
[11:51:25.339] [bmv2] [T] [thread 4756] [5.0] [cxt 0] basic.p4(167) Condition "hdr.int_pai.isValid()" (node_2) is false
[11:51:25.339] [bmv2] [T] [thread 4756] [5.0] [cxt 0] Applying table 'tbl_basic168'
[11:51:25.339] [bmv2] [D] [thread 4756] [5.0] [cxt 0] Looking up key:

[11:51:25.340] [bmv2] [D] [thread 4756] [5.0] [cxt 0] Table 'tbl_basic168': miss
[11:51:25.340] [bmv2] [D] [thread 4756] [5.0] [cxt 0] Action entry is basic168 - 
[11:51:25.341] [bmv2] [T] [thread 4756] [5.0] [cxt 0] Action basic168
[11:51:25.341] [bmv2] [T] [thread 4756] [5.0] [cxt 0] basic.p4(168) Primitive hdr.int_pai.setValid()
[11:51:25.341] [bmv2] [T] [thread 4756] [5.0] [cxt 0] basic.p4(169) Primitive hdr.int_pai.tamanho_filho = 13
[11:51:25.341] [bmv2] [T] [thread 4756] [5.0] [cxt 0] basic.p4(170) Primitive hdr.int_pai.quantidade_filhos = 0
[11:51:25.341] [bmv2] [T] [thread 4756] [5.0] [cxt 0] basic.p4(175) Condition "hdr.ipv4.isValid()" (node_5) is false
[11:51:25.341] [bmv2] [D] [thread 4756] [5.0] [cxt 0] Pipeline 'ingress': end
[11:51:25.341] [bmv2] [D] [thread 4756] [5.0] [cxt 0] Egress port is 0
[11:51:25.342] [bmv2] [D] [thread 4757] [5.0] [cxt 0] Pipeline 'egress': start
[11:51:25.342] [bmv2] [D] [thread 4757] [5.0] [cxt 0] Pipeline 'egress': end
[11:51:25.342] [bmv2] [D] [thread 4757] [5.0] [cxt 0] Deparser 'deparser': start
[11:51:25.342] [bmv2] [T] [thread 4757] [5.0] [cxt 0] Skipping checksum 'cksum' update because condition not met
[11:51:25.342] [bmv2] [D] [thread 4757] [5.0] [cxt 0] Deparsing header 'ethernet'
[11:51:25.342] [bmv2] [D] [thread 4757] [5.0] [cxt 0] Deparsing header 'int_pai'
[11:51:25.342] [bmv2] [D] [thread 4757] [5.0] [cxt 0] Deparser 'deparser': end
[11:51:25.342] [bmv2] [D] [thread 4761] [5.0] [cxt 0] Transmitting packet of size 94 out of port 0
[11:51:25.364] [bmv2] [D] [thread 4756] [6.0] [cxt 0] Processing packet received on port 2
[11:51:25.364] [bmv2] [D] [thread 4756] [6.0] [cxt 0] Parser 'parser': start
[11:51:25.365] [bmv2] [D] [thread 4756] [6.0] [cxt 0] Parser 'parser' entering state 'start'
[11:51:25.365] [bmv2] [D] [thread 4756] [6.0] [cxt 0] Extracting header 'ethernet'
[11:51:25.365] [bmv2] [D] [thread 4756] [6.0] [cxt 0] Parser state 'start': key is 86dd
[11:51:25.365] [bmv2] [T] [thread 4756] [6.0] [cxt 0] Bytes parsed: 14
[11:51:25.366] [bmv2] [D] [thread 4756] [6.0] [cxt 0] Parser 'parser': end
[11:51:25.366] [bmv2] [D] [thread 4756] [6.0] [cxt 0] Pipeline 'ingress': start
[11:51:25.366] [bmv2] [T] [thread 4756] [6.0] [cxt 0] basic.p4(167) Condition "hdr.int_pai.isValid()" (node_2) is false
[11:51:25.366] [bmv2] [T] [thread 4756] [6.0] [cxt 0] Applying table 'tbl_basic168'
[11:51:25.366] [bmv2] [D] [thread 4756] [6.0] [cxt 0] Looking up key:

[11:51:25.367] [bmv2] [D] [thread 4756] [6.0] [cxt 0] Table 'tbl_basic168': miss
[11:51:25.367] [bmv2] [D] [thread 4756] [6.0] [cxt 0] Action entry is basic168 - 
[11:51:25.367] [bmv2] [T] [thread 4756] [6.0] [cxt 0] Action basic168
[11:51:25.367] [bmv2] [T] [thread 4756] [6.0] [cxt 0] basic.p4(168) Primitive hdr.int_pai.setValid()
[11:51:25.367] [bmv2] [T] [thread 4756] [6.0] [cxt 0] basic.p4(169) Primitive hdr.int_pai.tamanho_filho = 13
[11:51:25.367] [bmv2] [T] [thread 4756] [6.0] [cxt 0] basic.p4(170) Primitive hdr.int_pai.quantidade_filhos = 0
[11:51:25.367] [bmv2] [T] [thread 4756] [6.0] [cxt 0] basic.p4(175) Condition "hdr.ipv4.isValid()" (node_5) is false
[11:51:25.367] [bmv2] [D] [thread 4756] [6.0] [cxt 0] Pipeline 'ingress': end
[11:51:25.367] [bmv2] [D] [thread 4756] [6.0] [cxt 0] Egress port is 0
[11:51:25.368] [bmv2] [D] [thread 4757] [6.0] [cxt 0] Pipeline 'egress': start
[11:51:25.368] [bmv2] [D] [thread 4757] [6.0] [cxt 0] Pipeline 'egress': end
[11:51:25.368] [bmv2] [D] [thread 4757] [6.0] [cxt 0] Deparser 'deparser': start
[11:51:25.368] [bmv2] [T] [thread 4757] [6.0] [cxt 0] Skipping checksum 'cksum' update because condition not met
[11:51:25.368] [bmv2] [D] [thread 4757] [6.0] [cxt 0] Deparsing header 'ethernet'
[11:51:25.368] [bmv2] [D] [thread 4757] [6.0] [cxt 0] Deparsing header 'int_pai'
[11:51:25.368] [bmv2] [D] [thread 4757] [6.0] [cxt 0] Deparser 'deparser': end
[11:51:25.368] [bmv2] [D] [thread 4761] [6.0] [cxt 0] Transmitting packet of size 94 out of port 0
[11:51:25.428] [bmv2] [D] [thread 4756] [7.0] [cxt 0] Processing packet received on port 3
[11:51:25.429] [bmv2] [D] [thread 4756] [7.0] [cxt 0] Parser 'parser': start
[11:51:25.429] [bmv2] [D] [thread 4756] [7.0] [cxt 0] Parser 'parser' entering state 'start'
[11:51:25.429] [bmv2] [D] [thread 4756] [7.0] [cxt 0] Extracting header 'ethernet'
[11:51:25.429] [bmv2] [D] [thread 4756] [7.0] [cxt 0] Parser state 'start': key is 86dd
[11:51:25.430] [bmv2] [T] [thread 4756] [7.0] [cxt 0] Bytes parsed: 14
[11:51:25.430] [bmv2] [D] [thread 4756] [7.0] [cxt 0] Parser 'parser': end
[11:51:25.430] [bmv2] [D] [thread 4756] [7.0] [cxt 0] Pipeline 'ingress': start
[11:51:25.430] [bmv2] [T] [thread 4756] [7.0] [cxt 0] basic.p4(167) Condition "hdr.int_pai.isValid()" (node_2) is false
[11:51:25.431] [bmv2] [T] [thread 4756] [7.0] [cxt 0] Applying table 'tbl_basic168'
[11:51:25.431] [bmv2] [D] [thread 4756] [7.0] [cxt 0] Looking up key:

[11:51:25.431] [bmv2] [D] [thread 4756] [7.0] [cxt 0] Table 'tbl_basic168': miss
[11:51:25.431] [bmv2] [D] [thread 4756] [7.0] [cxt 0] Action entry is basic168 - 
[11:51:25.431] [bmv2] [T] [thread 4756] [7.0] [cxt 0] Action basic168
[11:51:25.432] [bmv2] [T] [thread 4756] [7.0] [cxt 0] basic.p4(168) Primitive hdr.int_pai.setValid()
[11:51:25.432] [bmv2] [T] [thread 4756] [7.0] [cxt 0] basic.p4(169) Primitive hdr.int_pai.tamanho_filho = 13
[11:51:25.432] [bmv2] [T] [thread 4756] [7.0] [cxt 0] basic.p4(170) Primitive hdr.int_pai.quantidade_filhos = 0
[11:51:25.432] [bmv2] [T] [thread 4756] [7.0] [cxt 0] basic.p4(175) Condition "hdr.ipv4.isValid()" (node_5) is false
[11:51:25.432] [bmv2] [D] [thread 4756] [7.0] [cxt 0] Pipeline 'ingress': end
[11:51:25.432] [bmv2] [D] [thread 4756] [7.0] [cxt 0] Egress port is 0
[11:51:25.433] [bmv2] [D] [thread 4757] [7.0] [cxt 0] Pipeline 'egress': start
[11:51:25.433] [bmv2] [D] [thread 4757] [7.0] [cxt 0] Pipeline 'egress': end
[11:51:25.434] [bmv2] [D] [thread 4757] [7.0] [cxt 0] Deparser 'deparser': start
[11:51:25.434] [bmv2] [T] [thread 4757] [7.0] [cxt 0] Skipping checksum 'cksum' update because condition not met
[11:51:25.434] [bmv2] [D] [thread 4757] [7.0] [cxt 0] Deparsing header 'ethernet'
[11:51:25.434] [bmv2] [D] [thread 4757] [7.0] [cxt 0] Deparsing header 'int_pai'
[11:51:25.434] [bmv2] [D] [thread 4757] [7.0] [cxt 0] Deparser 'deparser': end
[11:51:25.434] [bmv2] [D] [thread 4761] [7.0] [cxt 0] Transmitting packet of size 98 out of port 0
[11:51:25.653] [bmv2] [D] [thread 4756] [8.0] [cxt 0] Processing packet received on port 3
[11:51:25.653] [bmv2] [D] [thread 4756] [8.0] [cxt 0] Parser 'parser': start
[11:51:25.653] [bmv2] [D] [thread 4756] [8.0] [cxt 0] Parser 'parser' entering state 'start'
[11:51:25.653] [bmv2] [D] [thread 4756] [8.0] [cxt 0] Extracting header 'ethernet'
[11:51:25.654] [bmv2] [D] [thread 4756] [8.0] [cxt 0] Parser state 'start': key is 86dd
[11:51:25.654] [bmv2] [T] [thread 4756] [8.0] [cxt 0] Bytes parsed: 14
[11:51:25.654] [bmv2] [D] [thread 4756] [8.0] [cxt 0] Parser 'parser': end
[11:51:25.654] [bmv2] [D] [thread 4756] [8.0] [cxt 0] Pipeline 'ingress': start
[11:51:25.654] [bmv2] [T] [thread 4756] [8.0] [cxt 0] basic.p4(167) Condition "hdr.int_pai.isValid()" (node_2) is false
[11:51:25.655] [bmv2] [T] [thread 4756] [8.0] [cxt 0] Applying table 'tbl_basic168'
[11:51:25.655] [bmv2] [D] [thread 4756] [8.0] [cxt 0] Looking up key:

[11:51:25.655] [bmv2] [D] [thread 4756] [8.0] [cxt 0] Table 'tbl_basic168': miss
[11:51:25.656] [bmv2] [D] [thread 4756] [8.0] [cxt 0] Action entry is basic168 - 
[11:51:25.656] [bmv2] [T] [thread 4756] [8.0] [cxt 0] Action basic168
[11:51:25.656] [bmv2] [T] [thread 4756] [8.0] [cxt 0] basic.p4(168) Primitive hdr.int_pai.setValid()
[11:51:25.657] [bmv2] [T] [thread 4756] [8.0] [cxt 0] basic.p4(169) Primitive hdr.int_pai.tamanho_filho = 13
[11:51:25.657] [bmv2] [T] [thread 4756] [8.0] [cxt 0] basic.p4(170) Primitive hdr.int_pai.quantidade_filhos = 0
[11:51:25.657] [bmv2] [T] [thread 4756] [8.0] [cxt 0] basic.p4(175) Condition "hdr.ipv4.isValid()" (node_5) is false
[11:51:25.657] [bmv2] [D] [thread 4756] [8.0] [cxt 0] Pipeline 'ingress': end
[11:51:25.657] [bmv2] [D] [thread 4756] [8.0] [cxt 0] Egress port is 0
[11:51:25.657] [bmv2] [D] [thread 4756] [9.0] [cxt 0] Processing packet received on port 3
[11:51:25.657] [bmv2] [D] [thread 4756] [9.0] [cxt 0] Parser 'parser': start
[11:51:25.657] [bmv2] [D] [thread 4756] [9.0] [cxt 0] Parser 'parser' entering state 'start'
[11:51:25.657] [bmv2] [D] [thread 4756] [9.0] [cxt 0] Extracting header 'ethernet'
[11:51:25.658] [bmv2] [D] [thread 4756] [9.0] [cxt 0] Parser state 'start': key is 86dd
[11:51:25.658] [bmv2] [T] [thread 4756] [9.0] [cxt 0] Bytes parsed: 14
[11:51:25.658] [bmv2] [D] [thread 4756] [9.0] [cxt 0] Parser 'parser': end
[11:51:25.658] [bmv2] [D] [thread 4756] [9.0] [cxt 0] Pipeline 'ingress': start
[11:51:25.658] [bmv2] [T] [thread 4756] [9.0] [cxt 0] basic.p4(167) Condition "hdr.int_pai.isValid()" (node_2) is false
[11:51:25.658] [bmv2] [T] [thread 4756] [9.0] [cxt 0] Applying table 'tbl_basic168'
[11:51:25.658] [bmv2] [D] [thread 4756] [9.0] [cxt 0] Looking up key:

[11:51:25.658] [bmv2] [D] [thread 4756] [9.0] [cxt 0] Table 'tbl_basic168': miss
[11:51:25.658] [bmv2] [D] [thread 4756] [9.0] [cxt 0] Action entry is basic168 - 
[11:51:25.658] [bmv2] [T] [thread 4756] [9.0] [cxt 0] Action basic168
[11:51:25.658] [bmv2] [T] [thread 4756] [9.0] [cxt 0] basic.p4(168) Primitive hdr.int_pai.setValid()
[11:51:25.658] [bmv2] [T] [thread 4756] [9.0] [cxt 0] basic.p4(169) Primitive hdr.int_pai.tamanho_filho = 13
[11:51:25.658] [bmv2] [T] [thread 4756] [9.0] [cxt 0] basic.p4(170) Primitive hdr.int_pai.quantidade_filhos = 0
[11:51:25.658] [bmv2] [T] [thread 4756] [9.0] [cxt 0] basic.p4(175) Condition "hdr.ipv4.isValid()" (node_5) is false
[11:51:25.659] [bmv2] [D] [thread 4756] [9.0] [cxt 0] Pipeline 'ingress': end
[11:51:25.659] [bmv2] [D] [thread 4756] [9.0] [cxt 0] Egress port is 0
[11:51:25.657] [bmv2] [D] [thread 4757] [8.0] [cxt 0] Pipeline 'egress': start
[11:51:25.659] [bmv2] [D] [thread 4757] [8.0] [cxt 0] Pipeline 'egress': end
[11:51:25.659] [bmv2] [D] [thread 4757] [8.0] [cxt 0] Deparser 'deparser': start
[11:51:25.659] [bmv2] [T] [thread 4757] [8.0] [cxt 0] Skipping checksum 'cksum' update because condition not met
[11:51:25.659] [bmv2] [D] [thread 4757] [8.0] [cxt 0] Deparsing header 'ethernet'
[11:51:25.659] [bmv2] [D] [thread 4757] [8.0] [cxt 0] Deparsing header 'int_pai'
[11:51:25.659] [bmv2] [D] [thread 4757] [8.0] [cxt 0] Deparser 'deparser': end
[11:51:25.659] [bmv2] [D] [thread 4757] [9.0] [cxt 0] Pipeline 'egress': start
[11:51:25.659] [bmv2] [D] [thread 4757] [9.0] [cxt 0] Pipeline 'egress': end
[11:51:25.659] [bmv2] [D] [thread 4757] [9.0] [cxt 0] Deparser 'deparser': start
[11:51:25.660] [bmv2] [T] [thread 4757] [9.0] [cxt 0] Skipping checksum 'cksum' update because condition not met
[11:51:25.660] [bmv2] [D] [thread 4757] [9.0] [cxt 0] Deparsing header 'ethernet'
[11:51:25.660] [bmv2] [D] [thread 4757] [9.0] [cxt 0] Deparsing header 'int_pai'
[11:51:25.660] [bmv2] [D] [thread 4757] [9.0] [cxt 0] Deparser 'deparser': end
[11:51:25.659] [bmv2] [D] [thread 4761] [8.0] [cxt 0] Transmitting packet of size 98 out of port 0
[11:51:25.660] [bmv2] [D] [thread 4761] [9.0] [cxt 0] Transmitting packet of size 78 out of port 0
[11:51:26.136] [bmv2] [D] [thread 4756] [10.0] [cxt 0] Processing packet received on port 3
[11:51:26.136] [bmv2] [D] [thread 4756] [10.0] [cxt 0] Parser 'parser': start
[11:51:26.137] [bmv2] [D] [thread 4756] [10.0] [cxt 0] Parser 'parser' entering state 'start'
[11:51:26.137] [bmv2] [D] [thread 4756] [10.0] [cxt 0] Extracting header 'ethernet'
[11:51:26.137] [bmv2] [D] [thread 4756] [10.0] [cxt 0] Parser state 'start': key is 86dd
[11:51:26.138] [bmv2] [T] [thread 4756] [10.0] [cxt 0] Bytes parsed: 14
[11:51:26.138] [bmv2] [D] [thread 4756] [10.0] [cxt 0] Parser 'parser': end
[11:51:26.138] [bmv2] [D] [thread 4756] [10.0] [cxt 0] Pipeline 'ingress': start
[11:51:26.138] [bmv2] [T] [thread 4756] [10.0] [cxt 0] basic.p4(167) Condition "hdr.int_pai.isValid()" (node_2) is false
[11:51:26.138] [bmv2] [T] [thread 4756] [10.0] [cxt 0] Applying table 'tbl_basic168'
[11:51:26.138] [bmv2] [D] [thread 4756] [10.0] [cxt 0] Looking up key:

[11:51:26.139] [bmv2] [D] [thread 4756] [10.0] [cxt 0] Table 'tbl_basic168': miss
[11:51:26.139] [bmv2] [D] [thread 4756] [10.0] [cxt 0] Action entry is basic168 - 
[11:51:26.140] [bmv2] [T] [thread 4756] [10.0] [cxt 0] Action basic168
[11:51:26.140] [bmv2] [T] [thread 4756] [10.0] [cxt 0] basic.p4(168) Primitive hdr.int_pai.setValid()
[11:51:26.140] [bmv2] [T] [thread 4756] [10.0] [cxt 0] basic.p4(169) Primitive hdr.int_pai.tamanho_filho = 13
[11:51:26.140] [bmv2] [T] [thread 4756] [10.0] [cxt 0] basic.p4(170) Primitive hdr.int_pai.quantidade_filhos = 0
[11:51:26.141] [bmv2] [T] [thread 4756] [10.0] [cxt 0] basic.p4(175) Condition "hdr.ipv4.isValid()" (node_5) is false
[11:51:26.141] [bmv2] [D] [thread 4756] [10.0] [cxt 0] Pipeline 'ingress': end
[11:51:26.141] [bmv2] [D] [thread 4756] [10.0] [cxt 0] Egress port is 0
[11:51:26.141] [bmv2] [D] [thread 4757] [10.0] [cxt 0] Pipeline 'egress': start
[11:51:26.141] [bmv2] [D] [thread 4757] [10.0] [cxt 0] Pipeline 'egress': end
[11:51:26.141] [bmv2] [D] [thread 4757] [10.0] [cxt 0] Deparser 'deparser': start
[11:51:26.141] [bmv2] [T] [thread 4757] [10.0] [cxt 0] Skipping checksum 'cksum' update because condition not met
[11:51:26.142] [bmv2] [D] [thread 4757] [10.0] [cxt 0] Deparsing header 'ethernet'
[11:51:26.142] [bmv2] [D] [thread 4757] [10.0] [cxt 0] Deparsing header 'int_pai'
[11:51:26.142] [bmv2] [D] [thread 4757] [10.0] [cxt 0] Deparser 'deparser': end
[11:51:26.142] [bmv2] [D] [thread 4761] [10.0] [cxt 0] Transmitting packet of size 98 out of port 0
[11:51:26.166] [bmv2] [D] [thread 4756] [11.0] [cxt 0] Processing packet received on port 2
[11:51:26.166] [bmv2] [D] [thread 4756] [11.0] [cxt 0] Parser 'parser': start
[11:51:26.166] [bmv2] [D] [thread 4756] [11.0] [cxt 0] Parser 'parser' entering state 'start'
[11:51:26.166] [bmv2] [D] [thread 4756] [11.0] [cxt 0] Extracting header 'ethernet'
[11:51:26.167] [bmv2] [D] [thread 4756] [11.0] [cxt 0] Parser state 'start': key is 86dd
[11:51:26.167] [bmv2] [T] [thread 4756] [11.0] [cxt 0] Bytes parsed: 14
[11:51:26.168] [bmv2] [D] [thread 4756] [11.0] [cxt 0] Parser 'parser': end
[11:51:26.168] [bmv2] [D] [thread 4756] [11.0] [cxt 0] Pipeline 'ingress': start
[11:51:26.169] [bmv2] [T] [thread 4756] [11.0] [cxt 0] basic.p4(167) Condition "hdr.int_pai.isValid()" (node_2) is false
[11:51:26.169] [bmv2] [T] [thread 4756] [11.0] [cxt 0] Applying table 'tbl_basic168'
[11:51:26.169] [bmv2] [D] [thread 4756] [11.0] [cxt 0] Looking up key:

[11:51:26.169] [bmv2] [D] [thread 4756] [11.0] [cxt 0] Table 'tbl_basic168': miss
[11:51:26.170] [bmv2] [D] [thread 4756] [11.0] [cxt 0] Action entry is basic168 - 
[11:51:26.170] [bmv2] [T] [thread 4756] [11.0] [cxt 0] Action basic168
[11:51:26.170] [bmv2] [T] [thread 4756] [11.0] [cxt 0] basic.p4(168) Primitive hdr.int_pai.setValid()
[11:51:26.170] [bmv2] [T] [thread 4756] [11.0] [cxt 0] basic.p4(169) Primitive hdr.int_pai.tamanho_filho = 13
[11:51:26.171] [bmv2] [T] [thread 4756] [11.0] [cxt 0] basic.p4(170) Primitive hdr.int_pai.quantidade_filhos = 0
[11:51:26.171] [bmv2] [T] [thread 4756] [11.0] [cxt 0] basic.p4(175) Condition "hdr.ipv4.isValid()" (node_5) is false
[11:51:26.171] [bmv2] [D] [thread 4756] [11.0] [cxt 0] Pipeline 'ingress': end
[11:51:26.171] [bmv2] [D] [thread 4756] [11.0] [cxt 0] Egress port is 0
[11:51:26.171] [bmv2] [D] [thread 4756] [12.0] [cxt 0] Processing packet received on port 2
[11:51:26.172] [bmv2] [D] [thread 4756] [12.0] [cxt 0] Parser 'parser': start
[11:51:26.172] [bmv2] [D] [thread 4756] [12.0] [cxt 0] Parser 'parser' entering state 'start'
[11:51:26.172] [bmv2] [D] [thread 4756] [12.0] [cxt 0] Extracting header 'ethernet'
[11:51:26.172] [bmv2] [D] [thread 4756] [12.0] [cxt 0] Parser state 'start': key is 86dd
[11:51:26.172] [bmv2] [T] [thread 4756] [12.0] [cxt 0] Bytes parsed: 14
[11:51:26.172] [bmv2] [D] [thread 4756] [12.0] [cxt 0] Parser 'parser': end
[11:51:26.172] [bmv2] [D] [thread 4756] [12.0] [cxt 0] Pipeline 'ingress': start
[11:51:26.172] [bmv2] [T] [thread 4756] [12.0] [cxt 0] basic.p4(167) Condition "hdr.int_pai.isValid()" (node_2) is false
[11:51:26.172] [bmv2] [T] [thread 4756] [12.0] [cxt 0] Applying table 'tbl_basic168'
[11:51:26.172] [bmv2] [D] [thread 4756] [12.0] [cxt 0] Looking up key:

[11:51:26.173] [bmv2] [D] [thread 4756] [12.0] [cxt 0] Table 'tbl_basic168': miss
[11:51:26.173] [bmv2] [D] [thread 4756] [12.0] [cxt 0] Action entry is basic168 - 
[11:51:26.173] [bmv2] [T] [thread 4756] [12.0] [cxt 0] Action basic168
[11:51:26.173] [bmv2] [T] [thread 4756] [12.0] [cxt 0] basic.p4(168) Primitive hdr.int_pai.setValid()
[11:51:26.173] [bmv2] [T] [thread 4756] [12.0] [cxt 0] basic.p4(169) Primitive hdr.int_pai.tamanho_filho = 13
[11:51:26.173] [bmv2] [T] [thread 4756] [12.0] [cxt 0] basic.p4(170) Primitive hdr.int_pai.quantidade_filhos = 0
[11:51:26.173] [bmv2] [T] [thread 4756] [12.0] [cxt 0] basic.p4(175) Condition "hdr.ipv4.isValid()" (node_5) is false
[11:51:26.173] [bmv2] [D] [thread 4756] [12.0] [cxt 0] Pipeline 'ingress': end
[11:51:26.173] [bmv2] [D] [thread 4756] [12.0] [cxt 0] Egress port is 0
[11:51:26.172] [bmv2] [D] [thread 4757] [11.0] [cxt 0] Pipeline 'egress': start
[11:51:26.173] [bmv2] [D] [thread 4757] [11.0] [cxt 0] Pipeline 'egress': end
[11:51:26.173] [bmv2] [D] [thread 4757] [11.0] [cxt 0] Deparser 'deparser': start
[11:51:26.173] [bmv2] [T] [thread 4757] [11.0] [cxt 0] Skipping checksum 'cksum' update because condition not met
[11:51:26.173] [bmv2] [D] [thread 4757] [11.0] [cxt 0] Deparsing header 'ethernet'
[11:51:26.173] [bmv2] [D] [thread 4757] [11.0] [cxt 0] Deparsing header 'int_pai'
[11:51:26.173] [bmv2] [D] [thread 4757] [11.0] [cxt 0] Deparser 'deparser': end
[11:51:26.174] [bmv2] [D] [thread 4757] [12.0] [cxt 0] Pipeline 'egress': start
[11:51:26.174] [bmv2] [D] [thread 4757] [12.0] [cxt 0] Pipeline 'egress': end
[11:51:26.174] [bmv2] [D] [thread 4757] [12.0] [cxt 0] Deparser 'deparser': start
[11:51:26.174] [bmv2] [T] [thread 4757] [12.0] [cxt 0] Skipping checksum 'cksum' update because condition not met
[11:51:26.174] [bmv2] [D] [thread 4757] [12.0] [cxt 0] Deparsing header 'ethernet'
[11:51:26.174] [bmv2] [D] [thread 4757] [12.0] [cxt 0] Deparsing header 'int_pai'
[11:51:26.174] [bmv2] [D] [thread 4757] [12.0] [cxt 0] Deparser 'deparser': end
[11:51:26.174] [bmv2] [D] [thread 4761] [11.0] [cxt 0] Transmitting packet of size 98 out of port 0
[11:51:26.174] [bmv2] [D] [thread 4761] [12.0] [cxt 0] Transmitting packet of size 78 out of port 0
[11:51:26.197] [bmv2] [D] [thread 4756] [13.0] [cxt 0] Processing packet received on port 1
[11:51:26.197] [bmv2] [D] [thread 4756] [13.0] [cxt 0] Parser 'parser': start
[11:51:26.198] [bmv2] [D] [thread 4756] [13.0] [cxt 0] Parser 'parser' entering state 'start'
[11:51:26.198] [bmv2] [D] [thread 4756] [13.0] [cxt 0] Extracting header 'ethernet'
[11:51:26.199] [bmv2] [D] [thread 4756] [13.0] [cxt 0] Parser state 'start': key is 86dd
[11:51:26.199] [bmv2] [T] [thread 4756] [13.0] [cxt 0] Bytes parsed: 14
[11:51:26.199] [bmv2] [D] [thread 4756] [13.0] [cxt 0] Parser 'parser': end
[11:51:26.200] [bmv2] [D] [thread 4756] [13.0] [cxt 0] Pipeline 'ingress': start
[11:51:26.200] [bmv2] [T] [thread 4756] [13.0] [cxt 0] basic.p4(167) Condition "hdr.int_pai.isValid()" (node_2) is false
[11:51:26.200] [bmv2] [T] [thread 4756] [13.0] [cxt 0] Applying table 'tbl_basic168'
[11:51:26.200] [bmv2] [D] [thread 4756] [13.0] [cxt 0] Looking up key:

[11:51:26.201] [bmv2] [D] [thread 4756] [13.0] [cxt 0] Table 'tbl_basic168': miss
[11:51:26.201] [bmv2] [D] [thread 4756] [13.0] [cxt 0] Action entry is basic168 - 
[11:51:26.201] [bmv2] [T] [thread 4756] [13.0] [cxt 0] Action basic168
[11:51:26.202] [bmv2] [T] [thread 4756] [13.0] [cxt 0] basic.p4(168) Primitive hdr.int_pai.setValid()
[11:51:26.202] [bmv2] [T] [thread 4756] [13.0] [cxt 0] basic.p4(169) Primitive hdr.int_pai.tamanho_filho = 13
[11:51:26.202] [bmv2] [T] [thread 4756] [13.0] [cxt 0] basic.p4(170) Primitive hdr.int_pai.quantidade_filhos = 0
[11:51:26.202] [bmv2] [T] [thread 4756] [13.0] [cxt 0] basic.p4(175) Condition "hdr.ipv4.isValid()" (node_5) is false
[11:51:26.203] [bmv2] [D] [thread 4756] [13.0] [cxt 0] Pipeline 'ingress': end
[11:51:26.203] [bmv2] [D] [thread 4756] [13.0] [cxt 0] Egress port is 0
[11:51:26.203] [bmv2] [D] [thread 4756] [14.0] [cxt 0] Processing packet received on port 1
[11:51:26.203] [bmv2] [D] [thread 4756] [14.0] [cxt 0] Parser 'parser': start
[11:51:26.203] [bmv2] [D] [thread 4756] [14.0] [cxt 0] Parser 'parser' entering state 'start'
[11:51:26.203] [bmv2] [D] [thread 4756] [14.0] [cxt 0] Extracting header 'ethernet'
[11:51:26.203] [bmv2] [D] [thread 4756] [14.0] [cxt 0] Parser state 'start': key is 86dd
[11:51:26.203] [bmv2] [D] [thread 4757] [13.0] [cxt 0] Pipeline 'egress': start
[11:51:26.203] [bmv2] [D] [thread 4757] [13.0] [cxt 0] Pipeline 'egress': end
[11:51:26.203] [bmv2] [D] [thread 4757] [13.0] [cxt 0] Deparser 'deparser': start
[11:51:26.203] [bmv2] [T] [thread 4757] [13.0] [cxt 0] Skipping checksum 'cksum' update because condition not met
[11:51:26.204] [bmv2] [D] [thread 4757] [13.0] [cxt 0] Deparsing header 'ethernet'
[11:51:26.204] [bmv2] [D] [thread 4757] [13.0] [cxt 0] Deparsing header 'int_pai'
[11:51:26.204] [bmv2] [D] [thread 4757] [13.0] [cxt 0] Deparser 'deparser': end
[11:51:26.203] [bmv2] [T] [thread 4756] [14.0] [cxt 0] Bytes parsed: 14
[11:51:26.204] [bmv2] [D] [thread 4756] [14.0] [cxt 0] Parser 'parser': end
[11:51:26.204] [bmv2] [D] [thread 4756] [14.0] [cxt 0] Pipeline 'ingress': start
[11:51:26.204] [bmv2] [T] [thread 4756] [14.0] [cxt 0] basic.p4(167) Condition "hdr.int_pai.isValid()" (node_2) is false
[11:51:26.204] [bmv2] [T] [thread 4756] [14.0] [cxt 0] Applying table 'tbl_basic168'
[11:51:26.204] [bmv2] [D] [thread 4756] [14.0] [cxt 0] Looking up key:

[11:51:26.204] [bmv2] [D] [thread 4756] [14.0] [cxt 0] Table 'tbl_basic168': miss
[11:51:26.204] [bmv2] [D] [thread 4756] [14.0] [cxt 0] Action entry is basic168 - 
[11:51:26.204] [bmv2] [T] [thread 4756] [14.0] [cxt 0] Action basic168
[11:51:26.204] [bmv2] [T] [thread 4756] [14.0] [cxt 0] basic.p4(168) Primitive hdr.int_pai.setValid()
[11:51:26.204] [bmv2] [T] [thread 4756] [14.0] [cxt 0] basic.p4(169) Primitive hdr.int_pai.tamanho_filho = 13
[11:51:26.204] [bmv2] [T] [thread 4756] [14.0] [cxt 0] basic.p4(170) Primitive hdr.int_pai.quantidade_filhos = 0
[11:51:26.205] [bmv2] [T] [thread 4756] [14.0] [cxt 0] basic.p4(175) Condition "hdr.ipv4.isValid()" (node_5) is false
[11:51:26.205] [bmv2] [D] [thread 4756] [14.0] [cxt 0] Pipeline 'ingress': end
[11:51:26.205] [bmv2] [D] [thread 4756] [14.0] [cxt 0] Egress port is 0
[11:51:26.204] [bmv2] [D] [thread 4761] [13.0] [cxt 0] Transmitting packet of size 98 out of port 0
[11:51:26.205] [bmv2] [D] [thread 4757] [14.0] [cxt 0] Pipeline 'egress': start
[11:51:26.205] [bmv2] [D] [thread 4757] [14.0] [cxt 0] Pipeline 'egress': end
[11:51:26.205] [bmv2] [D] [thread 4757] [14.0] [cxt 0] Deparser 'deparser': start
[11:51:26.205] [bmv2] [T] [thread 4757] [14.0] [cxt 0] Skipping checksum 'cksum' update because condition not met
[11:51:26.205] [bmv2] [D] [thread 4757] [14.0] [cxt 0] Deparsing header 'ethernet'
[11:51:26.205] [bmv2] [D] [thread 4757] [14.0] [cxt 0] Deparsing header 'int_pai'
[11:51:26.205] [bmv2] [D] [thread 4757] [14.0] [cxt 0] Deparser 'deparser': end
[11:51:26.205] [bmv2] [D] [thread 4761] [14.0] [cxt 0] Transmitting packet of size 78 out of port 0
[11:51:26.365] [bmv2] [D] [thread 4756] [15.0] [cxt 0] Processing packet received on port 3
[11:51:26.365] [bmv2] [D] [thread 4756] [15.0] [cxt 0] Parser 'parser': start
[11:51:26.365] [bmv2] [D] [thread 4756] [15.0] [cxt 0] Parser 'parser' entering state 'start'
[11:51:26.365] [bmv2] [D] [thread 4756] [15.0] [cxt 0] Extracting header 'ethernet'
[11:51:26.366] [bmv2] [D] [thread 4756] [15.0] [cxt 0] Parser state 'start': key is 86dd
[11:51:26.366] [bmv2] [T] [thread 4756] [15.0] [cxt 0] Bytes parsed: 14
[11:51:26.366] [bmv2] [D] [thread 4756] [15.0] [cxt 0] Parser 'parser': end
[11:51:26.366] [bmv2] [D] [thread 4756] [15.0] [cxt 0] Pipeline 'ingress': start
[11:51:26.366] [bmv2] [T] [thread 4756] [15.0] [cxt 0] basic.p4(167) Condition "hdr.int_pai.isValid()" (node_2) is false
[11:51:26.366] [bmv2] [T] [thread 4756] [15.0] [cxt 0] Applying table 'tbl_basic168'
[11:51:26.366] [bmv2] [D] [thread 4756] [15.0] [cxt 0] Looking up key:

[11:51:26.366] [bmv2] [D] [thread 4756] [15.0] [cxt 0] Table 'tbl_basic168': miss
[11:51:26.366] [bmv2] [D] [thread 4756] [15.0] [cxt 0] Action entry is basic168 - 
[11:51:26.367] [bmv2] [T] [thread 4756] [15.0] [cxt 0] Action basic168
[11:51:26.367] [bmv2] [T] [thread 4756] [15.0] [cxt 0] basic.p4(168) Primitive hdr.int_pai.setValid()
[11:51:26.367] [bmv2] [T] [thread 4756] [15.0] [cxt 0] basic.p4(169) Primitive hdr.int_pai.tamanho_filho = 13
[11:51:26.367] [bmv2] [T] [thread 4756] [15.0] [cxt 0] basic.p4(170) Primitive hdr.int_pai.quantidade_filhos = 0
[11:51:26.367] [bmv2] [T] [thread 4756] [15.0] [cxt 0] basic.p4(175) Condition "hdr.ipv4.isValid()" (node_5) is false
[11:51:26.367] [bmv2] [D] [thread 4756] [15.0] [cxt 0] Pipeline 'ingress': end
[11:51:26.367] [bmv2] [D] [thread 4756] [15.0] [cxt 0] Egress port is 0
[11:51:26.367] [bmv2] [D] [thread 4756] [16.0] [cxt 0] Processing packet received on port 3
[11:51:26.367] [bmv2] [D] [thread 4757] [15.0] [cxt 0] Pipeline 'egress': start
[11:51:26.367] [bmv2] [D] [thread 4757] [15.0] [cxt 0] Pipeline 'egress': end
[11:51:26.368] [bmv2] [D] [thread 4757] [15.0] [cxt 0] Deparser 'deparser': start
[11:51:26.367] [bmv2] [D] [thread 4756] [16.0] [cxt 0] Parser 'parser': start
[11:51:26.368] [bmv2] [D] [thread 4756] [16.0] [cxt 0] Parser 'parser' entering state 'start'
[11:51:26.368] [bmv2] [D] [thread 4756] [16.0] [cxt 0] Extracting header 'ethernet'
[11:51:26.368] [bmv2] [T] [thread 4757] [15.0] [cxt 0] Skipping checksum 'cksum' update because condition not met
[11:51:26.368] [bmv2] [D] [thread 4757] [15.0] [cxt 0] Deparsing header 'ethernet'
[11:51:26.368] [bmv2] [D] [thread 4757] [15.0] [cxt 0] Deparsing header 'int_pai'
[11:51:26.368] [bmv2] [D] [thread 4757] [15.0] [cxt 0] Deparser 'deparser': end
[11:51:26.368] [bmv2] [D] [thread 4756] [16.0] [cxt 0] Parser state 'start': key is 86dd
[11:51:26.368] [bmv2] [T] [thread 4756] [16.0] [cxt 0] Bytes parsed: 14
[11:51:26.368] [bmv2] [D] [thread 4756] [16.0] [cxt 0] Parser 'parser': end
[11:51:26.369] [bmv2] [D] [thread 4756] [16.0] [cxt 0] Pipeline 'ingress': start
[11:51:26.369] [bmv2] [T] [thread 4756] [16.0] [cxt 0] basic.p4(167) Condition "hdr.int_pai.isValid()" (node_2) is false
[11:51:26.369] [bmv2] [T] [thread 4756] [16.0] [cxt 0] Applying table 'tbl_basic168'
[11:51:26.369] [bmv2] [D] [thread 4756] [16.0] [cxt 0] Looking up key:

[11:51:26.369] [bmv2] [D] [thread 4756] [16.0] [cxt 0] Table 'tbl_basic168': miss
[11:51:26.369] [bmv2] [D] [thread 4756] [16.0] [cxt 0] Action entry is basic168 - 
[11:51:26.369] [bmv2] [T] [thread 4756] [16.0] [cxt 0] Action basic168
[11:51:26.369] [bmv2] [T] [thread 4756] [16.0] [cxt 0] basic.p4(168) Primitive hdr.int_pai.setValid()
[11:51:26.369] [bmv2] [T] [thread 4756] [16.0] [cxt 0] basic.p4(169) Primitive hdr.int_pai.tamanho_filho = 13
[11:51:26.368] [bmv2] [D] [thread 4761] [15.0] [cxt 0] Transmitting packet of size 98 out of port 0
[11:51:26.369] [bmv2] [T] [thread 4756] [16.0] [cxt 0] basic.p4(170) Primitive hdr.int_pai.quantidade_filhos = 0
[11:51:26.369] [bmv2] [T] [thread 4756] [16.0] [cxt 0] basic.p4(175) Condition "hdr.ipv4.isValid()" (node_5) is false
[11:51:26.369] [bmv2] [D] [thread 4756] [16.0] [cxt 0] Pipeline 'ingress': end
[11:51:26.369] [bmv2] [D] [thread 4756] [16.0] [cxt 0] Egress port is 0
[11:51:26.369] [bmv2] [D] [thread 4757] [16.0] [cxt 0] Pipeline 'egress': start
[11:51:26.369] [bmv2] [D] [thread 4757] [16.0] [cxt 0] Pipeline 'egress': end
[11:51:26.369] [bmv2] [D] [thread 4757] [16.0] [cxt 0] Deparser 'deparser': start
[11:51:26.369] [bmv2] [T] [thread 4757] [16.0] [cxt 0] Skipping checksum 'cksum' update because condition not met
[11:51:26.369] [bmv2] [D] [thread 4757] [16.0] [cxt 0] Deparsing header 'ethernet'
[11:51:26.369] [bmv2] [D] [thread 4757] [16.0] [cxt 0] Deparsing header 'int_pai'
[11:51:26.369] [bmv2] [D] [thread 4757] [16.0] [cxt 0] Deparser 'deparser': end
[11:51:26.369] [bmv2] [D] [thread 4761] [16.0] [cxt 0] Transmitting packet of size 78 out of port 0
[11:51:26.392] [bmv2] [D] [thread 4756] [17.0] [cxt 0] Processing packet received on port 2
[11:51:26.392] [bmv2] [D] [thread 4756] [17.0] [cxt 0] Parser 'parser': start
[11:51:26.392] [bmv2] [D] [thread 4756] [17.0] [cxt 0] Parser 'parser' entering state 'start'
[11:51:26.393] [bmv2] [D] [thread 4756] [17.0] [cxt 0] Extracting header 'ethernet'
[11:51:26.393] [bmv2] [D] [thread 4756] [17.0] [cxt 0] Parser state 'start': key is 86dd
[11:51:26.394] [bmv2] [T] [thread 4756] [17.0] [cxt 0] Bytes parsed: 14
[11:51:26.394] [bmv2] [D] [thread 4756] [17.0] [cxt 0] Parser 'parser': end
[11:51:26.394] [bmv2] [D] [thread 4756] [17.0] [cxt 0] Pipeline 'ingress': start
[11:51:26.394] [bmv2] [T] [thread 4756] [17.0] [cxt 0] basic.p4(167) Condition "hdr.int_pai.isValid()" (node_2) is false
[11:51:26.395] [bmv2] [T] [thread 4756] [17.0] [cxt 0] Applying table 'tbl_basic168'
[11:51:26.395] [bmv2] [D] [thread 4756] [17.0] [cxt 0] Looking up key:

[11:51:26.396] [bmv2] [D] [thread 4756] [17.0] [cxt 0] Table 'tbl_basic168': miss
[11:51:26.396] [bmv2] [D] [thread 4756] [17.0] [cxt 0] Action entry is basic168 - 
[11:51:26.396] [bmv2] [T] [thread 4756] [17.0] [cxt 0] Action basic168
[11:51:26.396] [bmv2] [T] [thread 4756] [17.0] [cxt 0] basic.p4(168) Primitive hdr.int_pai.setValid()
[11:51:26.396] [bmv2] [T] [thread 4756] [17.0] [cxt 0] basic.p4(169) Primitive hdr.int_pai.tamanho_filho = 13
[11:51:26.396] [bmv2] [T] [thread 4756] [17.0] [cxt 0] basic.p4(170) Primitive hdr.int_pai.quantidade_filhos = 0
[11:51:26.396] [bmv2] [T] [thread 4756] [17.0] [cxt 0] basic.p4(175) Condition "hdr.ipv4.isValid()" (node_5) is false
[11:51:26.397] [bmv2] [D] [thread 4756] [17.0] [cxt 0] Pipeline 'ingress': end
[11:51:26.397] [bmv2] [D] [thread 4756] [17.0] [cxt 0] Egress port is 0
[11:51:26.397] [bmv2] [D] [thread 4756] [18.0] [cxt 0] Processing packet received on port 2
[11:51:26.397] [bmv2] [D] [thread 4756] [18.0] [cxt 0] Parser 'parser': start
[11:51:26.397] [bmv2] [D] [thread 4756] [18.0] [cxt 0] Parser 'parser' entering state 'start'
[11:51:26.397] [bmv2] [D] [thread 4756] [18.0] [cxt 0] Extracting header 'ethernet'
[11:51:26.397] [bmv2] [D] [thread 4756] [18.0] [cxt 0] Parser state 'start': key is 86dd
[11:51:26.397] [bmv2] [T] [thread 4756] [18.0] [cxt 0] Bytes parsed: 14
[11:51:26.397] [bmv2] [D] [thread 4756] [18.0] [cxt 0] Parser 'parser': end
[11:51:26.397] [bmv2] [D] [thread 4756] [18.0] [cxt 0] Pipeline 'ingress': start
[11:51:26.397] [bmv2] [T] [thread 4756] [18.0] [cxt 0] basic.p4(167) Condition "hdr.int_pai.isValid()" (node_2) is false
[11:51:26.397] [bmv2] [T] [thread 4756] [18.0] [cxt 0] Applying table 'tbl_basic168'
[11:51:26.398] [bmv2] [D] [thread 4756] [18.0] [cxt 0] Looking up key:

[11:51:26.398] [bmv2] [D] [thread 4756] [18.0] [cxt 0] Table 'tbl_basic168': miss
[11:51:26.398] [bmv2] [D] [thread 4756] [18.0] [cxt 0] Action entry is basic168 - 
[11:51:26.398] [bmv2] [T] [thread 4756] [18.0] [cxt 0] Action basic168
[11:51:26.398] [bmv2] [T] [thread 4756] [18.0] [cxt 0] basic.p4(168) Primitive hdr.int_pai.setValid()
[11:51:26.398] [bmv2] [T] [thread 4756] [18.0] [cxt 0] basic.p4(169) Primitive hdr.int_pai.tamanho_filho = 13
[11:51:26.398] [bmv2] [T] [thread 4756] [18.0] [cxt 0] basic.p4(170) Primitive hdr.int_pai.quantidade_filhos = 0
[11:51:26.397] [bmv2] [D] [thread 4757] [17.0] [cxt 0] Pipeline 'egress': start
[11:51:26.398] [bmv2] [D] [thread 4757] [17.0] [cxt 0] Pipeline 'egress': end
[11:51:26.398] [bmv2] [D] [thread 4757] [17.0] [cxt 0] Deparser 'deparser': start
[11:51:26.398] [bmv2] [T] [thread 4757] [17.0] [cxt 0] Skipping checksum 'cksum' update because condition not met
[11:51:26.398] [bmv2] [D] [thread 4757] [17.0] [cxt 0] Deparsing header 'ethernet'
[11:51:26.399] [bmv2] [D] [thread 4757] [17.0] [cxt 0] Deparsing header 'int_pai'
[11:51:26.399] [bmv2] [D] [thread 4757] [17.0] [cxt 0] Deparser 'deparser': end
[11:51:26.398] [bmv2] [T] [thread 4756] [18.0] [cxt 0] basic.p4(175) Condition "hdr.ipv4.isValid()" (node_5) is false
[11:51:26.399] [bmv2] [D] [thread 4756] [18.0] [cxt 0] Pipeline 'ingress': end
[11:51:26.399] [bmv2] [D] [thread 4756] [18.0] [cxt 0] Egress port is 0
[11:51:26.399] [bmv2] [D] [thread 4761] [17.0] [cxt 0] Transmitting packet of size 98 out of port 0
[11:51:26.399] [bmv2] [D] [thread 4757] [18.0] [cxt 0] Pipeline 'egress': start
[11:51:26.399] [bmv2] [D] [thread 4757] [18.0] [cxt 0] Pipeline 'egress': end
[11:51:26.399] [bmv2] [D] [thread 4757] [18.0] [cxt 0] Deparser 'deparser': start
[11:51:26.399] [bmv2] [T] [thread 4757] [18.0] [cxt 0] Skipping checksum 'cksum' update because condition not met
[11:51:26.399] [bmv2] [D] [thread 4757] [18.0] [cxt 0] Deparsing header 'ethernet'
[11:51:26.399] [bmv2] [D] [thread 4757] [18.0] [cxt 0] Deparsing header 'int_pai'
[11:51:26.400] [bmv2] [D] [thread 4757] [18.0] [cxt 0] Deparser 'deparser': end
[11:51:26.400] [bmv2] [D] [thread 4761] [18.0] [cxt 0] Transmitting packet of size 78 out of port 0
[11:51:26.774] [bmv2] [D] [thread 4756] [19.0] [cxt 0] Processing packet received on port 1
[11:51:26.775] [bmv2] [D] [thread 4756] [19.0] [cxt 0] Parser 'parser': start
[11:51:26.776] [bmv2] [D] [thread 4756] [19.0] [cxt 0] Parser 'parser' entering state 'start'
[11:51:26.776] [bmv2] [D] [thread 4756] [19.0] [cxt 0] Extracting header 'ethernet'
[11:51:26.777] [bmv2] [D] [thread 4756] [19.0] [cxt 0] Parser state 'start': key is 86dd
[11:51:26.777] [bmv2] [T] [thread 4756] [19.0] [cxt 0] Bytes parsed: 14
[11:51:26.778] [bmv2] [D] [thread 4756] [19.0] [cxt 0] Parser 'parser': end
[11:51:26.778] [bmv2] [D] [thread 4756] [19.0] [cxt 0] Pipeline 'ingress': start
[11:51:26.779] [bmv2] [T] [thread 4756] [19.0] [cxt 0] basic.p4(167) Condition "hdr.int_pai.isValid()" (node_2) is false
[11:51:26.779] [bmv2] [T] [thread 4756] [19.0] [cxt 0] Applying table 'tbl_basic168'
[11:51:26.780] [bmv2] [D] [thread 4756] [19.0] [cxt 0] Looking up key:

[11:51:26.780] [bmv2] [D] [thread 4756] [19.0] [cxt 0] Table 'tbl_basic168': miss
[11:51:26.780] [bmv2] [D] [thread 4756] [19.0] [cxt 0] Action entry is basic168 - 
[11:51:26.780] [bmv2] [T] [thread 4756] [19.0] [cxt 0] Action basic168
[11:51:26.781] [bmv2] [T] [thread 4756] [19.0] [cxt 0] basic.p4(168) Primitive hdr.int_pai.setValid()
[11:51:26.781] [bmv2] [T] [thread 4756] [19.0] [cxt 0] basic.p4(169) Primitive hdr.int_pai.tamanho_filho = 13
[11:51:26.781] [bmv2] [T] [thread 4756] [19.0] [cxt 0] basic.p4(170) Primitive hdr.int_pai.quantidade_filhos = 0
[11:51:26.781] [bmv2] [T] [thread 4756] [19.0] [cxt 0] basic.p4(175) Condition "hdr.ipv4.isValid()" (node_5) is false
[11:51:26.782] [bmv2] [D] [thread 4756] [19.0] [cxt 0] Pipeline 'ingress': end
[11:51:26.782] [bmv2] [D] [thread 4756] [19.0] [cxt 0] Egress port is 0
[11:51:26.782] [bmv2] [D] [thread 4757] [19.0] [cxt 0] Pipeline 'egress': start
[11:51:26.782] [bmv2] [D] [thread 4757] [19.0] [cxt 0] Pipeline 'egress': end
[11:51:26.782] [bmv2] [D] [thread 4757] [19.0] [cxt 0] Deparser 'deparser': start
[11:51:26.782] [bmv2] [T] [thread 4757] [19.0] [cxt 0] Skipping checksum 'cksum' update because condition not met
[11:51:26.782] [bmv2] [D] [thread 4757] [19.0] [cxt 0] Deparsing header 'ethernet'
[11:51:26.782] [bmv2] [D] [thread 4757] [19.0] [cxt 0] Deparsing header 'int_pai'
[11:51:26.782] [bmv2] [D] [thread 4757] [19.0] [cxt 0] Deparser 'deparser': end
[11:51:26.782] [bmv2] [D] [thread 4761] [19.0] [cxt 0] Transmitting packet of size 98 out of port 0
[11:51:26.882] [bmv2] [D] [thread 4756] [20.0] [cxt 0] Processing packet received on port 2
[11:51:26.882] [bmv2] [D] [thread 4756] [20.0] [cxt 0] Parser 'parser': start
[11:51:26.883] [bmv2] [D] [thread 4756] [20.0] [cxt 0] Parser 'parser' entering state 'start'
[11:51:26.884] [bmv2] [D] [thread 4756] [20.0] [cxt 0] Extracting header 'ethernet'
[11:51:26.884] [bmv2] [D] [thread 4756] [20.0] [cxt 0] Parser state 'start': key is 86dd
[11:51:26.884] [bmv2] [T] [thread 4756] [20.0] [cxt 0] Bytes parsed: 14
[11:51:26.885] [bmv2] [D] [thread 4756] [20.0] [cxt 0] Parser 'parser': end
[11:51:26.885] [bmv2] [D] [thread 4756] [20.0] [cxt 0] Pipeline 'ingress': start
[11:51:26.885] [bmv2] [T] [thread 4756] [20.0] [cxt 0] basic.p4(167) Condition "hdr.int_pai.isValid()" (node_2) is false
[11:51:26.885] [bmv2] [T] [thread 4756] [20.0] [cxt 0] Applying table 'tbl_basic168'
[11:51:26.886] [bmv2] [D] [thread 4756] [20.0] [cxt 0] Looking up key:

[11:51:26.886] [bmv2] [D] [thread 4756] [20.0] [cxt 0] Table 'tbl_basic168': miss
[11:51:26.886] [bmv2] [D] [thread 4756] [20.0] [cxt 0] Action entry is basic168 - 
[11:51:26.887] [bmv2] [T] [thread 4756] [20.0] [cxt 0] Action basic168
[11:51:26.887] [bmv2] [T] [thread 4756] [20.0] [cxt 0] basic.p4(168) Primitive hdr.int_pai.setValid()
[11:51:26.887] [bmv2] [T] [thread 4756] [20.0] [cxt 0] basic.p4(169) Primitive hdr.int_pai.tamanho_filho = 13
[11:51:26.887] [bmv2] [T] [thread 4756] [20.0] [cxt 0] basic.p4(170) Primitive hdr.int_pai.quantidade_filhos = 0
[11:51:26.887] [bmv2] [T] [thread 4756] [20.0] [cxt 0] basic.p4(175) Condition "hdr.ipv4.isValid()" (node_5) is false
[11:51:26.887] [bmv2] [D] [thread 4756] [20.0] [cxt 0] Pipeline 'ingress': end
[11:51:26.887] [bmv2] [D] [thread 4756] [20.0] [cxt 0] Egress port is 0
[11:51:26.888] [bmv2] [D] [thread 4757] [20.0] [cxt 0] Pipeline 'egress': start
[11:51:26.888] [bmv2] [D] [thread 4757] [20.0] [cxt 0] Pipeline 'egress': end
[11:51:26.888] [bmv2] [D] [thread 4757] [20.0] [cxt 0] Deparser 'deparser': start
[11:51:26.888] [bmv2] [T] [thread 4757] [20.0] [cxt 0] Skipping checksum 'cksum' update because condition not met
[11:51:26.888] [bmv2] [D] [thread 4757] [20.0] [cxt 0] Deparsing header 'ethernet'
[11:51:26.888] [bmv2] [D] [thread 4757] [20.0] [cxt 0] Deparsing header 'int_pai'
[11:51:26.888] [bmv2] [D] [thread 4757] [20.0] [cxt 0] Deparser 'deparser': end
[11:51:26.888] [bmv2] [D] [thread 4761] [20.0] [cxt 0] Transmitting packet of size 98 out of port 0
[11:51:26.939] [bmv2] [D] [thread 4756] [21.0] [cxt 0] Processing packet received on port 3
[11:51:26.939] [bmv2] [D] [thread 4756] [21.0] [cxt 0] Parser 'parser': start
[11:51:26.940] [bmv2] [D] [thread 4756] [21.0] [cxt 0] Parser 'parser' entering state 'start'
[11:51:26.940] [bmv2] [D] [thread 4756] [21.0] [cxt 0] Extracting header 'ethernet'
[11:51:26.941] [bmv2] [D] [thread 4756] [21.0] [cxt 0] Parser state 'start': key is 86dd
[11:51:26.941] [bmv2] [T] [thread 4756] [21.0] [cxt 0] Bytes parsed: 14
[11:51:26.942] [bmv2] [D] [thread 4756] [21.0] [cxt 0] Parser 'parser': end
[11:51:26.942] [bmv2] [D] [thread 4756] [21.0] [cxt 0] Pipeline 'ingress': start
[11:51:26.942] [bmv2] [T] [thread 4756] [21.0] [cxt 0] basic.p4(167) Condition "hdr.int_pai.isValid()" (node_2) is false
[11:51:26.942] [bmv2] [T] [thread 4756] [21.0] [cxt 0] Applying table 'tbl_basic168'
[11:51:26.942] [bmv2] [D] [thread 4756] [21.0] [cxt 0] Looking up key:

[11:51:26.942] [bmv2] [D] [thread 4756] [21.0] [cxt 0] Table 'tbl_basic168': miss
[11:51:26.943] [bmv2] [D] [thread 4756] [21.0] [cxt 0] Action entry is basic168 - 
[11:51:26.943] [bmv2] [T] [thread 4756] [21.0] [cxt 0] Action basic168
[11:51:26.943] [bmv2] [T] [thread 4756] [21.0] [cxt 0] basic.p4(168) Primitive hdr.int_pai.setValid()
[11:51:26.943] [bmv2] [T] [thread 4756] [21.0] [cxt 0] basic.p4(169) Primitive hdr.int_pai.tamanho_filho = 13
[11:51:26.943] [bmv2] [T] [thread 4756] [21.0] [cxt 0] basic.p4(170) Primitive hdr.int_pai.quantidade_filhos = 0
[11:51:26.944] [bmv2] [T] [thread 4756] [21.0] [cxt 0] basic.p4(175) Condition "hdr.ipv4.isValid()" (node_5) is false
[11:51:26.944] [bmv2] [D] [thread 4756] [21.0] [cxt 0] Pipeline 'ingress': end
[11:51:26.944] [bmv2] [D] [thread 4756] [21.0] [cxt 0] Egress port is 0
[11:51:26.944] [bmv2] [D] [thread 4757] [21.0] [cxt 0] Pipeline 'egress': start
[11:51:26.944] [bmv2] [D] [thread 4757] [21.0] [cxt 0] Pipeline 'egress': end
[11:51:26.944] [bmv2] [D] [thread 4757] [21.0] [cxt 0] Deparser 'deparser': start
[11:51:26.944] [bmv2] [T] [thread 4757] [21.0] [cxt 0] Skipping checksum 'cksum' update because condition not met
[11:51:26.944] [bmv2] [D] [thread 4757] [21.0] [cxt 0] Deparsing header 'ethernet'
[11:51:26.945] [bmv2] [D] [thread 4757] [21.0] [cxt 0] Deparsing header 'int_pai'
[11:51:26.945] [bmv2] [D] [thread 4757] [21.0] [cxt 0] Deparser 'deparser': end
[11:51:26.945] [bmv2] [D] [thread 4761] [21.0] [cxt 0] Transmitting packet of size 98 out of port 0
[11:51:27.035] [bmv2] [D] [thread 4756] [22.0] [cxt 0] Processing packet received on port 2
[11:51:27.036] [bmv2] [D] [thread 4756] [22.0] [cxt 0] Parser 'parser': start
[11:51:27.036] [bmv2] [D] [thread 4756] [22.0] [cxt 0] Parser 'parser' entering state 'start'
[11:51:27.037] [bmv2] [D] [thread 4756] [22.0] [cxt 0] Extracting header 'ethernet'
[11:51:27.037] [bmv2] [D] [thread 4756] [22.0] [cxt 0] Parser state 'start': key is 86dd
[11:51:27.038] [bmv2] [T] [thread 4756] [22.0] [cxt 0] Bytes parsed: 14
[11:51:27.038] [bmv2] [D] [thread 4756] [22.0] [cxt 0] Parser 'parser': end
[11:51:27.038] [bmv2] [D] [thread 4756] [22.0] [cxt 0] Pipeline 'ingress': start
[11:51:27.039] [bmv2] [T] [thread 4756] [22.0] [cxt 0] basic.p4(167) Condition "hdr.int_pai.isValid()" (node_2) is false
[11:51:27.039] [bmv2] [T] [thread 4756] [22.0] [cxt 0] Applying table 'tbl_basic168'
[11:51:27.039] [bmv2] [D] [thread 4756] [22.0] [cxt 0] Looking up key:

[11:51:27.040] [bmv2] [D] [thread 4756] [22.0] [cxt 0] Table 'tbl_basic168': miss
[11:51:27.040] [bmv2] [D] [thread 4756] [22.0] [cxt 0] Action entry is basic168 - 
[11:51:27.041] [bmv2] [T] [thread 4756] [22.0] [cxt 0] Action basic168
[11:51:27.041] [bmv2] [T] [thread 4756] [22.0] [cxt 0] basic.p4(168) Primitive hdr.int_pai.setValid()
[11:51:27.042] [bmv2] [T] [thread 4756] [22.0] [cxt 0] basic.p4(169) Primitive hdr.int_pai.tamanho_filho = 13
[11:51:27.042] [bmv2] [T] [thread 4756] [22.0] [cxt 0] basic.p4(170) Primitive hdr.int_pai.quantidade_filhos = 0
[11:51:27.042] [bmv2] [T] [thread 4756] [22.0] [cxt 0] basic.p4(175) Condition "hdr.ipv4.isValid()" (node_5) is false
[11:51:27.042] [bmv2] [D] [thread 4756] [22.0] [cxt 0] Pipeline 'ingress': end
[11:51:27.042] [bmv2] [D] [thread 4756] [22.0] [cxt 0] Egress port is 0
[11:51:27.043] [bmv2] [D] [thread 4757] [22.0] [cxt 0] Pipeline 'egress': start
[11:51:27.043] [bmv2] [D] [thread 4757] [22.0] [cxt 0] Pipeline 'egress': end
[11:51:27.043] [bmv2] [D] [thread 4757] [22.0] [cxt 0] Deparser 'deparser': start
[11:51:27.043] [bmv2] [T] [thread 4757] [22.0] [cxt 0] Skipping checksum 'cksum' update because condition not met
[11:51:27.043] [bmv2] [D] [thread 4757] [22.0] [cxt 0] Deparsing header 'ethernet'
[11:51:27.043] [bmv2] [D] [thread 4757] [22.0] [cxt 0] Deparsing header 'int_pai'
[11:51:27.043] [bmv2] [D] [thread 4757] [22.0] [cxt 0] Deparser 'deparser': end
[11:51:27.044] [bmv2] [D] [thread 4761] [22.0] [cxt 0] Transmitting packet of size 98 out of port 0
[11:51:27.105] [bmv2] [W] [thread 4808] [P4Runtime] p4::tmp::P4DeviceConfig is deprecated
[11:51:27.106] [bmv2] [D] [thread 4808] Set default default entry for table 'tbl_add_int_filho': MyIngress.add_int_filho - 
[11:51:27.106] [bmv2] [D] [thread 4808] Set default default entry for table 'tbl_basic168': basic168 - 
[11:51:27.106] [bmv2] [D] [thread 4808] Set default default entry for table 'MyIngress.ipv4_lpm': MyIngress.drop - 
[11:51:27.107] [bmv2] [D] [thread 4808] simple_switch target has been notified of a config swap
[11:51:27.108] [bmv2] [D] [thread 4809] Set default entry for table 'MyIngress.ipv4_lpm': MyIngress.drop - 
[11:51:27.110] [bmv2] [E] [thread 4808] [P4Runtime] Unexpected number of action parameters
