Calling target program-options parser
[23:28:05.811] [bmv2] [D] [thread 3230] Set default default entry for table 'MyIngress.int_pai_existe': NoAction - 
[23:28:05.811] [bmv2] [D] [thread 3230] Set default default entry for table 'MyIngress.int_pai_nao_existe': NoAction - 
[23:28:05.811] [bmv2] [D] [thread 3230] Set default default entry for table 'MyIngress.ipv4_lpm': MyIngress.drop - 
Adding interface s2-eth1 as port 1
[23:28:05.811] [bmv2] [D] [thread 3230] Adding interface s2-eth1 as port 1
Adding interface s2-eth2 as port 2
[23:28:05.849] [bmv2] [D] [thread 3230] Adding interface s2-eth2 as port 2
Adding interface s2-eth3 as port 3
[23:28:05.881] [bmv2] [D] [thread 3230] Adding interface s2-eth3 as port 3
Server listening on 0.0.0.0:50052
[23:28:05.913] [bmv2] [I] [thread 3230] Starting Thrift server on port 9091
[23:28:05.914] [bmv2] [I] [thread 3230] Thrift server was started
[23:28:05.977] [bmv2] [D] [thread 3240] [0.0] [cxt 0] Processing packet received on port 3
[23:28:05.977] [bmv2] [D] [thread 3240] [0.0] [cxt 0] Parser 'parser': start
[23:28:05.978] [bmv2] [D] [thread 3240] [0.0] [cxt 0] Parser 'parser' entering state 'start'
[23:28:05.978] [bmv2] [D] [thread 3240] [0.0] [cxt 0] Extracting header 'ethernet'
[23:28:05.979] [bmv2] [D] [thread 3240] [0.0] [cxt 0] Parser state 'start': key is 86dd
[23:28:05.979] [bmv2] [T] [thread 3240] [0.0] [cxt 0] Bytes parsed: 14
[23:28:05.979] [bmv2] [D] [thread 3240] [0.0] [cxt 0] Parser 'parser': end
[23:28:05.979] [bmv2] [D] [thread 3240] [0.0] [cxt 0] Pipeline 'ingress': start
[23:28:05.980] [bmv2] [T] [thread 3240] [0.0] [cxt 0] basic.p4(178) Condition "hdr.int_pai.isValid()" (node_2) is false
[23:28:05.981] [bmv2] [T] [thread 3240] [0.0] [cxt 0] Applying table 'MyIngress.int_pai_nao_existe'
[23:28:05.981] [bmv2] [D] [thread 3240] [0.0] [cxt 0] Looking up key:
* hdr.int_pai.quantidade_filho: 00000000

[23:28:05.981] [bmv2] [D] [thread 3240] [0.0] [cxt 0] Table 'MyIngress.int_pai_nao_existe': miss
[23:28:05.982] [bmv2] [D] [thread 3240] [0.0] [cxt 0] Action entry is NoAction - 
[23:28:05.982] [bmv2] [T] [thread 3240] [0.0] [cxt 0] Action NoAction
[23:28:05.982] [bmv2] [T] [thread 3240] [0.0] [cxt 0] Applying table 'MyIngress.int_pai_existe'
[23:28:05.982] [bmv2] [D] [thread 3240] [0.0] [cxt 0] Looking up key:
* hdr.int_pai.quantidade_filho: 00000000

[23:28:05.982] [bmv2] [D] [thread 3240] [0.0] [cxt 0] Table 'MyIngress.int_pai_existe': miss
[23:28:05.983] [bmv2] [D] [thread 3240] [0.0] [cxt 0] Action entry is NoAction - 
[23:28:05.983] [bmv2] [T] [thread 3240] [0.0] [cxt 0] Action NoAction
[23:28:05.983] [bmv2] [T] [thread 3240] [0.0] [cxt 0] basic.p4(185) Condition "hdr.ipv4.isValid()" (node_6) is false
[23:28:05.983] [bmv2] [D] [thread 3240] [0.0] [cxt 0] Pipeline 'ingress': end
[23:28:05.983] [bmv2] [D] [thread 3240] [0.0] [cxt 0] Egress port is 0
[23:28:05.983] [bmv2] [D] [thread 3241] [0.0] [cxt 0] Pipeline 'egress': start
[23:28:05.983] [bmv2] [D] [thread 3241] [0.0] [cxt 0] Pipeline 'egress': end
[23:28:05.983] [bmv2] [D] [thread 3241] [0.0] [cxt 0] Deparser 'deparser': start
[23:28:05.983] [bmv2] [T] [thread 3241] [0.0] [cxt 0] Skipping checksum 'cksum' update because condition not met
[23:28:05.984] [bmv2] [D] [thread 3241] [0.0] [cxt 0] Deparsing header 'ethernet'
[23:28:05.984] [bmv2] [D] [thread 3241] [0.0] [cxt 0] Deparser 'deparser': end
[23:28:05.983] [bmv2] [D] [thread 3240] [1.0] [cxt 0] Processing packet received on port 3
[23:28:05.984] [bmv2] [D] [thread 3240] [1.0] [cxt 0] Parser 'parser': start
[23:28:05.984] [bmv2] [D] [thread 3240] [1.0] [cxt 0] Parser 'parser' entering state 'start'
[23:28:05.984] [bmv2] [D] [thread 3240] [1.0] [cxt 0] Extracting header 'ethernet'
[23:28:05.984] [bmv2] [D] [thread 3240] [1.0] [cxt 0] Parser state 'start': key is 86dd
[23:28:05.984] [bmv2] [T] [thread 3240] [1.0] [cxt 0] Bytes parsed: 14
[23:28:05.984] [bmv2] [D] [thread 3240] [1.0] [cxt 0] Parser 'parser': end
[23:28:05.984] [bmv2] [D] [thread 3240] [1.0] [cxt 0] Pipeline 'ingress': start
[23:28:05.984] [bmv2] [T] [thread 3240] [1.0] [cxt 0] basic.p4(178) Condition "hdr.int_pai.isValid()" (node_2) is false
[23:28:05.985] [bmv2] [T] [thread 3240] [1.0] [cxt 0] Applying table 'MyIngress.int_pai_nao_existe'
[23:28:05.985] [bmv2] [D] [thread 3240] [1.0] [cxt 0] Looking up key:
* hdr.int_pai.quantidade_filho: 00000000

[23:28:05.985] [bmv2] [D] [thread 3240] [1.0] [cxt 0] Table 'MyIngress.int_pai_nao_existe': miss
[23:28:05.985] [bmv2] [D] [thread 3240] [1.0] [cxt 0] Action entry is NoAction - 
[23:28:05.985] [bmv2] [T] [thread 3240] [1.0] [cxt 0] Action NoAction
[23:28:05.985] [bmv2] [T] [thread 3240] [1.0] [cxt 0] Applying table 'MyIngress.int_pai_existe'
[23:28:05.985] [bmv2] [D] [thread 3240] [1.0] [cxt 0] Looking up key:
* hdr.int_pai.quantidade_filho: 00000000

[23:28:05.985] [bmv2] [D] [thread 3240] [1.0] [cxt 0] Table 'MyIngress.int_pai_existe': miss
[23:28:05.985] [bmv2] [D] [thread 3240] [1.0] [cxt 0] Action entry is NoAction - 
[23:28:05.985] [bmv2] [T] [thread 3240] [1.0] [cxt 0] Action NoAction
[23:28:05.985] [bmv2] [T] [thread 3240] [1.0] [cxt 0] basic.p4(185) Condition "hdr.ipv4.isValid()" (node_6) is false
[23:28:05.985] [bmv2] [D] [thread 3240] [1.0] [cxt 0] Pipeline 'ingress': end
[23:28:05.985] [bmv2] [D] [thread 3240] [1.0] [cxt 0] Egress port is 0
[23:28:05.985] [bmv2] [D] [thread 3241] [1.0] [cxt 0] Pipeline 'egress': start
[23:28:05.985] [bmv2] [D] [thread 3241] [1.0] [cxt 0] Pipeline 'egress': end
[23:28:05.986] [bmv2] [D] [thread 3241] [1.0] [cxt 0] Deparser 'deparser': start
[23:28:05.986] [bmv2] [T] [thread 3241] [1.0] [cxt 0] Skipping checksum 'cksum' update because condition not met
[23:28:05.986] [bmv2] [D] [thread 3241] [1.0] [cxt 0] Deparsing header 'ethernet'
[23:28:05.986] [bmv2] [D] [thread 3241] [1.0] [cxt 0] Deparser 'deparser': end
[23:28:05.984] [bmv2] [D] [thread 3245] [0.0] [cxt 0] Transmitting packet of size 90 out of port 0
[23:28:05.986] [bmv2] [D] [thread 3245] [1.0] [cxt 0] Transmitting packet of size 90 out of port 0
[23:28:06.011] [bmv2] [D] [thread 3240] [2.0] [cxt 0] Processing packet received on port 3
[23:28:06.012] [bmv2] [D] [thread 3240] [2.0] [cxt 0] Parser 'parser': start
[23:28:06.013] [bmv2] [D] [thread 3240] [2.0] [cxt 0] Parser 'parser' entering state 'start'
[23:28:06.013] [bmv2] [D] [thread 3240] [2.0] [cxt 0] Extracting header 'ethernet'
[23:28:06.014] [bmv2] [D] [thread 3240] [2.0] [cxt 0] Parser state 'start': key is 86dd
[23:28:06.014] [bmv2] [T] [thread 3240] [2.0] [cxt 0] Bytes parsed: 14
[23:28:06.015] [bmv2] [D] [thread 3240] [2.0] [cxt 0] Parser 'parser': end
[23:28:06.015] [bmv2] [D] [thread 3240] [2.0] [cxt 0] Pipeline 'ingress': start
[23:28:06.015] [bmv2] [T] [thread 3240] [2.0] [cxt 0] basic.p4(178) Condition "hdr.int_pai.isValid()" (node_2) is false
[23:28:06.015] [bmv2] [T] [thread 3240] [2.0] [cxt 0] Applying table 'MyIngress.int_pai_nao_existe'
[23:28:06.015] [bmv2] [D] [thread 3240] [2.0] [cxt 0] Looking up key:
* hdr.int_pai.quantidade_filho: 00000000

[23:28:06.016] [bmv2] [D] [thread 3240] [2.0] [cxt 0] Table 'MyIngress.int_pai_nao_existe': miss
[23:28:06.016] [bmv2] [D] [thread 3240] [2.0] [cxt 0] Action entry is NoAction - 
[23:28:06.016] [bmv2] [T] [thread 3240] [2.0] [cxt 0] Action NoAction
[23:28:06.016] [bmv2] [T] [thread 3240] [2.0] [cxt 0] Applying table 'MyIngress.int_pai_existe'
[23:28:06.017] [bmv2] [D] [thread 3240] [2.0] [cxt 0] Looking up key:
* hdr.int_pai.quantidade_filho: 00000000

[23:28:06.017] [bmv2] [D] [thread 3240] [2.0] [cxt 0] Table 'MyIngress.int_pai_existe': miss
[23:28:06.017] [bmv2] [D] [thread 3240] [2.0] [cxt 0] Action entry is NoAction - 
[23:28:06.017] [bmv2] [T] [thread 3240] [2.0] [cxt 0] Action NoAction
[23:28:06.017] [bmv2] [T] [thread 3240] [2.0] [cxt 0] basic.p4(185) Condition "hdr.ipv4.isValid()" (node_6) is false
[23:28:06.017] [bmv2] [D] [thread 3240] [2.0] [cxt 0] Pipeline 'ingress': end
[23:28:06.017] [bmv2] [D] [thread 3240] [2.0] [cxt 0] Egress port is 0
[23:28:06.017] [bmv2] [D] [thread 3241] [2.0] [cxt 0] Pipeline 'egress': start
[23:28:06.017] [bmv2] [D] [thread 3241] [2.0] [cxt 0] Pipeline 'egress': end
[23:28:06.017] [bmv2] [D] [thread 3241] [2.0] [cxt 0] Deparser 'deparser': start
[23:28:06.017] [bmv2] [T] [thread 3241] [2.0] [cxt 0] Skipping checksum 'cksum' update because condition not met
[23:28:06.017] [bmv2] [D] [thread 3241] [2.0] [cxt 0] Deparsing header 'ethernet'
[23:28:06.017] [bmv2] [D] [thread 3241] [2.0] [cxt 0] Deparser 'deparser': end
[23:28:06.018] [bmv2] [D] [thread 3245] [2.0] [cxt 0] Transmitting packet of size 86 out of port 0
[23:28:06.045] [bmv2] [D] [thread 3240] [3.0] [cxt 0] Processing packet received on port 1
[23:28:06.046] [bmv2] [D] [thread 3240] [3.0] [cxt 0] Parser 'parser': start
[23:28:06.046] [bmv2] [D] [thread 3240] [3.0] [cxt 0] Parser 'parser' entering state 'start'
[23:28:06.046] [bmv2] [D] [thread 3240] [3.0] [cxt 0] Extracting header 'ethernet'
[23:28:06.046] [bmv2] [D] [thread 3240] [3.0] [cxt 0] Parser state 'start': key is 86dd
[23:28:06.047] [bmv2] [T] [thread 3240] [3.0] [cxt 0] Bytes parsed: 14
[23:28:06.047] [bmv2] [D] [thread 3240] [3.0] [cxt 0] Parser 'parser': end
[23:28:06.048] [bmv2] [D] [thread 3240] [3.0] [cxt 0] Pipeline 'ingress': start
[23:28:06.048] [bmv2] [T] [thread 3240] [3.0] [cxt 0] basic.p4(178) Condition "hdr.int_pai.isValid()" (node_2) is false
[23:28:06.048] [bmv2] [T] [thread 3240] [3.0] [cxt 0] Applying table 'MyIngress.int_pai_nao_existe'
[23:28:06.048] [bmv2] [D] [thread 3240] [3.0] [cxt 0] Looking up key:
* hdr.int_pai.quantidade_filho: 00000000

[23:28:06.048] [bmv2] [D] [thread 3240] [3.0] [cxt 0] Table 'MyIngress.int_pai_nao_existe': miss
[23:28:06.048] [bmv2] [D] [thread 3240] [3.0] [cxt 0] Action entry is NoAction - 
[23:28:06.048] [bmv2] [T] [thread 3240] [3.0] [cxt 0] Action NoAction
[23:28:06.048] [bmv2] [T] [thread 3240] [3.0] [cxt 0] Applying table 'MyIngress.int_pai_existe'
[23:28:06.048] [bmv2] [D] [thread 3240] [3.0] [cxt 0] Looking up key:
* hdr.int_pai.quantidade_filho: 00000000

[23:28:06.049] [bmv2] [D] [thread 3240] [3.0] [cxt 0] Table 'MyIngress.int_pai_existe': miss
[23:28:06.049] [bmv2] [D] [thread 3240] [3.0] [cxt 0] Action entry is NoAction - 
[23:28:06.049] [bmv2] [T] [thread 3240] [3.0] [cxt 0] Action NoAction
[23:28:06.049] [bmv2] [T] [thread 3240] [3.0] [cxt 0] basic.p4(185) Condition "hdr.ipv4.isValid()" (node_6) is false
[23:28:06.049] [bmv2] [D] [thread 3240] [3.0] [cxt 0] Pipeline 'ingress': end
[23:28:06.049] [bmv2] [D] [thread 3240] [3.0] [cxt 0] Egress port is 0
[23:28:06.049] [bmv2] [D] [thread 3241] [3.0] [cxt 0] Pipeline 'egress': start
[23:28:06.049] [bmv2] [D] [thread 3241] [3.0] [cxt 0] Pipeline 'egress': end
[23:28:06.049] [bmv2] [D] [thread 3241] [3.0] [cxt 0] Deparser 'deparser': start
[23:28:06.049] [bmv2] [T] [thread 3241] [3.0] [cxt 0] Skipping checksum 'cksum' update because condition not met
[23:28:06.049] [bmv2] [D] [thread 3241] [3.0] [cxt 0] Deparsing header 'ethernet'
[23:28:06.049] [bmv2] [D] [thread 3241] [3.0] [cxt 0] Deparser 'deparser': end
[23:28:06.049] [bmv2] [D] [thread 3245] [3.0] [cxt 0] Transmitting packet of size 90 out of port 0
[23:28:06.233] [bmv2] [D] [thread 3240] [4.0] [cxt 0] Processing packet received on port 2
[23:28:06.233] [bmv2] [D] [thread 3240] [4.0] [cxt 0] Parser 'parser': start
[23:28:06.233] [bmv2] [D] [thread 3240] [4.0] [cxt 0] Parser 'parser' entering state 'start'
[23:28:06.234] [bmv2] [D] [thread 3240] [4.0] [cxt 0] Extracting header 'ethernet'
[23:28:06.234] [bmv2] [D] [thread 3240] [4.0] [cxt 0] Parser state 'start': key is 86dd
[23:28:06.234] [bmv2] [T] [thread 3240] [4.0] [cxt 0] Bytes parsed: 14
[23:28:06.234] [bmv2] [D] [thread 3240] [4.0] [cxt 0] Parser 'parser': end
[23:28:06.234] [bmv2] [D] [thread 3240] [4.0] [cxt 0] Pipeline 'ingress': start
[23:28:06.235] [bmv2] [T] [thread 3240] [4.0] [cxt 0] basic.p4(178) Condition "hdr.int_pai.isValid()" (node_2) is false
[23:28:06.235] [bmv2] [T] [thread 3240] [4.0] [cxt 0] Applying table 'MyIngress.int_pai_nao_existe'
[23:28:06.235] [bmv2] [D] [thread 3240] [4.0] [cxt 0] Looking up key:
* hdr.int_pai.quantidade_filho: 00000000

[23:28:06.235] [bmv2] [D] [thread 3240] [4.0] [cxt 0] Table 'MyIngress.int_pai_nao_existe': miss
[23:28:06.235] [bmv2] [D] [thread 3240] [4.0] [cxt 0] Action entry is NoAction - 
[23:28:06.235] [bmv2] [T] [thread 3240] [4.0] [cxt 0] Action NoAction
[23:28:06.235] [bmv2] [T] [thread 3240] [4.0] [cxt 0] Applying table 'MyIngress.int_pai_existe'
[23:28:06.235] [bmv2] [D] [thread 3240] [4.0] [cxt 0] Looking up key:
* hdr.int_pai.quantidade_filho: 00000000

[23:28:06.236] [bmv2] [D] [thread 3240] [4.0] [cxt 0] Table 'MyIngress.int_pai_existe': miss
[23:28:06.236] [bmv2] [D] [thread 3240] [4.0] [cxt 0] Action entry is NoAction - 
[23:28:06.236] [bmv2] [T] [thread 3240] [4.0] [cxt 0] Action NoAction
[23:28:06.236] [bmv2] [T] [thread 3240] [4.0] [cxt 0] basic.p4(185) Condition "hdr.ipv4.isValid()" (node_6) is false
[23:28:06.236] [bmv2] [D] [thread 3240] [4.0] [cxt 0] Pipeline 'ingress': end
[23:28:06.236] [bmv2] [D] [thread 3240] [4.0] [cxt 0] Egress port is 0
[23:28:06.236] [bmv2] [D] [thread 3240] [5.0] [cxt 0] Processing packet received on port 2
[23:28:06.236] [bmv2] [D] [thread 3240] [5.0] [cxt 0] Parser 'parser': start
[23:28:06.236] [bmv2] [D] [thread 3240] [5.0] [cxt 0] Parser 'parser' entering state 'start'
[23:28:06.236] [bmv2] [D] [thread 3240] [5.0] [cxt 0] Extracting header 'ethernet'
[23:28:06.236] [bmv2] [D] [thread 3241] [4.0] [cxt 0] Pipeline 'egress': start
[23:28:06.236] [bmv2] [D] [thread 3240] [5.0] [cxt 0] Parser state 'start': key is 86dd
[23:28:06.236] [bmv2] [T] [thread 3240] [5.0] [cxt 0] Bytes parsed: 14
[23:28:06.236] [bmv2] [D] [thread 3240] [5.0] [cxt 0] Parser 'parser': end
[23:28:06.236] [bmv2] [D] [thread 3240] [5.0] [cxt 0] Pipeline 'ingress': start
[23:28:06.236] [bmv2] [T] [thread 3240] [5.0] [cxt 0] basic.p4(178) Condition "hdr.int_pai.isValid()" (node_2) is false
[23:28:06.236] [bmv2] [T] [thread 3240] [5.0] [cxt 0] Applying table 'MyIngress.int_pai_nao_existe'
[23:28:06.236] [bmv2] [D] [thread 3241] [4.0] [cxt 0] Pipeline 'egress': end
[23:28:06.237] [bmv2] [D] [thread 3240] [5.0] [cxt 0] Looking up key:
* hdr.int_pai.quantidade_filho: 00000000

[23:28:06.237] [bmv2] [D] [thread 3240] [5.0] [cxt 0] Table 'MyIngress.int_pai_nao_existe': miss
[23:28:06.237] [bmv2] [D] [thread 3240] [5.0] [cxt 0] Action entry is NoAction - 
[23:28:06.237] [bmv2] [T] [thread 3240] [5.0] [cxt 0] Action NoAction
[23:28:06.237] [bmv2] [T] [thread 3240] [5.0] [cxt 0] Applying table 'MyIngress.int_pai_existe'
[23:28:06.237] [bmv2] [D] [thread 3240] [5.0] [cxt 0] Looking up key:
* hdr.int_pai.quantidade_filho: 00000000

[23:28:06.237] [bmv2] [D] [thread 3240] [5.0] [cxt 0] Table 'MyIngress.int_pai_existe': miss
[23:28:06.237] [bmv2] [D] [thread 3240] [5.0] [cxt 0] Action entry is NoAction - 
[23:28:06.237] [bmv2] [T] [thread 3240] [5.0] [cxt 0] Action NoAction
[23:28:06.237] [bmv2] [T] [thread 3240] [5.0] [cxt 0] basic.p4(185) Condition "hdr.ipv4.isValid()" (node_6) is false
[23:28:06.237] [bmv2] [D] [thread 3240] [5.0] [cxt 0] Pipeline 'ingress': end
[23:28:06.237] [bmv2] [D] [thread 3240] [5.0] [cxt 0] Egress port is 0
[23:28:06.237] [bmv2] [D] [thread 3241] [4.0] [cxt 0] Deparser 'deparser': start
[23:28:06.238] [bmv2] [T] [thread 3241] [4.0] [cxt 0] Skipping checksum 'cksum' update because condition not met
[23:28:06.238] [bmv2] [D] [thread 3241] [4.0] [cxt 0] Deparsing header 'ethernet'
[23:28:06.238] [bmv2] [D] [thread 3241] [4.0] [cxt 0] Deparser 'deparser': end
[23:28:06.238] [bmv2] [D] [thread 3241] [5.0] [cxt 0] Pipeline 'egress': start
[23:28:06.238] [bmv2] [D] [thread 3241] [5.0] [cxt 0] Pipeline 'egress': end
[23:28:06.238] [bmv2] [D] [thread 3241] [5.0] [cxt 0] Deparser 'deparser': start
[23:28:06.238] [bmv2] [T] [thread 3241] [5.0] [cxt 0] Skipping checksum 'cksum' update because condition not met
[23:28:06.238] [bmv2] [D] [thread 3241] [5.0] [cxt 0] Deparsing header 'ethernet'
[23:28:06.238] [bmv2] [D] [thread 3241] [5.0] [cxt 0] Deparser 'deparser': end
[23:28:06.238] [bmv2] [D] [thread 3245] [4.0] [cxt 0] Transmitting packet of size 90 out of port 0
[23:28:06.238] [bmv2] [D] [thread 3245] [5.0] [cxt 0] Transmitting packet of size 70 out of port 0
[23:28:06.457] [bmv2] [D] [thread 3240] [6.0] [cxt 0] Processing packet received on port 2
[23:28:06.457] [bmv2] [D] [thread 3240] [6.0] [cxt 0] Parser 'parser': start
[23:28:06.458] [bmv2] [D] [thread 3240] [6.0] [cxt 0] Parser 'parser' entering state 'start'
[23:28:06.458] [bmv2] [D] [thread 3240] [6.0] [cxt 0] Extracting header 'ethernet'
[23:28:06.459] [bmv2] [D] [thread 3240] [6.0] [cxt 0] Parser state 'start': key is 86dd
[23:28:06.459] [bmv2] [T] [thread 3240] [6.0] [cxt 0] Bytes parsed: 14
[23:28:06.459] [bmv2] [D] [thread 3240] [6.0] [cxt 0] Parser 'parser': end
[23:28:06.459] [bmv2] [D] [thread 3240] [6.0] [cxt 0] Pipeline 'ingress': start
[23:28:06.460] [bmv2] [T] [thread 3240] [6.0] [cxt 0] basic.p4(178) Condition "hdr.int_pai.isValid()" (node_2) is false
[23:28:06.460] [bmv2] [T] [thread 3240] [6.0] [cxt 0] Applying table 'MyIngress.int_pai_nao_existe'
[23:28:06.460] [bmv2] [D] [thread 3240] [6.0] [cxt 0] Looking up key:
* hdr.int_pai.quantidade_filho: 00000000

[23:28:06.460] [bmv2] [D] [thread 3240] [6.0] [cxt 0] Table 'MyIngress.int_pai_nao_existe': miss
[23:28:06.461] [bmv2] [D] [thread 3240] [6.0] [cxt 0] Action entry is NoAction - 
[23:28:06.461] [bmv2] [T] [thread 3240] [6.0] [cxt 0] Action NoAction
[23:28:06.461] [bmv2] [T] [thread 3240] [6.0] [cxt 0] Applying table 'MyIngress.int_pai_existe'
[23:28:06.462] [bmv2] [D] [thread 3240] [6.0] [cxt 0] Looking up key:
* hdr.int_pai.quantidade_filho: 00000000

[23:28:06.462] [bmv2] [D] [thread 3240] [6.0] [cxt 0] Table 'MyIngress.int_pai_existe': miss
[23:28:06.462] [bmv2] [D] [thread 3240] [6.0] [cxt 0] Action entry is NoAction - 
[23:28:06.462] [bmv2] [T] [thread 3240] [6.0] [cxt 0] Action NoAction
[23:28:06.462] [bmv2] [T] [thread 3240] [6.0] [cxt 0] basic.p4(185) Condition "hdr.ipv4.isValid()" (node_6) is false
[23:28:06.462] [bmv2] [D] [thread 3240] [6.0] [cxt 0] Pipeline 'ingress': end
[23:28:06.462] [bmv2] [D] [thread 3240] [6.0] [cxt 0] Egress port is 0
[23:28:06.462] [bmv2] [D] [thread 3240] [7.0] [cxt 0] Processing packet received on port 2
[23:28:06.462] [bmv2] [D] [thread 3240] [7.0] [cxt 0] Parser 'parser': start
[23:28:06.463] [bmv2] [D] [thread 3240] [7.0] [cxt 0] Parser 'parser' entering state 'start'
[23:28:06.463] [bmv2] [D] [thread 3240] [7.0] [cxt 0] Extracting header 'ethernet'
[23:28:06.463] [bmv2] [D] [thread 3241] [6.0] [cxt 0] Pipeline 'egress': start
[23:28:06.463] [bmv2] [D] [thread 3241] [6.0] [cxt 0] Pipeline 'egress': end
[23:28:06.463] [bmv2] [D] [thread 3241] [6.0] [cxt 0] Deparser 'deparser': start
[23:28:06.463] [bmv2] [T] [thread 3241] [6.0] [cxt 0] Skipping checksum 'cksum' update because condition not met
[23:28:06.463] [bmv2] [D] [thread 3241] [6.0] [cxt 0] Deparsing header 'ethernet'
[23:28:06.463] [bmv2] [D] [thread 3241] [6.0] [cxt 0] Deparser 'deparser': end
[23:28:06.463] [bmv2] [D] [thread 3240] [7.0] [cxt 0] Parser state 'start': key is 86dd
[23:28:06.463] [bmv2] [T] [thread 3240] [7.0] [cxt 0] Bytes parsed: 14
[23:28:06.463] [bmv2] [D] [thread 3240] [7.0] [cxt 0] Parser 'parser': end
[23:28:06.464] [bmv2] [D] [thread 3240] [7.0] [cxt 0] Pipeline 'ingress': start
[23:28:06.464] [bmv2] [T] [thread 3240] [7.0] [cxt 0] basic.p4(178) Condition "hdr.int_pai.isValid()" (node_2) is false
[23:28:06.464] [bmv2] [T] [thread 3240] [7.0] [cxt 0] Applying table 'MyIngress.int_pai_nao_existe'
[23:28:06.464] [bmv2] [D] [thread 3240] [7.0] [cxt 0] Looking up key:
* hdr.int_pai.quantidade_filho: 00000000

[23:28:06.464] [bmv2] [D] [thread 3240] [7.0] [cxt 0] Table 'MyIngress.int_pai_nao_existe': miss
[23:28:06.464] [bmv2] [D] [thread 3240] [7.0] [cxt 0] Action entry is NoAction - 
[23:28:06.464] [bmv2] [T] [thread 3240] [7.0] [cxt 0] Action NoAction
[23:28:06.464] [bmv2] [T] [thread 3240] [7.0] [cxt 0] Applying table 'MyIngress.int_pai_existe'
[23:28:06.464] [bmv2] [D] [thread 3240] [7.0] [cxt 0] Looking up key:
* hdr.int_pai.quantidade_filho: 00000000

[23:28:06.464] [bmv2] [D] [thread 3240] [7.0] [cxt 0] Table 'MyIngress.int_pai_existe': miss
[23:28:06.464] [bmv2] [D] [thread 3240] [7.0] [cxt 0] Action entry is NoAction - 
[23:28:06.464] [bmv2] [T] [thread 3240] [7.0] [cxt 0] Action NoAction
[23:28:06.464] [bmv2] [T] [thread 3240] [7.0] [cxt 0] basic.p4(185) Condition "hdr.ipv4.isValid()" (node_6) is false
[23:28:06.465] [bmv2] [D] [thread 3240] [7.0] [cxt 0] Pipeline 'ingress': end
[23:28:06.465] [bmv2] [D] [thread 3240] [7.0] [cxt 0] Egress port is 0
[23:28:06.465] [bmv2] [D] [thread 3241] [7.0] [cxt 0] Pipeline 'egress': start
[23:28:06.465] [bmv2] [D] [thread 3241] [7.0] [cxt 0] Pipeline 'egress': end
[23:28:06.465] [bmv2] [D] [thread 3241] [7.0] [cxt 0] Deparser 'deparser': start
[23:28:06.465] [bmv2] [T] [thread 3241] [7.0] [cxt 0] Skipping checksum 'cksum' update because condition not met
[23:28:06.465] [bmv2] [D] [thread 3241] [7.0] [cxt 0] Deparsing header 'ethernet'
[23:28:06.465] [bmv2] [D] [thread 3241] [7.0] [cxt 0] Deparser 'deparser': end
[23:28:06.463] [bmv2] [D] [thread 3245] [6.0] [cxt 0] Transmitting packet of size 90 out of port 0
[23:28:06.465] [bmv2] [D] [thread 3245] [7.0] [cxt 0] Transmitting packet of size 70 out of port 0
[23:28:06.556] [bmv2] [D] [thread 3240] [8.0] [cxt 0] Processing packet received on port 1
[23:28:06.556] [bmv2] [D] [thread 3240] [8.0] [cxt 0] Parser 'parser': start
[23:28:06.556] [bmv2] [D] [thread 3240] [8.0] [cxt 0] Parser 'parser' entering state 'start'
[23:28:06.556] [bmv2] [D] [thread 3240] [8.0] [cxt 0] Extracting header 'ethernet'
[23:28:06.557] [bmv2] [D] [thread 3240] [8.0] [cxt 0] Parser state 'start': key is 86dd
[23:28:06.557] [bmv2] [T] [thread 3240] [8.0] [cxt 0] Bytes parsed: 14
[23:28:06.557] [bmv2] [D] [thread 3240] [8.0] [cxt 0] Parser 'parser': end
[23:28:06.558] [bmv2] [D] [thread 3240] [8.0] [cxt 0] Pipeline 'ingress': start
[23:28:06.558] [bmv2] [T] [thread 3240] [8.0] [cxt 0] basic.p4(178) Condition "hdr.int_pai.isValid()" (node_2) is false
[23:28:06.559] [bmv2] [T] [thread 3240] [8.0] [cxt 0] Applying table 'MyIngress.int_pai_nao_existe'
[23:28:06.559] [bmv2] [D] [thread 3240] [8.0] [cxt 0] Looking up key:
* hdr.int_pai.quantidade_filho: 00000000

[23:28:06.559] [bmv2] [D] [thread 3240] [8.0] [cxt 0] Table 'MyIngress.int_pai_nao_existe': miss
[23:28:06.559] [bmv2] [D] [thread 3240] [8.0] [cxt 0] Action entry is NoAction - 
[23:28:06.559] [bmv2] [T] [thread 3240] [8.0] [cxt 0] Action NoAction
[23:28:06.560] [bmv2] [T] [thread 3240] [8.0] [cxt 0] Applying table 'MyIngress.int_pai_existe'
[23:28:06.560] [bmv2] [D] [thread 3240] [8.0] [cxt 0] Looking up key:
* hdr.int_pai.quantidade_filho: 00000000

[23:28:06.560] [bmv2] [D] [thread 3240] [8.0] [cxt 0] Table 'MyIngress.int_pai_existe': miss
[23:28:06.560] [bmv2] [D] [thread 3240] [8.0] [cxt 0] Action entry is NoAction - 
[23:28:06.560] [bmv2] [T] [thread 3240] [8.0] [cxt 0] Action NoAction
[23:28:06.561] [bmv2] [T] [thread 3240] [8.0] [cxt 0] basic.p4(185) Condition "hdr.ipv4.isValid()" (node_6) is false
[23:28:06.561] [bmv2] [D] [thread 3240] [8.0] [cxt 0] Pipeline 'ingress': end
[23:28:06.561] [bmv2] [D] [thread 3240] [8.0] [cxt 0] Egress port is 0
[23:28:06.562] [bmv2] [D] [thread 3240] [9.0] [cxt 0] Processing packet received on port 1
[23:28:06.562] [bmv2] [D] [thread 3240] [9.0] [cxt 0] Parser 'parser': start
[23:28:06.562] [bmv2] [D] [thread 3240] [9.0] [cxt 0] Parser 'parser' entering state 'start'
[23:28:06.562] [bmv2] [D] [thread 3240] [9.0] [cxt 0] Extracting header 'ethernet'
[23:28:06.562] [bmv2] [D] [thread 3240] [9.0] [cxt 0] Parser state 'start': key is 86dd
[23:28:06.562] [bmv2] [T] [thread 3240] [9.0] [cxt 0] Bytes parsed: 14
[23:28:06.562] [bmv2] [D] [thread 3240] [9.0] [cxt 0] Parser 'parser': end
[23:28:06.562] [bmv2] [D] [thread 3240] [9.0] [cxt 0] Pipeline 'ingress': start
[23:28:06.562] [bmv2] [T] [thread 3240] [9.0] [cxt 0] basic.p4(178) Condition "hdr.int_pai.isValid()" (node_2) is false
[23:28:06.562] [bmv2] [T] [thread 3240] [9.0] [cxt 0] Applying table 'MyIngress.int_pai_nao_existe'
[23:28:06.562] [bmv2] [D] [thread 3240] [9.0] [cxt 0] Looking up key:
* hdr.int_pai.quantidade_filho: 00000000

[23:28:06.563] [bmv2] [D] [thread 3240] [9.0] [cxt 0] Table 'MyIngress.int_pai_nao_existe': miss
[23:28:06.563] [bmv2] [D] [thread 3240] [9.0] [cxt 0] Action entry is NoAction - 
[23:28:06.563] [bmv2] [T] [thread 3240] [9.0] [cxt 0] Action NoAction
[23:28:06.563] [bmv2] [T] [thread 3240] [9.0] [cxt 0] Applying table 'MyIngress.int_pai_existe'
[23:28:06.563] [bmv2] [D] [thread 3240] [9.0] [cxt 0] Looking up key:
* hdr.int_pai.quantidade_filho: 00000000

[23:28:06.563] [bmv2] [D] [thread 3240] [9.0] [cxt 0] Table 'MyIngress.int_pai_existe': miss
[23:28:06.563] [bmv2] [D] [thread 3240] [9.0] [cxt 0] Action entry is NoAction - 
[23:28:06.563] [bmv2] [T] [thread 3240] [9.0] [cxt 0] Action NoAction
[23:28:06.563] [bmv2] [T] [thread 3240] [9.0] [cxt 0] basic.p4(185) Condition "hdr.ipv4.isValid()" (node_6) is false
[23:28:06.563] [bmv2] [D] [thread 3240] [9.0] [cxt 0] Pipeline 'ingress': end
[23:28:06.563] [bmv2] [D] [thread 3240] [9.0] [cxt 0] Egress port is 0
[23:28:06.562] [bmv2] [D] [thread 3241] [8.0] [cxt 0] Pipeline 'egress': start
[23:28:06.564] [bmv2] [D] [thread 3241] [8.0] [cxt 0] Pipeline 'egress': end
[23:28:06.564] [bmv2] [D] [thread 3241] [8.0] [cxt 0] Deparser 'deparser': start
[23:28:06.564] [bmv2] [T] [thread 3241] [8.0] [cxt 0] Skipping checksum 'cksum' update because condition not met
[23:28:06.564] [bmv2] [D] [thread 3241] [8.0] [cxt 0] Deparsing header 'ethernet'
[23:28:06.564] [bmv2] [D] [thread 3241] [8.0] [cxt 0] Deparser 'deparser': end
[23:28:06.564] [bmv2] [D] [thread 3241] [9.0] [cxt 0] Pipeline 'egress': start
[23:28:06.564] [bmv2] [D] [thread 3241] [9.0] [cxt 0] Pipeline 'egress': end
[23:28:06.564] [bmv2] [D] [thread 3241] [9.0] [cxt 0] Deparser 'deparser': start
[23:28:06.564] [bmv2] [T] [thread 3241] [9.0] [cxt 0] Skipping checksum 'cksum' update because condition not met
[23:28:06.564] [bmv2] [D] [thread 3241] [9.0] [cxt 0] Deparsing header 'ethernet'
[23:28:06.565] [bmv2] [D] [thread 3241] [9.0] [cxt 0] Deparser 'deparser': end
[23:28:06.564] [bmv2] [D] [thread 3245] [8.0] [cxt 0] Transmitting packet of size 90 out of port 0
[23:28:06.565] [bmv2] [D] [thread 3245] [9.0] [cxt 0] Transmitting packet of size 70 out of port 0
[23:28:06.707] [bmv2] [D] [thread 3240] [10.0] [cxt 0] Processing packet received on port 1
[23:28:06.707] [bmv2] [D] [thread 3240] [10.0] [cxt 0] Parser 'parser': start
[23:28:06.708] [bmv2] [D] [thread 3240] [10.0] [cxt 0] Parser 'parser' entering state 'start'
[23:28:06.708] [bmv2] [D] [thread 3240] [10.0] [cxt 0] Extracting header 'ethernet'
[23:28:06.709] [bmv2] [D] [thread 3240] [10.0] [cxt 0] Parser state 'start': key is 86dd
[23:28:06.709] [bmv2] [T] [thread 3240] [10.0] [cxt 0] Bytes parsed: 14
[23:28:06.709] [bmv2] [D] [thread 3240] [10.0] [cxt 0] Parser 'parser': end
[23:28:06.710] [bmv2] [D] [thread 3240] [10.0] [cxt 0] Pipeline 'ingress': start
[23:28:06.710] [bmv2] [T] [thread 3240] [10.0] [cxt 0] basic.p4(178) Condition "hdr.int_pai.isValid()" (node_2) is false
[23:28:06.710] [bmv2] [T] [thread 3240] [10.0] [cxt 0] Applying table 'MyIngress.int_pai_nao_existe'
[23:28:06.710] [bmv2] [D] [thread 3240] [10.0] [cxt 0] Looking up key:
* hdr.int_pai.quantidade_filho: 00000000

[23:28:06.711] [bmv2] [D] [thread 3240] [10.0] [cxt 0] Table 'MyIngress.int_pai_nao_existe': miss
[23:28:06.711] [bmv2] [D] [thread 3240] [10.0] [cxt 0] Action entry is NoAction - 
[23:28:06.711] [bmv2] [T] [thread 3240] [10.0] [cxt 0] Action NoAction
[23:28:06.711] [bmv2] [T] [thread 3240] [10.0] [cxt 0] Applying table 'MyIngress.int_pai_existe'
[23:28:06.711] [bmv2] [D] [thread 3240] [10.0] [cxt 0] Looking up key:
* hdr.int_pai.quantidade_filho: 00000000

[23:28:06.712] [bmv2] [D] [thread 3240] [10.0] [cxt 0] Table 'MyIngress.int_pai_existe': miss
[23:28:06.712] [bmv2] [D] [thread 3240] [10.0] [cxt 0] Action entry is NoAction - 
[23:28:06.712] [bmv2] [T] [thread 3240] [10.0] [cxt 0] Action NoAction
[23:28:06.712] [bmv2] [T] [thread 3240] [10.0] [cxt 0] basic.p4(185) Condition "hdr.ipv4.isValid()" (node_6) is false
[23:28:06.712] [bmv2] [D] [thread 3240] [10.0] [cxt 0] Pipeline 'ingress': end
[23:28:06.712] [bmv2] [D] [thread 3240] [10.0] [cxt 0] Egress port is 0
[23:28:06.712] [bmv2] [D] [thread 3241] [10.0] [cxt 0] Pipeline 'egress': start
[23:28:06.712] [bmv2] [D] [thread 3241] [10.0] [cxt 0] Pipeline 'egress': end
[23:28:06.712] [bmv2] [D] [thread 3241] [10.0] [cxt 0] Deparser 'deparser': start
[23:28:06.712] [bmv2] [T] [thread 3241] [10.0] [cxt 0] Skipping checksum 'cksum' update because condition not met
[23:28:06.713] [bmv2] [D] [thread 3241] [10.0] [cxt 0] Deparsing header 'ethernet'
[23:28:06.713] [bmv2] [D] [thread 3241] [10.0] [cxt 0] Deparser 'deparser': end
[23:28:06.713] [bmv2] [D] [thread 3245] [10.0] [cxt 0] Transmitting packet of size 90 out of port 0
[23:28:06.898] [bmv2] [D] [thread 3240] [11.0] [cxt 0] Processing packet received on port 3
[23:28:06.898] [bmv2] [D] [thread 3240] [11.0] [cxt 0] Parser 'parser': start
[23:28:06.898] [bmv2] [D] [thread 3240] [11.0] [cxt 0] Parser 'parser' entering state 'start'
[23:28:06.899] [bmv2] [D] [thread 3240] [11.0] [cxt 0] Extracting header 'ethernet'
[23:28:06.899] [bmv2] [D] [thread 3240] [11.0] [cxt 0] Parser state 'start': key is 86dd
[23:28:06.899] [bmv2] [T] [thread 3240] [11.0] [cxt 0] Bytes parsed: 14
[23:28:06.899] [bmv2] [D] [thread 3240] [11.0] [cxt 0] Parser 'parser': end
[23:28:06.899] [bmv2] [D] [thread 3240] [11.0] [cxt 0] Pipeline 'ingress': start
[23:28:06.899] [bmv2] [T] [thread 3240] [11.0] [cxt 0] basic.p4(178) Condition "hdr.int_pai.isValid()" (node_2) is false
[23:28:06.900] [bmv2] [T] [thread 3240] [11.0] [cxt 0] Applying table 'MyIngress.int_pai_nao_existe'
[23:28:06.900] [bmv2] [D] [thread 3240] [11.0] [cxt 0] Looking up key:
* hdr.int_pai.quantidade_filho: 00000000

[23:28:06.900] [bmv2] [D] [thread 3240] [11.0] [cxt 0] Table 'MyIngress.int_pai_nao_existe': miss
[23:28:06.900] [bmv2] [D] [thread 3240] [11.0] [cxt 0] Action entry is NoAction - 
[23:28:06.900] [bmv2] [T] [thread 3240] [11.0] [cxt 0] Action NoAction
[23:28:06.900] [bmv2] [T] [thread 3240] [11.0] [cxt 0] Applying table 'MyIngress.int_pai_existe'
[23:28:06.900] [bmv2] [D] [thread 3240] [11.0] [cxt 0] Looking up key:
* hdr.int_pai.quantidade_filho: 00000000

[23:28:06.900] [bmv2] [D] [thread 3240] [11.0] [cxt 0] Table 'MyIngress.int_pai_existe': miss
[23:28:06.900] [bmv2] [D] [thread 3240] [11.0] [cxt 0] Action entry is NoAction - 
[23:28:06.900] [bmv2] [T] [thread 3240] [11.0] [cxt 0] Action NoAction
[23:28:06.900] [bmv2] [T] [thread 3240] [11.0] [cxt 0] basic.p4(185) Condition "hdr.ipv4.isValid()" (node_6) is false
[23:28:06.900] [bmv2] [D] [thread 3240] [11.0] [cxt 0] Pipeline 'ingress': end
[23:28:06.901] [bmv2] [D] [thread 3240] [11.0] [cxt 0] Egress port is 0
[23:28:06.901] [bmv2] [D] [thread 3240] [12.0] [cxt 0] Processing packet received on port 3
[23:28:06.901] [bmv2] [D] [thread 3240] [12.0] [cxt 0] Parser 'parser': start
[23:28:06.901] [bmv2] [D] [thread 3240] [12.0] [cxt 0] Parser 'parser' entering state 'start'
[23:28:06.901] [bmv2] [D] [thread 3240] [12.0] [cxt 0] Extracting header 'ethernet'
[23:28:06.901] [bmv2] [D] [thread 3240] [12.0] [cxt 0] Parser state 'start': key is 86dd
[23:28:06.901] [bmv2] [T] [thread 3240] [12.0] [cxt 0] Bytes parsed: 14
[23:28:06.901] [bmv2] [D] [thread 3240] [12.0] [cxt 0] Parser 'parser': end
[23:28:06.901] [bmv2] [D] [thread 3240] [12.0] [cxt 0] Pipeline 'ingress': start
[23:28:06.901] [bmv2] [T] [thread 3240] [12.0] [cxt 0] basic.p4(178) Condition "hdr.int_pai.isValid()" (node_2) is false
[23:28:06.901] [bmv2] [T] [thread 3240] [12.0] [cxt 0] Applying table 'MyIngress.int_pai_nao_existe'
[23:28:06.901] [bmv2] [D] [thread 3240] [12.0] [cxt 0] Looking up key:
* hdr.int_pai.quantidade_filho: 00000000

[23:28:06.902] [bmv2] [D] [thread 3240] [12.0] [cxt 0] Table 'MyIngress.int_pai_nao_existe': miss
[23:28:06.902] [bmv2] [D] [thread 3240] [12.0] [cxt 0] Action entry is NoAction - 
[23:28:06.902] [bmv2] [T] [thread 3240] [12.0] [cxt 0] Action NoAction
[23:28:06.902] [bmv2] [T] [thread 3240] [12.0] [cxt 0] Applying table 'MyIngress.int_pai_existe'
[23:28:06.901] [bmv2] [D] [thread 3241] [11.0] [cxt 0] Pipeline 'egress': start
[23:28:06.902] [bmv2] [D] [thread 3240] [12.0] [cxt 0] Looking up key:
* hdr.int_pai.quantidade_filho: 00000000

[23:28:06.902] [bmv2] [D] [thread 3240] [12.0] [cxt 0] Table 'MyIngress.int_pai_existe': miss
[23:28:06.902] [bmv2] [D] [thread 3240] [12.0] [cxt 0] Action entry is NoAction - 
[23:28:06.902] [bmv2] [T] [thread 3240] [12.0] [cxt 0] Action NoAction
[23:28:06.902] [bmv2] [T] [thread 3240] [12.0] [cxt 0] basic.p4(185) Condition "hdr.ipv4.isValid()" (node_6) is false
[23:28:06.902] [bmv2] [D] [thread 3240] [12.0] [cxt 0] Pipeline 'ingress': end
[23:28:06.902] [bmv2] [D] [thread 3240] [12.0] [cxt 0] Egress port is 0
[23:28:06.902] [bmv2] [D] [thread 3241] [11.0] [cxt 0] Pipeline 'egress': end
[23:28:06.902] [bmv2] [D] [thread 3241] [11.0] [cxt 0] Deparser 'deparser': start
[23:28:06.902] [bmv2] [T] [thread 3241] [11.0] [cxt 0] Skipping checksum 'cksum' update because condition not met
[23:28:06.902] [bmv2] [D] [thread 3241] [11.0] [cxt 0] Deparsing header 'ethernet'
[23:28:06.902] [bmv2] [D] [thread 3241] [11.0] [cxt 0] Deparser 'deparser': end
[23:28:06.902] [bmv2] [D] [thread 3241] [12.0] [cxt 0] Pipeline 'egress': start
[23:28:06.903] [bmv2] [D] [thread 3241] [12.0] [cxt 0] Pipeline 'egress': end
[23:28:06.903] [bmv2] [D] [thread 3241] [12.0] [cxt 0] Deparser 'deparser': start
[23:28:06.903] [bmv2] [T] [thread 3241] [12.0] [cxt 0] Skipping checksum 'cksum' update because condition not met
[23:28:06.903] [bmv2] [D] [thread 3241] [12.0] [cxt 0] Deparsing header 'ethernet'
[23:28:06.903] [bmv2] [D] [thread 3241] [12.0] [cxt 0] Deparser 'deparser': end
[23:28:06.903] [bmv2] [D] [thread 3245] [11.0] [cxt 0] Transmitting packet of size 90 out of port 0
[23:28:06.903] [bmv2] [D] [thread 3245] [12.0] [cxt 0] Transmitting packet of size 70 out of port 0
[23:28:07.033] [bmv2] [D] [thread 3240] [13.0] [cxt 0] Processing packet received on port 3
[23:28:07.033] [bmv2] [D] [thread 3240] [13.0] [cxt 0] Parser 'parser': start
[23:28:07.033] [bmv2] [D] [thread 3240] [13.0] [cxt 0] Parser 'parser' entering state 'start'
[23:28:07.034] [bmv2] [D] [thread 3240] [13.0] [cxt 0] Extracting header 'ethernet'
[23:28:07.034] [bmv2] [D] [thread 3240] [13.0] [cxt 0] Parser state 'start': key is 86dd
[23:28:07.034] [bmv2] [T] [thread 3240] [13.0] [cxt 0] Bytes parsed: 14
[23:28:07.035] [bmv2] [D] [thread 3240] [13.0] [cxt 0] Parser 'parser': end
[23:28:07.035] [bmv2] [D] [thread 3240] [13.0] [cxt 0] Pipeline 'ingress': start
[23:28:07.035] [bmv2] [T] [thread 3240] [13.0] [cxt 0] basic.p4(178) Condition "hdr.int_pai.isValid()" (node_2) is false
[23:28:07.035] [bmv2] [T] [thread 3240] [13.0] [cxt 0] Applying table 'MyIngress.int_pai_nao_existe'
[23:28:07.035] [bmv2] [D] [thread 3240] [13.0] [cxt 0] Looking up key:
* hdr.int_pai.quantidade_filho: 00000000

[23:28:07.036] [bmv2] [D] [thread 3240] [13.0] [cxt 0] Table 'MyIngress.int_pai_nao_existe': miss
[23:28:07.036] [bmv2] [D] [thread 3240] [13.0] [cxt 0] Action entry is NoAction - 
[23:28:07.036] [bmv2] [T] [thread 3240] [13.0] [cxt 0] Action NoAction
[23:28:07.036] [bmv2] [T] [thread 3240] [13.0] [cxt 0] Applying table 'MyIngress.int_pai_existe'
[23:28:07.036] [bmv2] [D] [thread 3240] [13.0] [cxt 0] Looking up key:
* hdr.int_pai.quantidade_filho: 00000000

[23:28:07.036] [bmv2] [D] [thread 3240] [13.0] [cxt 0] Table 'MyIngress.int_pai_existe': miss
[23:28:07.036] [bmv2] [D] [thread 3240] [13.0] [cxt 0] Action entry is NoAction - 
[23:28:07.036] [bmv2] [T] [thread 3240] [13.0] [cxt 0] Action NoAction
[23:28:07.036] [bmv2] [T] [thread 3240] [13.0] [cxt 0] basic.p4(185) Condition "hdr.ipv4.isValid()" (node_6) is false
[23:28:07.036] [bmv2] [D] [thread 3240] [13.0] [cxt 0] Pipeline 'ingress': end
[23:28:07.036] [bmv2] [D] [thread 3240] [13.0] [cxt 0] Egress port is 0
[23:28:07.036] [bmv2] [D] [thread 3240] [14.0] [cxt 0] Processing packet received on port 3
[23:28:07.036] [bmv2] [D] [thread 3240] [14.0] [cxt 0] Parser 'parser': start
[23:28:07.037] [bmv2] [D] [thread 3240] [14.0] [cxt 0] Parser 'parser' entering state 'start'
[23:28:07.037] [bmv2] [D] [thread 3240] [14.0] [cxt 0] Extracting header 'ethernet'
[23:28:07.037] [bmv2] [D] [thread 3240] [14.0] [cxt 0] Parser state 'start': key is 86dd
[23:28:07.037] [bmv2] [T] [thread 3240] [14.0] [cxt 0] Bytes parsed: 14
[23:28:07.037] [bmv2] [D] [thread 3240] [14.0] [cxt 0] Parser 'parser': end
[23:28:07.037] [bmv2] [D] [thread 3240] [14.0] [cxt 0] Pipeline 'ingress': start
[23:28:07.037] [bmv2] [T] [thread 3240] [14.0] [cxt 0] basic.p4(178) Condition "hdr.int_pai.isValid()" (node_2) is false
[23:28:07.037] [bmv2] [T] [thread 3240] [14.0] [cxt 0] Applying table 'MyIngress.int_pai_nao_existe'
[23:28:07.036] [bmv2] [D] [thread 3241] [13.0] [cxt 0] Pipeline 'egress': start
[23:28:07.037] [bmv2] [D] [thread 3240] [14.0] [cxt 0] Looking up key:
* hdr.int_pai.quantidade_filho: 00000000

[23:28:07.037] [bmv2] [D] [thread 3240] [14.0] [cxt 0] Table 'MyIngress.int_pai_nao_existe': miss
[23:28:07.037] [bmv2] [D] [thread 3241] [13.0] [cxt 0] Pipeline 'egress': end
[23:28:07.037] [bmv2] [D] [thread 3241] [13.0] [cxt 0] Deparser 'deparser': start
[23:28:07.037] [bmv2] [T] [thread 3241] [13.0] [cxt 0] Skipping checksum 'cksum' update because condition not met
[23:28:07.037] [bmv2] [D] [thread 3241] [13.0] [cxt 0] Deparsing header 'ethernet'
[23:28:07.037] [bmv2] [D] [thread 3241] [13.0] [cxt 0] Deparser 'deparser': end
[23:28:07.037] [bmv2] [D] [thread 3240] [14.0] [cxt 0] Action entry is NoAction - 
[23:28:07.037] [bmv2] [T] [thread 3240] [14.0] [cxt 0] Action NoAction
[23:28:07.038] [bmv2] [T] [thread 3240] [14.0] [cxt 0] Applying table 'MyIngress.int_pai_existe'
[23:28:07.038] [bmv2] [D] [thread 3240] [14.0] [cxt 0] Looking up key:
* hdr.int_pai.quantidade_filho: 00000000

[23:28:07.038] [bmv2] [D] [thread 3240] [14.0] [cxt 0] Table 'MyIngress.int_pai_existe': miss
[23:28:07.038] [bmv2] [D] [thread 3240] [14.0] [cxt 0] Action entry is NoAction - 
[23:28:07.038] [bmv2] [T] [thread 3240] [14.0] [cxt 0] Action NoAction
[23:28:07.038] [bmv2] [T] [thread 3240] [14.0] [cxt 0] basic.p4(185) Condition "hdr.ipv4.isValid()" (node_6) is false
[23:28:07.038] [bmv2] [D] [thread 3240] [14.0] [cxt 0] Pipeline 'ingress': end
[23:28:07.038] [bmv2] [D] [thread 3240] [14.0] [cxt 0] Egress port is 0
[23:28:07.037] [bmv2] [D] [thread 3245] [13.0] [cxt 0] Transmitting packet of size 90 out of port 0
[23:28:07.038] [bmv2] [D] [thread 3241] [14.0] [cxt 0] Pipeline 'egress': start
[23:28:07.038] [bmv2] [D] [thread 3241] [14.0] [cxt 0] Pipeline 'egress': end
[23:28:07.038] [bmv2] [D] [thread 3241] [14.0] [cxt 0] Deparser 'deparser': start
[23:28:07.038] [bmv2] [T] [thread 3241] [14.0] [cxt 0] Skipping checksum 'cksum' update because condition not met
[23:28:07.038] [bmv2] [D] [thread 3241] [14.0] [cxt 0] Deparsing header 'ethernet'
[23:28:07.038] [bmv2] [D] [thread 3241] [14.0] [cxt 0] Deparser 'deparser': end
[23:28:07.038] [bmv2] [D] [thread 3245] [14.0] [cxt 0] Transmitting packet of size 70 out of port 0
[23:28:07.141] [bmv2] [D] [thread 3240] [15.0] [cxt 0] Processing packet received on port 3
[23:28:07.142] [bmv2] [D] [thread 3240] [15.0] [cxt 0] Parser 'parser': start
[23:28:07.142] [bmv2] [D] [thread 3240] [15.0] [cxt 0] Parser 'parser' entering state 'start'
[23:28:07.142] [bmv2] [D] [thread 3240] [15.0] [cxt 0] Extracting header 'ethernet'
[23:28:07.143] [bmv2] [D] [thread 3240] [15.0] [cxt 0] Parser state 'start': key is 86dd
[23:28:07.143] [bmv2] [T] [thread 3240] [15.0] [cxt 0] Bytes parsed: 14
[23:28:07.143] [bmv2] [D] [thread 3240] [15.0] [cxt 0] Parser 'parser': end
[23:28:07.144] [bmv2] [D] [thread 3240] [15.0] [cxt 0] Pipeline 'ingress': start
[23:28:07.144] [bmv2] [T] [thread 3240] [15.0] [cxt 0] basic.p4(178) Condition "hdr.int_pai.isValid()" (node_2) is false
[23:28:07.144] [bmv2] [T] [thread 3240] [15.0] [cxt 0] Applying table 'MyIngress.int_pai_nao_existe'
[23:28:07.144] [bmv2] [D] [thread 3240] [15.0] [cxt 0] Looking up key:
* hdr.int_pai.quantidade_filho: 00000000

[23:28:07.145] [bmv2] [D] [thread 3240] [15.0] [cxt 0] Table 'MyIngress.int_pai_nao_existe': miss
[23:28:07.145] [bmv2] [D] [thread 3240] [15.0] [cxt 0] Action entry is NoAction - 
[23:28:07.145] [bmv2] [T] [thread 3240] [15.0] [cxt 0] Action NoAction
[23:28:07.145] [bmv2] [T] [thread 3240] [15.0] [cxt 0] Applying table 'MyIngress.int_pai_existe'
[23:28:07.145] [bmv2] [D] [thread 3240] [15.0] [cxt 0] Looking up key:
* hdr.int_pai.quantidade_filho: 00000000

[23:28:07.145] [bmv2] [D] [thread 3240] [15.0] [cxt 0] Table 'MyIngress.int_pai_existe': miss
[23:28:07.145] [bmv2] [D] [thread 3240] [15.0] [cxt 0] Action entry is NoAction - 
[23:28:07.145] [bmv2] [T] [thread 3240] [15.0] [cxt 0] Action NoAction
[23:28:07.145] [bmv2] [T] [thread 3240] [15.0] [cxt 0] basic.p4(185) Condition "hdr.ipv4.isValid()" (node_6) is false
[23:28:07.145] [bmv2] [D] [thread 3240] [15.0] [cxt 0] Pipeline 'ingress': end
[23:28:07.145] [bmv2] [D] [thread 3240] [15.0] [cxt 0] Egress port is 0
[23:28:07.146] [bmv2] [D] [thread 3241] [15.0] [cxt 0] Pipeline 'egress': start
[23:28:07.146] [bmv2] [D] [thread 3241] [15.0] [cxt 0] Pipeline 'egress': end
[23:28:07.146] [bmv2] [D] [thread 3241] [15.0] [cxt 0] Deparser 'deparser': start
[23:28:07.146] [bmv2] [T] [thread 3241] [15.0] [cxt 0] Skipping checksum 'cksum' update because condition not met
[23:28:07.146] [bmv2] [D] [thread 3241] [15.0] [cxt 0] Deparsing header 'ethernet'
[23:28:07.146] [bmv2] [D] [thread 3241] [15.0] [cxt 0] Deparser 'deparser': end
[23:28:07.146] [bmv2] [D] [thread 3245] [15.0] [cxt 0] Transmitting packet of size 90 out of port 0
[23:28:07.245] [bmv2] [D] [thread 3240] [16.0] [cxt 0] Processing packet received on port 2
[23:28:07.246] [bmv2] [D] [thread 3240] [16.0] [cxt 0] Parser 'parser': start
[23:28:07.246] [bmv2] [D] [thread 3240] [16.0] [cxt 0] Parser 'parser' entering state 'start'
[23:28:07.246] [bmv2] [D] [thread 3240] [16.0] [cxt 0] Extracting header 'ethernet'
[23:28:07.247] [bmv2] [D] [thread 3240] [16.0] [cxt 0] Parser state 'start': key is 86dd
[23:28:07.247] [bmv2] [T] [thread 3240] [16.0] [cxt 0] Bytes parsed: 14
[23:28:07.247] [bmv2] [D] [thread 3240] [16.0] [cxt 0] Parser 'parser': end
[23:28:07.247] [bmv2] [D] [thread 3240] [16.0] [cxt 0] Pipeline 'ingress': start
[23:28:07.247] [bmv2] [T] [thread 3240] [16.0] [cxt 0] basic.p4(178) Condition "hdr.int_pai.isValid()" (node_2) is false
[23:28:07.247] [bmv2] [T] [thread 3240] [16.0] [cxt 0] Applying table 'MyIngress.int_pai_nao_existe'
[23:28:07.248] [bmv2] [D] [thread 3240] [16.0] [cxt 0] Looking up key:
* hdr.int_pai.quantidade_filho: 00000000

[23:28:07.248] [bmv2] [D] [thread 3240] [16.0] [cxt 0] Table 'MyIngress.int_pai_nao_existe': miss
[23:28:07.248] [bmv2] [D] [thread 3240] [16.0] [cxt 0] Action entry is NoAction - 
[23:28:07.248] [bmv2] [T] [thread 3240] [16.0] [cxt 0] Action NoAction
[23:28:07.248] [bmv2] [T] [thread 3240] [16.0] [cxt 0] Applying table 'MyIngress.int_pai_existe'
[23:28:07.249] [bmv2] [D] [thread 3240] [16.0] [cxt 0] Looking up key:
* hdr.int_pai.quantidade_filho: 00000000

[23:28:07.249] [bmv2] [D] [thread 3240] [16.0] [cxt 0] Table 'MyIngress.int_pai_existe': miss
[23:28:07.249] [bmv2] [D] [thread 3240] [16.0] [cxt 0] Action entry is NoAction - 
[23:28:07.249] [bmv2] [T] [thread 3240] [16.0] [cxt 0] Action NoAction
[23:28:07.249] [bmv2] [T] [thread 3240] [16.0] [cxt 0] basic.p4(185) Condition "hdr.ipv4.isValid()" (node_6) is false
[23:28:07.249] [bmv2] [D] [thread 3240] [16.0] [cxt 0] Pipeline 'ingress': end
[23:28:07.249] [bmv2] [D] [thread 3240] [16.0] [cxt 0] Egress port is 0
[23:28:07.250] [bmv2] [D] [thread 3241] [16.0] [cxt 0] Pipeline 'egress': start
[23:28:07.250] [bmv2] [D] [thread 3241] [16.0] [cxt 0] Pipeline 'egress': end
[23:28:07.250] [bmv2] [D] [thread 3241] [16.0] [cxt 0] Deparser 'deparser': start
[23:28:07.250] [bmv2] [T] [thread 3241] [16.0] [cxt 0] Skipping checksum 'cksum' update because condition not met
[23:28:07.250] [bmv2] [D] [thread 3241] [16.0] [cxt 0] Deparsing header 'ethernet'
[23:28:07.250] [bmv2] [D] [thread 3241] [16.0] [cxt 0] Deparser 'deparser': end
[23:28:07.250] [bmv2] [D] [thread 3245] [16.0] [cxt 0] Transmitting packet of size 90 out of port 0
[23:28:07.289] [bmv2] [D] [thread 3240] [17.0] [cxt 0] Processing packet received on port 2
[23:28:07.289] [bmv2] [D] [thread 3240] [17.0] [cxt 0] Parser 'parser': start
[23:28:07.290] [bmv2] [D] [thread 3240] [17.0] [cxt 0] Parser 'parser' entering state 'start'
[23:28:07.290] [bmv2] [D] [thread 3240] [17.0] [cxt 0] Extracting header 'ethernet'
[23:28:07.290] [bmv2] [D] [thread 3240] [17.0] [cxt 0] Parser state 'start': key is 86dd
[23:28:07.291] [bmv2] [T] [thread 3240] [17.0] [cxt 0] Bytes parsed: 14
[23:28:07.291] [bmv2] [D] [thread 3240] [17.0] [cxt 0] Parser 'parser': end
[23:28:07.291] [bmv2] [D] [thread 3240] [17.0] [cxt 0] Pipeline 'ingress': start
[23:28:07.291] [bmv2] [T] [thread 3240] [17.0] [cxt 0] basic.p4(178) Condition "hdr.int_pai.isValid()" (node_2) is false
[23:28:07.291] [bmv2] [T] [thread 3240] [17.0] [cxt 0] Applying table 'MyIngress.int_pai_nao_existe'
[23:28:07.291] [bmv2] [D] [thread 3240] [17.0] [cxt 0] Looking up key:
* hdr.int_pai.quantidade_filho: 00000000

[23:28:07.291] [bmv2] [D] [thread 3240] [17.0] [cxt 0] Table 'MyIngress.int_pai_nao_existe': miss
[23:28:07.291] [bmv2] [D] [thread 3240] [17.0] [cxt 0] Action entry is NoAction - 
[23:28:07.292] [bmv2] [T] [thread 3240] [17.0] [cxt 0] Action NoAction
[23:28:07.292] [bmv2] [T] [thread 3240] [17.0] [cxt 0] Applying table 'MyIngress.int_pai_existe'
[23:28:07.292] [bmv2] [D] [thread 3240] [17.0] [cxt 0] Looking up key:
* hdr.int_pai.quantidade_filho: 00000000

[23:28:07.292] [bmv2] [D] [thread 3240] [17.0] [cxt 0] Table 'MyIngress.int_pai_existe': miss
[23:28:07.292] [bmv2] [D] [thread 3240] [17.0] [cxt 0] Action entry is NoAction - 
[23:28:07.292] [bmv2] [T] [thread 3240] [17.0] [cxt 0] Action NoAction
[23:28:07.292] [bmv2] [T] [thread 3240] [17.0] [cxt 0] basic.p4(185) Condition "hdr.ipv4.isValid()" (node_6) is false
[23:28:07.292] [bmv2] [D] [thread 3240] [17.0] [cxt 0] Pipeline 'ingress': end
[23:28:07.292] [bmv2] [D] [thread 3240] [17.0] [cxt 0] Egress port is 0
[23:28:07.292] [bmv2] [D] [thread 3241] [17.0] [cxt 0] Pipeline 'egress': start
[23:28:07.292] [bmv2] [D] [thread 3241] [17.0] [cxt 0] Pipeline 'egress': end
[23:28:07.292] [bmv2] [D] [thread 3241] [17.0] [cxt 0] Deparser 'deparser': start
[23:28:07.292] [bmv2] [T] [thread 3241] [17.0] [cxt 0] Skipping checksum 'cksum' update because condition not met
[23:28:07.292] [bmv2] [D] [thread 3241] [17.0] [cxt 0] Deparsing header 'ethernet'
[23:28:07.293] [bmv2] [D] [thread 3241] [17.0] [cxt 0] Deparser 'deparser': end
[23:28:07.293] [bmv2] [D] [thread 3245] [17.0] [cxt 0] Transmitting packet of size 90 out of port 0
[23:28:07.512] [bmv2] [D] [thread 3240] [18.0] [cxt 0] Processing packet received on port 3
[23:28:07.512] [bmv2] [D] [thread 3240] [18.0] [cxt 0] Parser 'parser': start
[23:28:07.513] [bmv2] [D] [thread 3240] [18.0] [cxt 0] Parser 'parser' entering state 'start'
[23:28:07.513] [bmv2] [D] [thread 3240] [18.0] [cxt 0] Extracting header 'ethernet'
[23:28:07.514] [bmv2] [D] [thread 3240] [18.0] [cxt 0] Parser state 'start': key is 86dd
[23:28:07.514] [bmv2] [T] [thread 3240] [18.0] [cxt 0] Bytes parsed: 14
[23:28:07.515] [bmv2] [D] [thread 3240] [18.0] [cxt 0] Parser 'parser': end
[23:28:07.515] [bmv2] [D] [thread 3240] [18.0] [cxt 0] Pipeline 'ingress': start
[23:28:07.515] [bmv2] [T] [thread 3240] [18.0] [cxt 0] basic.p4(178) Condition "hdr.int_pai.isValid()" (node_2) is false
[23:28:07.515] [bmv2] [T] [thread 3240] [18.0] [cxt 0] Applying table 'MyIngress.int_pai_nao_existe'
[23:28:07.515] [bmv2] [D] [thread 3240] [18.0] [cxt 0] Looking up key:
* hdr.int_pai.quantidade_filho: 00000000

[23:28:07.516] [bmv2] [D] [thread 3240] [18.0] [cxt 0] Table 'MyIngress.int_pai_nao_existe': miss
[23:28:07.516] [bmv2] [D] [thread 3240] [18.0] [cxt 0] Action entry is NoAction - 
[23:28:07.516] [bmv2] [T] [thread 3240] [18.0] [cxt 0] Action NoAction
[23:28:07.516] [bmv2] [T] [thread 3240] [18.0] [cxt 0] Applying table 'MyIngress.int_pai_existe'
[23:28:07.516] [bmv2] [D] [thread 3240] [18.0] [cxt 0] Looking up key:
* hdr.int_pai.quantidade_filho: 00000000

[23:28:07.516] [bmv2] [D] [thread 3240] [18.0] [cxt 0] Table 'MyIngress.int_pai_existe': miss
[23:28:07.516] [bmv2] [D] [thread 3240] [18.0] [cxt 0] Action entry is NoAction - 
[23:28:07.516] [bmv2] [T] [thread 3240] [18.0] [cxt 0] Action NoAction
[23:28:07.516] [bmv2] [T] [thread 3240] [18.0] [cxt 0] basic.p4(185) Condition "hdr.ipv4.isValid()" (node_6) is false
[23:28:07.517] [bmv2] [D] [thread 3240] [18.0] [cxt 0] Pipeline 'ingress': end
[23:28:07.517] [bmv2] [D] [thread 3240] [18.0] [cxt 0] Egress port is 0
[23:28:07.517] [bmv2] [D] [thread 3241] [18.0] [cxt 0] Pipeline 'egress': start
[23:28:07.517] [bmv2] [D] [thread 3241] [18.0] [cxt 0] Pipeline 'egress': end
[23:28:07.517] [bmv2] [D] [thread 3241] [18.0] [cxt 0] Deparser 'deparser': start
[23:28:07.517] [bmv2] [T] [thread 3241] [18.0] [cxt 0] Skipping checksum 'cksum' update because condition not met
[23:28:07.517] [bmv2] [D] [thread 3241] [18.0] [cxt 0] Deparsing header 'ethernet'
[23:28:07.517] [bmv2] [D] [thread 3241] [18.0] [cxt 0] Deparser 'deparser': end
[23:28:07.518] [bmv2] [D] [thread 3245] [18.0] [cxt 0] Transmitting packet of size 90 out of port 0
[23:28:07.915] [bmv2] [W] [thread 3283] [P4Runtime] p4::tmp::P4DeviceConfig is deprecated
[23:28:07.916] [bmv2] [D] [thread 3283] Set default default entry for table 'MyIngress.int_pai_existe': NoAction - 
[23:28:07.916] [bmv2] [D] [thread 3283] Set default default entry for table 'MyIngress.int_pai_nao_existe': NoAction - 
[23:28:07.916] [bmv2] [D] [thread 3283] Set default default entry for table 'MyIngress.ipv4_lpm': MyIngress.drop - 
[23:28:07.916] [bmv2] [D] [thread 3283] simple_switch target has been notified of a config swap
[23:28:07.917] [bmv2] [D] [thread 3284] Set default entry for table 'MyIngress.ipv4_lpm': MyIngress.drop - 
[23:28:07.918] [bmv2] [D] [thread 3283] Entry 0 added to table 'MyIngress.ipv4_lpm'
[23:28:07.918] [bmv2] [D] [thread 3283] Dumping entry 0
Match key:
* hdr.ipv4.dstAddr    : LPM       0a000101/32
Action entry: MyIngress.ipv4_forward - 80000000100,2,

[23:28:07.919] [bmv2] [D] [thread 3284] Entry 1 added to table 'MyIngress.ipv4_lpm'
[23:28:07.919] [bmv2] [D] [thread 3284] Dumping entry 1
Match key:
* hdr.ipv4.dstAddr    : LPM       0a000202/32
Action entry: MyIngress.ipv4_forward - 80000000222,1,

[23:28:07.919] [bmv2] [D] [thread 3283] Entry 2 added to table 'MyIngress.ipv4_lpm'
[23:28:07.919] [bmv2] [D] [thread 3283] Dumping entry 2
Match key:
* hdr.ipv4.dstAddr    : LPM       0a000303/32
Action entry: MyIngress.ipv4_forward - 80000000300,3,

[23:28:10.368] [bmv2] [D] [thread 3240] [19.0] [cxt 0] Processing packet received on port 2
[23:28:10.369] [bmv2] [D] [thread 3240] [19.0] [cxt 0] Parser 'parser': start
[23:28:10.369] [bmv2] [D] [thread 3240] [19.0] [cxt 0] Parser 'parser' entering state 'start'
[23:28:10.370] [bmv2] [D] [thread 3240] [19.0] [cxt 0] Extracting header 'ethernet'
[23:28:10.370] [bmv2] [D] [thread 3240] [19.0] [cxt 0] Parser state 'start': key is 86dd
[23:28:10.370] [bmv2] [T] [thread 3240] [19.0] [cxt 0] Bytes parsed: 14
[23:28:10.370] [bmv2] [D] [thread 3240] [19.0] [cxt 0] Parser 'parser': end
[23:28:10.370] [bmv2] [D] [thread 3240] [19.0] [cxt 0] Pipeline 'ingress': start
[23:28:10.370] [bmv2] [T] [thread 3240] [19.0] [cxt 0] basic.p4(178) Condition "hdr.int_pai.isValid()" (node_2) is false
[23:28:10.370] [bmv2] [T] [thread 3240] [19.0] [cxt 0] Applying table 'MyIngress.int_pai_nao_existe'
[23:28:10.370] [bmv2] [D] [thread 3240] [19.0] [cxt 0] Looking up key:
* hdr.int_pai.quantidade_filho: 00000000

[23:28:10.370] [bmv2] [D] [thread 3240] [19.0] [cxt 0] Table 'MyIngress.int_pai_nao_existe': miss
[23:28:10.371] [bmv2] [D] [thread 3240] [19.0] [cxt 0] Action entry is NoAction - 
[23:28:10.371] [bmv2] [T] [thread 3240] [19.0] [cxt 0] Action NoAction
[23:28:10.371] [bmv2] [T] [thread 3240] [19.0] [cxt 0] Applying table 'MyIngress.int_pai_existe'
[23:28:10.371] [bmv2] [D] [thread 3240] [19.0] [cxt 0] Looking up key:
* hdr.int_pai.quantidade_filho: 00000000

[23:28:10.371] [bmv2] [D] [thread 3240] [19.0] [cxt 0] Table 'MyIngress.int_pai_existe': miss
[23:28:10.371] [bmv2] [D] [thread 3240] [19.0] [cxt 0] Action entry is NoAction - 
[23:28:10.371] [bmv2] [T] [thread 3240] [19.0] [cxt 0] Action NoAction
[23:28:10.371] [bmv2] [T] [thread 3240] [19.0] [cxt 0] basic.p4(185) Condition "hdr.ipv4.isValid()" (node_6) is false
[23:28:10.371] [bmv2] [D] [thread 3240] [19.0] [cxt 0] Pipeline 'ingress': end
[23:28:10.372] [bmv2] [D] [thread 3240] [19.0] [cxt 0] Egress port is 0
[23:28:10.372] [bmv2] [D] [thread 3241] [19.0] [cxt 0] Pipeline 'egress': start
[23:28:10.372] [bmv2] [D] [thread 3241] [19.0] [cxt 0] Pipeline 'egress': end
[23:28:10.372] [bmv2] [D] [thread 3241] [19.0] [cxt 0] Deparser 'deparser': start
[23:28:10.372] [bmv2] [T] [thread 3241] [19.0] [cxt 0] Skipping checksum 'cksum' update because condition not met
[23:28:10.373] [bmv2] [D] [thread 3241] [19.0] [cxt 0] Deparsing header 'ethernet'
[23:28:10.373] [bmv2] [D] [thread 3241] [19.0] [cxt 0] Deparser 'deparser': end
[23:28:10.373] [bmv2] [D] [thread 3245] [19.0] [cxt 0] Transmitting packet of size 70 out of port 0
[23:28:10.617] [bmv2] [D] [thread 3240] [20.0] [cxt 0] Processing packet received on port 2
[23:28:10.617] [bmv2] [D] [thread 3240] [20.0] [cxt 0] Parser 'parser': start
[23:28:10.617] [bmv2] [D] [thread 3240] [20.0] [cxt 0] Parser 'parser' entering state 'start'
[23:28:10.617] [bmv2] [D] [thread 3240] [20.0] [cxt 0] Extracting header 'ethernet'
[23:28:10.617] [bmv2] [D] [thread 3240] [20.0] [cxt 0] Parser state 'start': key is 86dd
[23:28:10.617] [bmv2] [T] [thread 3240] [20.0] [cxt 0] Bytes parsed: 14
[23:28:10.618] [bmv2] [D] [thread 3240] [20.0] [cxt 0] Parser 'parser': end
[23:28:10.618] [bmv2] [D] [thread 3240] [20.0] [cxt 0] Pipeline 'ingress': start
[23:28:10.618] [bmv2] [T] [thread 3240] [20.0] [cxt 0] basic.p4(178) Condition "hdr.int_pai.isValid()" (node_2) is false
[23:28:10.618] [bmv2] [T] [thread 3240] [20.0] [cxt 0] Applying table 'MyIngress.int_pai_nao_existe'
[23:28:10.618] [bmv2] [D] [thread 3240] [20.0] [cxt 0] Looking up key:
* hdr.int_pai.quantidade_filho: 00000000

[23:28:10.618] [bmv2] [D] [thread 3240] [20.0] [cxt 0] Table 'MyIngress.int_pai_nao_existe': miss
[23:28:10.618] [bmv2] [D] [thread 3240] [20.0] [cxt 0] Action entry is NoAction - 
[23:28:10.618] [bmv2] [T] [thread 3240] [20.0] [cxt 0] Action NoAction
[23:28:10.619] [bmv2] [T] [thread 3240] [20.0] [cxt 0] Applying table 'MyIngress.int_pai_existe'
[23:28:10.619] [bmv2] [D] [thread 3240] [20.0] [cxt 0] Looking up key:
* hdr.int_pai.quantidade_filho: 00000000

[23:28:10.619] [bmv2] [D] [thread 3240] [20.0] [cxt 0] Table 'MyIngress.int_pai_existe': miss
[23:28:10.619] [bmv2] [D] [thread 3240] [20.0] [cxt 0] Action entry is NoAction - 
[23:28:10.619] [bmv2] [T] [thread 3240] [20.0] [cxt 0] Action NoAction
[23:28:10.619] [bmv2] [T] [thread 3240] [20.0] [cxt 0] basic.p4(185) Condition "hdr.ipv4.isValid()" (node_6) is false
[23:28:10.619] [bmv2] [D] [thread 3240] [20.0] [cxt 0] Pipeline 'ingress': end
[23:28:10.619] [bmv2] [D] [thread 3240] [20.0] [cxt 0] Egress port is 0
[23:28:10.619] [bmv2] [D] [thread 3241] [20.0] [cxt 0] Pipeline 'egress': start
[23:28:10.619] [bmv2] [D] [thread 3241] [20.0] [cxt 0] Pipeline 'egress': end
[23:28:10.620] [bmv2] [D] [thread 3241] [20.0] [cxt 0] Deparser 'deparser': start
[23:28:10.620] [bmv2] [T] [thread 3241] [20.0] [cxt 0] Skipping checksum 'cksum' update because condition not met
[23:28:10.620] [bmv2] [D] [thread 3241] [20.0] [cxt 0] Deparsing header 'ethernet'
[23:28:10.620] [bmv2] [D] [thread 3241] [20.0] [cxt 0] Deparser 'deparser': end
[23:28:10.620] [bmv2] [D] [thread 3245] [20.0] [cxt 0] Transmitting packet of size 70 out of port 0
[23:28:10.871] [bmv2] [D] [thread 3240] [21.0] [cxt 0] Processing packet received on port 1
[23:28:10.874] [bmv2] [D] [thread 3240] [21.0] [cxt 0] Parser 'parser': start
[23:28:10.875] [bmv2] [D] [thread 3240] [21.0] [cxt 0] Parser 'parser' entering state 'start'
[23:28:10.875] [bmv2] [D] [thread 3240] [21.0] [cxt 0] Extracting header 'ethernet'
[23:28:10.875] [bmv2] [D] [thread 3240] [21.0] [cxt 0] Parser state 'start': key is 86dd
[23:28:10.875] [bmv2] [T] [thread 3240] [21.0] [cxt 0] Bytes parsed: 14
[23:28:10.876] [bmv2] [D] [thread 3240] [21.0] [cxt 0] Parser 'parser': end
[23:28:10.876] [bmv2] [D] [thread 3240] [21.0] [cxt 0] Pipeline 'ingress': start
[23:28:10.876] [bmv2] [T] [thread 3240] [21.0] [cxt 0] basic.p4(178) Condition "hdr.int_pai.isValid()" (node_2) is false
[23:28:10.876] [bmv2] [T] [thread 3240] [21.0] [cxt 0] Applying table 'MyIngress.int_pai_nao_existe'
[23:28:10.876] [bmv2] [D] [thread 3240] [21.0] [cxt 0] Looking up key:
* hdr.int_pai.quantidade_filho: 00000000

[23:28:10.877] [bmv2] [D] [thread 3240] [21.0] [cxt 0] Table 'MyIngress.int_pai_nao_existe': miss
[23:28:10.877] [bmv2] [D] [thread 3240] [21.0] [cxt 0] Action entry is NoAction - 
[23:28:10.877] [bmv2] [T] [thread 3240] [21.0] [cxt 0] Action NoAction
[23:28:10.877] [bmv2] [T] [thread 3240] [21.0] [cxt 0] Applying table 'MyIngress.int_pai_existe'
[23:28:10.877] [bmv2] [D] [thread 3240] [21.0] [cxt 0] Looking up key:
* hdr.int_pai.quantidade_filho: 00000000

[23:28:10.877] [bmv2] [D] [thread 3240] [21.0] [cxt 0] Table 'MyIngress.int_pai_existe': miss
[23:28:10.878] [bmv2] [D] [thread 3240] [21.0] [cxt 0] Action entry is NoAction - 
[23:28:10.878] [bmv2] [T] [thread 3240] [21.0] [cxt 0] Action NoAction
[23:28:10.878] [bmv2] [T] [thread 3240] [21.0] [cxt 0] basic.p4(185) Condition "hdr.ipv4.isValid()" (node_6) is false
[23:28:10.878] [bmv2] [D] [thread 3240] [21.0] [cxt 0] Pipeline 'ingress': end
[23:28:10.878] [bmv2] [D] [thread 3240] [21.0] [cxt 0] Egress port is 0
[23:28:10.879] [bmv2] [D] [thread 3240] [22.0] [cxt 0] Processing packet received on port 3
[23:28:10.879] [bmv2] [D] [thread 3240] [22.0] [cxt 0] Parser 'parser': start
[23:28:10.879] [bmv2] [D] [thread 3240] [22.0] [cxt 0] Parser 'parser' entering state 'start'
[23:28:10.880] [bmv2] [D] [thread 3240] [22.0] [cxt 0] Extracting header 'ethernet'
[23:28:10.880] [bmv2] [D] [thread 3240] [22.0] [cxt 0] Parser state 'start': key is 86dd
[23:28:10.880] [bmv2] [T] [thread 3240] [22.0] [cxt 0] Bytes parsed: 14
[23:28:10.880] [bmv2] [D] [thread 3240] [22.0] [cxt 0] Parser 'parser': end
[23:28:10.880] [bmv2] [D] [thread 3240] [22.0] [cxt 0] Pipeline 'ingress': start
[23:28:10.880] [bmv2] [T] [thread 3240] [22.0] [cxt 0] basic.p4(178) Condition "hdr.int_pai.isValid()" (node_2) is false
[23:28:10.880] [bmv2] [T] [thread 3240] [22.0] [cxt 0] Applying table 'MyIngress.int_pai_nao_existe'
[23:28:10.879] [bmv2] [D] [thread 3241] [21.0] [cxt 0] Pipeline 'egress': start
[23:28:10.880] [bmv2] [D] [thread 3240] [22.0] [cxt 0] Looking up key:
* hdr.int_pai.quantidade_filho: 00000000

[23:28:10.881] [bmv2] [D] [thread 3240] [22.0] [cxt 0] Table 'MyIngress.int_pai_nao_existe': miss
[23:28:10.881] [bmv2] [D] [thread 3240] [22.0] [cxt 0] Action entry is NoAction - 
[23:28:10.881] [bmv2] [T] [thread 3240] [22.0] [cxt 0] Action NoAction
[23:28:10.881] [bmv2] [T] [thread 3240] [22.0] [cxt 0] Applying table 'MyIngress.int_pai_existe'
[23:28:10.881] [bmv2] [D] [thread 3240] [22.0] [cxt 0] Looking up key:
* hdr.int_pai.quantidade_filho: 00000000

[23:28:10.881] [bmv2] [D] [thread 3240] [22.0] [cxt 0] Table 'MyIngress.int_pai_existe': miss
[23:28:10.881] [bmv2] [D] [thread 3240] [22.0] [cxt 0] Action entry is NoAction - 
[23:28:10.881] [bmv2] [T] [thread 3240] [22.0] [cxt 0] Action NoAction
[23:28:10.881] [bmv2] [T] [thread 3240] [22.0] [cxt 0] basic.p4(185) Condition "hdr.ipv4.isValid()" (node_6) is false
[23:28:10.881] [bmv2] [D] [thread 3240] [22.0] [cxt 0] Pipeline 'ingress': end
[23:28:10.881] [bmv2] [D] [thread 3240] [22.0] [cxt 0] Egress port is 0
[23:28:10.881] [bmv2] [D] [thread 3241] [21.0] [cxt 0] Pipeline 'egress': end
[23:28:10.881] [bmv2] [D] [thread 3241] [21.0] [cxt 0] Deparser 'deparser': start
[23:28:10.881] [bmv2] [T] [thread 3241] [21.0] [cxt 0] Skipping checksum 'cksum' update because condition not met
[23:28:10.881] [bmv2] [D] [thread 3241] [21.0] [cxt 0] Deparsing header 'ethernet'
[23:28:10.881] [bmv2] [D] [thread 3241] [21.0] [cxt 0] Deparser 'deparser': end
[23:28:10.882] [bmv2] [D] [thread 3241] [22.0] [cxt 0] Pipeline 'egress': start
[23:28:10.882] [bmv2] [D] [thread 3241] [22.0] [cxt 0] Pipeline 'egress': end
[23:28:10.882] [bmv2] [D] [thread 3241] [22.0] [cxt 0] Deparser 'deparser': start
[23:28:10.882] [bmv2] [T] [thread 3241] [22.0] [cxt 0] Skipping checksum 'cksum' update because condition not met
[23:28:10.882] [bmv2] [D] [thread 3241] [22.0] [cxt 0] Deparsing header 'ethernet'
[23:28:10.882] [bmv2] [D] [thread 3241] [22.0] [cxt 0] Deparser 'deparser': end
[23:28:10.882] [bmv2] [D] [thread 3245] [21.0] [cxt 0] Transmitting packet of size 70 out of port 0
[23:28:10.882] [bmv2] [D] [thread 3245] [22.0] [cxt 0] Transmitting packet of size 70 out of port 0
[23:28:11.387] [bmv2] [D] [thread 3240] [23.0] [cxt 0] Processing packet received on port 3
[23:28:11.388] [bmv2] [D] [thread 3240] [23.0] [cxt 0] Parser 'parser': start
[23:28:11.388] [bmv2] [D] [thread 3240] [23.0] [cxt 0] Parser 'parser' entering state 'start'
[23:28:11.388] [bmv2] [D] [thread 3240] [23.0] [cxt 0] Extracting header 'ethernet'
[23:28:11.388] [bmv2] [D] [thread 3240] [23.0] [cxt 0] Parser state 'start': key is 86dd
[23:28:11.388] [bmv2] [T] [thread 3240] [23.0] [cxt 0] Bytes parsed: 14
[23:28:11.389] [bmv2] [D] [thread 3240] [23.0] [cxt 0] Parser 'parser': end
[23:28:11.389] [bmv2] [D] [thread 3240] [23.0] [cxt 0] Pipeline 'ingress': start
[23:28:11.389] [bmv2] [T] [thread 3240] [23.0] [cxt 0] basic.p4(178) Condition "hdr.int_pai.isValid()" (node_2) is false
[23:28:11.389] [bmv2] [T] [thread 3240] [23.0] [cxt 0] Applying table 'MyIngress.int_pai_nao_existe'
[23:28:11.389] [bmv2] [D] [thread 3240] [23.0] [cxt 0] Looking up key:
* hdr.int_pai.quantidade_filho: 00000000

[23:28:11.389] [bmv2] [D] [thread 3240] [23.0] [cxt 0] Table 'MyIngress.int_pai_nao_existe': miss
[23:28:11.389] [bmv2] [D] [thread 3240] [23.0] [cxt 0] Action entry is NoAction - 
[23:28:11.390] [bmv2] [T] [thread 3240] [23.0] [cxt 0] Action NoAction
[23:28:11.390] [bmv2] [T] [thread 3240] [23.0] [cxt 0] Applying table 'MyIngress.int_pai_existe'
[23:28:11.390] [bmv2] [D] [thread 3240] [23.0] [cxt 0] Looking up key:
* hdr.int_pai.quantidade_filho: 00000000

[23:28:11.390] [bmv2] [D] [thread 3240] [23.0] [cxt 0] Table 'MyIngress.int_pai_existe': miss
[23:28:11.390] [bmv2] [D] [thread 3240] [23.0] [cxt 0] Action entry is NoAction - 
[23:28:11.390] [bmv2] [T] [thread 3240] [23.0] [cxt 0] Action NoAction
[23:28:11.390] [bmv2] [T] [thread 3240] [23.0] [cxt 0] basic.p4(185) Condition "hdr.ipv4.isValid()" (node_6) is false
[23:28:11.390] [bmv2] [D] [thread 3240] [23.0] [cxt 0] Pipeline 'ingress': end
[23:28:11.390] [bmv2] [D] [thread 3240] [23.0] [cxt 0] Egress port is 0
[23:28:11.391] [bmv2] [D] [thread 3241] [23.0] [cxt 0] Pipeline 'egress': start
[23:28:11.391] [bmv2] [D] [thread 3241] [23.0] [cxt 0] Pipeline 'egress': end
[23:28:11.391] [bmv2] [D] [thread 3241] [23.0] [cxt 0] Deparser 'deparser': start
[23:28:11.391] [bmv2] [T] [thread 3241] [23.0] [cxt 0] Skipping checksum 'cksum' update because condition not met
[23:28:11.391] [bmv2] [D] [thread 3241] [23.0] [cxt 0] Deparsing header 'ethernet'
[23:28:11.391] [bmv2] [D] [thread 3241] [23.0] [cxt 0] Deparser 'deparser': end
[23:28:11.392] [bmv2] [D] [thread 3245] [23.0] [cxt 0] Transmitting packet of size 70 out of port 0
[23:28:18.815] [bmv2] [D] [thread 3240] [24.0] [cxt 0] Processing packet received on port 1
[23:28:18.815] [bmv2] [D] [thread 3240] [24.0] [cxt 0] Parser 'parser': start
[23:28:18.815] [bmv2] [D] [thread 3240] [24.0] [cxt 0] Parser 'parser' entering state 'start'
[23:28:18.815] [bmv2] [D] [thread 3240] [24.0] [cxt 0] Extracting header 'ethernet'
[23:28:18.816] [bmv2] [D] [thread 3240] [24.0] [cxt 0] Parser state 'start': key is 86dd
[23:28:18.816] [bmv2] [T] [thread 3240] [24.0] [cxt 0] Bytes parsed: 14
[23:28:18.816] [bmv2] [D] [thread 3240] [24.0] [cxt 0] Parser 'parser': end
[23:28:18.817] [bmv2] [D] [thread 3240] [24.0] [cxt 0] Pipeline 'ingress': start
[23:28:18.817] [bmv2] [T] [thread 3240] [24.0] [cxt 0] basic.p4(178) Condition "hdr.int_pai.isValid()" (node_2) is false
[23:28:18.817] [bmv2] [T] [thread 3240] [24.0] [cxt 0] Applying table 'MyIngress.int_pai_nao_existe'
[23:28:18.817] [bmv2] [D] [thread 3240] [24.0] [cxt 0] Looking up key:
* hdr.int_pai.quantidade_filho: 00000000

[23:28:18.817] [bmv2] [D] [thread 3240] [24.0] [cxt 0] Table 'MyIngress.int_pai_nao_existe': miss
[23:28:18.818] [bmv2] [D] [thread 3240] [24.0] [cxt 0] Action entry is NoAction - 
[23:28:18.818] [bmv2] [T] [thread 3240] [24.0] [cxt 0] Action NoAction
[23:28:18.818] [bmv2] [T] [thread 3240] [24.0] [cxt 0] Applying table 'MyIngress.int_pai_existe'
[23:28:18.818] [bmv2] [D] [thread 3240] [24.0] [cxt 0] Looking up key:
* hdr.int_pai.quantidade_filho: 00000000

[23:28:18.818] [bmv2] [D] [thread 3240] [24.0] [cxt 0] Table 'MyIngress.int_pai_existe': miss
[23:28:18.818] [bmv2] [D] [thread 3240] [24.0] [cxt 0] Action entry is NoAction - 
[23:28:18.818] [bmv2] [T] [thread 3240] [24.0] [cxt 0] Action NoAction
[23:28:18.818] [bmv2] [T] [thread 3240] [24.0] [cxt 0] basic.p4(185) Condition "hdr.ipv4.isValid()" (node_6) is false
[23:28:18.818] [bmv2] [D] [thread 3240] [24.0] [cxt 0] Pipeline 'ingress': end
[23:28:18.818] [bmv2] [D] [thread 3240] [24.0] [cxt 0] Egress port is 0
[23:28:18.819] [bmv2] [D] [thread 3240] [25.0] [cxt 0] Processing packet received on port 2
[23:28:18.819] [bmv2] [D] [thread 3240] [25.0] [cxt 0] Parser 'parser': start
[23:28:18.819] [bmv2] [D] [thread 3240] [25.0] [cxt 0] Parser 'parser' entering state 'start'
[23:28:18.819] [bmv2] [D] [thread 3240] [25.0] [cxt 0] Extracting header 'ethernet'
[23:28:18.819] [bmv2] [D] [thread 3240] [25.0] [cxt 0] Parser state 'start': key is 86dd
[23:28:18.819] [bmv2] [D] [thread 3241] [24.0] [cxt 0] Pipeline 'egress': start
[23:28:18.819] [bmv2] [D] [thread 3241] [24.0] [cxt 0] Pipeline 'egress': end
[23:28:18.819] [bmv2] [D] [thread 3241] [24.0] [cxt 0] Deparser 'deparser': start
[23:28:18.819] [bmv2] [T] [thread 3241] [24.0] [cxt 0] Skipping checksum 'cksum' update because condition not met
[23:28:18.819] [bmv2] [D] [thread 3241] [24.0] [cxt 0] Deparsing header 'ethernet'
[23:28:18.819] [bmv2] [D] [thread 3241] [24.0] [cxt 0] Deparser 'deparser': end
[23:28:18.819] [bmv2] [T] [thread 3240] [25.0] [cxt 0] Bytes parsed: 14
[23:28:18.820] [bmv2] [D] [thread 3240] [25.0] [cxt 0] Parser 'parser': end
[23:28:18.820] [bmv2] [D] [thread 3240] [25.0] [cxt 0] Pipeline 'ingress': start
[23:28:18.820] [bmv2] [T] [thread 3240] [25.0] [cxt 0] basic.p4(178) Condition "hdr.int_pai.isValid()" (node_2) is false
[23:28:18.820] [bmv2] [T] [thread 3240] [25.0] [cxt 0] Applying table 'MyIngress.int_pai_nao_existe'
[23:28:18.820] [bmv2] [D] [thread 3240] [25.0] [cxt 0] Looking up key:
* hdr.int_pai.quantidade_filho: 00000000

[23:28:18.820] [bmv2] [D] [thread 3240] [25.0] [cxt 0] Table 'MyIngress.int_pai_nao_existe': miss
[23:28:18.820] [bmv2] [D] [thread 3240] [25.0] [cxt 0] Action entry is NoAction - 
[23:28:18.820] [bmv2] [D] [thread 3245] [24.0] [cxt 0] Transmitting packet of size 70 out of port 0
[23:28:18.820] [bmv2] [T] [thread 3240] [25.0] [cxt 0] Action NoAction
[23:28:18.820] [bmv2] [T] [thread 3240] [25.0] [cxt 0] Applying table 'MyIngress.int_pai_existe'
[23:28:18.820] [bmv2] [D] [thread 3240] [25.0] [cxt 0] Looking up key:
* hdr.int_pai.quantidade_filho: 00000000

[23:28:18.820] [bmv2] [D] [thread 3240] [25.0] [cxt 0] Table 'MyIngress.int_pai_existe': miss
[23:28:18.820] [bmv2] [D] [thread 3240] [25.0] [cxt 0] Action entry is NoAction - 
[23:28:18.820] [bmv2] [T] [thread 3240] [25.0] [cxt 0] Action NoAction
[23:28:18.820] [bmv2] [T] [thread 3240] [25.0] [cxt 0] basic.p4(185) Condition "hdr.ipv4.isValid()" (node_6) is false
[23:28:18.820] [bmv2] [D] [thread 3240] [25.0] [cxt 0] Pipeline 'ingress': end
[23:28:18.820] [bmv2] [D] [thread 3240] [25.0] [cxt 0] Egress port is 0
[23:28:18.821] [bmv2] [D] [thread 3240] [26.0] [cxt 0] Processing packet received on port 3
[23:28:18.821] [bmv2] [D] [thread 3240] [26.0] [cxt 0] Parser 'parser': start
[23:28:18.821] [bmv2] [D] [thread 3240] [26.0] [cxt 0] Parser 'parser' entering state 'start'
[23:28:18.821] [bmv2] [D] [thread 3240] [26.0] [cxt 0] Extracting header 'ethernet'
[23:28:18.821] [bmv2] [D] [thread 3240] [26.0] [cxt 0] Parser state 'start': key is 86dd
[23:28:18.821] [bmv2] [T] [thread 3240] [26.0] [cxt 0] Bytes parsed: 14
[23:28:18.821] [bmv2] [D] [thread 3240] [26.0] [cxt 0] Parser 'parser': end
[23:28:18.821] [bmv2] [D] [thread 3240] [26.0] [cxt 0] Pipeline 'ingress': start
[23:28:18.821] [bmv2] [T] [thread 3240] [26.0] [cxt 0] basic.p4(178) Condition "hdr.int_pai.isValid()" (node_2) is false
[23:28:18.821] [bmv2] [T] [thread 3240] [26.0] [cxt 0] Applying table 'MyIngress.int_pai_nao_existe'
[23:28:18.821] [bmv2] [D] [thread 3240] [26.0] [cxt 0] Looking up key:
* hdr.int_pai.quantidade_filho: 00000000

[23:28:18.821] [bmv2] [D] [thread 3240] [26.0] [cxt 0] Table 'MyIngress.int_pai_nao_existe': miss
[23:28:18.821] [bmv2] [D] [thread 3240] [26.0] [cxt 0] Action entry is NoAction - 
[23:28:18.821] [bmv2] [T] [thread 3240] [26.0] [cxt 0] Action NoAction
[23:28:18.821] [bmv2] [T] [thread 3240] [26.0] [cxt 0] Applying table 'MyIngress.int_pai_existe'
[23:28:18.821] [bmv2] [D] [thread 3240] [26.0] [cxt 0] Looking up key:
* hdr.int_pai.quantidade_filho: 00000000

[23:28:18.821] [bmv2] [D] [thread 3240] [26.0] [cxt 0] Table 'MyIngress.int_pai_existe': miss
[23:28:18.821] [bmv2] [D] [thread 3240] [26.0] [cxt 0] Action entry is NoAction - 
[23:28:18.821] [bmv2] [T] [thread 3240] [26.0] [cxt 0] Action NoAction
[23:28:18.821] [bmv2] [D] [thread 3241] [25.0] [cxt 0] Pipeline 'egress': start
[23:28:18.821] [bmv2] [T] [thread 3240] [26.0] [cxt 0] basic.p4(185) Condition "hdr.ipv4.isValid()" (node_6) is false
[23:28:18.821] [bmv2] [D] [thread 3240] [26.0] [cxt 0] Pipeline 'ingress': end
[23:28:18.821] [bmv2] [D] [thread 3240] [26.0] [cxt 0] Egress port is 0
[23:28:18.821] [bmv2] [D] [thread 3241] [25.0] [cxt 0] Pipeline 'egress': end
[23:28:18.821] [bmv2] [D] [thread 3241] [25.0] [cxt 0] Deparser 'deparser': start
[23:28:18.821] [bmv2] [T] [thread 3241] [25.0] [cxt 0] Skipping checksum 'cksum' update because condition not met
[23:28:18.821] [bmv2] [D] [thread 3241] [25.0] [cxt 0] Deparsing header 'ethernet'
[23:28:18.821] [bmv2] [D] [thread 3241] [25.0] [cxt 0] Deparser 'deparser': end
[23:28:18.821] [bmv2] [D] [thread 3241] [26.0] [cxt 0] Pipeline 'egress': start
[23:28:18.821] [bmv2] [D] [thread 3241] [26.0] [cxt 0] Pipeline 'egress': end
[23:28:18.821] [bmv2] [D] [thread 3241] [26.0] [cxt 0] Deparser 'deparser': start
[23:28:18.821] [bmv2] [T] [thread 3241] [26.0] [cxt 0] Skipping checksum 'cksum' update because condition not met
[23:28:18.821] [bmv2] [D] [thread 3241] [26.0] [cxt 0] Deparsing header 'ethernet'
[23:28:18.821] [bmv2] [D] [thread 3241] [26.0] [cxt 0] Deparser 'deparser': end
[23:28:18.821] [bmv2] [D] [thread 3245] [25.0] [cxt 0] Transmitting packet of size 70 out of port 0
[23:28:18.821] [bmv2] [D] [thread 3245] [26.0] [cxt 0] Transmitting packet of size 70 out of port 0
[23:28:19.064] [bmv2] [D] [thread 3240] [27.0] [cxt 0] Processing packet received on port 2
[23:28:19.064] [bmv2] [D] [thread 3240] [27.0] [cxt 0] Parser 'parser': start
[23:28:19.065] [bmv2] [D] [thread 3240] [27.0] [cxt 0] Parser 'parser' entering state 'start'
[23:28:19.065] [bmv2] [D] [thread 3240] [27.0] [cxt 0] Extracting header 'ethernet'
[23:28:19.065] [bmv2] [D] [thread 3240] [27.0] [cxt 0] Parser state 'start': key is 86dd
[23:28:19.065] [bmv2] [T] [thread 3240] [27.0] [cxt 0] Bytes parsed: 14
[23:28:19.065] [bmv2] [D] [thread 3240] [27.0] [cxt 0] Parser 'parser': end
[23:28:19.065] [bmv2] [D] [thread 3240] [27.0] [cxt 0] Pipeline 'ingress': start
[23:28:19.065] [bmv2] [T] [thread 3240] [27.0] [cxt 0] basic.p4(178) Condition "hdr.int_pai.isValid()" (node_2) is false
[23:28:19.065] [bmv2] [T] [thread 3240] [27.0] [cxt 0] Applying table 'MyIngress.int_pai_nao_existe'
[23:28:19.065] [bmv2] [D] [thread 3240] [27.0] [cxt 0] Looking up key:
* hdr.int_pai.quantidade_filho: 00000000

[23:28:19.065] [bmv2] [D] [thread 3240] [27.0] [cxt 0] Table 'MyIngress.int_pai_nao_existe': miss
[23:28:19.065] [bmv2] [D] [thread 3240] [27.0] [cxt 0] Action entry is NoAction - 
[23:28:19.065] [bmv2] [T] [thread 3240] [27.0] [cxt 0] Action NoAction
[23:28:19.065] [bmv2] [T] [thread 3240] [27.0] [cxt 0] Applying table 'MyIngress.int_pai_existe'
[23:28:19.065] [bmv2] [D] [thread 3240] [27.0] [cxt 0] Looking up key:
* hdr.int_pai.quantidade_filho: 00000000

[23:28:19.065] [bmv2] [D] [thread 3240] [27.0] [cxt 0] Table 'MyIngress.int_pai_existe': miss
[23:28:19.065] [bmv2] [D] [thread 3240] [27.0] [cxt 0] Action entry is NoAction - 
[23:28:19.065] [bmv2] [T] [thread 3240] [27.0] [cxt 0] Action NoAction
[23:28:19.065] [bmv2] [T] [thread 3240] [27.0] [cxt 0] basic.p4(185) Condition "hdr.ipv4.isValid()" (node_6) is false
[23:28:19.065] [bmv2] [D] [thread 3240] [27.0] [cxt 0] Pipeline 'ingress': end
[23:28:19.065] [bmv2] [D] [thread 3240] [27.0] [cxt 0] Egress port is 0
[23:28:19.065] [bmv2] [D] [thread 3241] [27.0] [cxt 0] Pipeline 'egress': start
[23:28:19.065] [bmv2] [D] [thread 3241] [27.0] [cxt 0] Pipeline 'egress': end
[23:28:19.065] [bmv2] [D] [thread 3241] [27.0] [cxt 0] Deparser 'deparser': start
[23:28:19.065] [bmv2] [T] [thread 3241] [27.0] [cxt 0] Skipping checksum 'cksum' update because condition not met
[23:28:19.065] [bmv2] [D] [thread 3241] [27.0] [cxt 0] Deparsing header 'ethernet'
[23:28:19.065] [bmv2] [D] [thread 3241] [27.0] [cxt 0] Deparser 'deparser': end
[23:28:19.065] [bmv2] [D] [thread 3245] [27.0] [cxt 0] Transmitting packet of size 70 out of port 0
[23:28:20.088] [bmv2] [D] [thread 3240] [28.0] [cxt 0] Processing packet received on port 3
[23:28:20.088] [bmv2] [D] [thread 3240] [28.0] [cxt 0] Parser 'parser': start
[23:28:20.088] [bmv2] [D] [thread 3240] [28.0] [cxt 0] Parser 'parser' entering state 'start'
[23:28:20.089] [bmv2] [D] [thread 3240] [28.0] [cxt 0] Extracting header 'ethernet'
[23:28:20.089] [bmv2] [D] [thread 3240] [28.0] [cxt 0] Parser state 'start': key is 86dd
[23:28:20.089] [bmv2] [T] [thread 3240] [28.0] [cxt 0] Bytes parsed: 14
[23:28:20.089] [bmv2] [D] [thread 3240] [28.0] [cxt 0] Parser 'parser': end
[23:28:20.090] [bmv2] [D] [thread 3240] [28.0] [cxt 0] Pipeline 'ingress': start
[23:28:20.090] [bmv2] [T] [thread 3240] [28.0] [cxt 0] basic.p4(178) Condition "hdr.int_pai.isValid()" (node_2) is false
[23:28:20.090] [bmv2] [T] [thread 3240] [28.0] [cxt 0] Applying table 'MyIngress.int_pai_nao_existe'
[23:28:20.090] [bmv2] [D] [thread 3240] [28.0] [cxt 0] Looking up key:
* hdr.int_pai.quantidade_filho: 00000000

[23:28:20.090] [bmv2] [D] [thread 3240] [28.0] [cxt 0] Table 'MyIngress.int_pai_nao_existe': miss
[23:28:20.090] [bmv2] [D] [thread 3240] [28.0] [cxt 0] Action entry is NoAction - 
[23:28:20.090] [bmv2] [T] [thread 3240] [28.0] [cxt 0] Action NoAction
[23:28:20.090] [bmv2] [T] [thread 3240] [28.0] [cxt 0] Applying table 'MyIngress.int_pai_existe'
[23:28:20.090] [bmv2] [D] [thread 3240] [28.0] [cxt 0] Looking up key:
* hdr.int_pai.quantidade_filho: 00000000

[23:28:20.090] [bmv2] [D] [thread 3240] [28.0] [cxt 0] Table 'MyIngress.int_pai_existe': miss
[23:28:20.090] [bmv2] [D] [thread 3240] [28.0] [cxt 0] Action entry is NoAction - 
[23:28:20.090] [bmv2] [T] [thread 3240] [28.0] [cxt 0] Action NoAction
[23:28:20.090] [bmv2] [T] [thread 3240] [28.0] [cxt 0] basic.p4(185) Condition "hdr.ipv4.isValid()" (node_6) is false
[23:28:20.091] [bmv2] [D] [thread 3240] [28.0] [cxt 0] Pipeline 'ingress': end
[23:28:20.091] [bmv2] [D] [thread 3240] [28.0] [cxt 0] Egress port is 0
[23:28:20.091] [bmv2] [D] [thread 3241] [28.0] [cxt 0] Pipeline 'egress': start
[23:28:20.091] [bmv2] [D] [thread 3241] [28.0] [cxt 0] Pipeline 'egress': end
[23:28:20.091] [bmv2] [D] [thread 3241] [28.0] [cxt 0] Deparser 'deparser': start
[23:28:20.091] [bmv2] [T] [thread 3241] [28.0] [cxt 0] Skipping checksum 'cksum' update because condition not met
[23:28:20.091] [bmv2] [D] [thread 3241] [28.0] [cxt 0] Deparsing header 'ethernet'
[23:28:20.091] [bmv2] [D] [thread 3241] [28.0] [cxt 0] Deparser 'deparser': end
[23:28:20.091] [bmv2] [D] [thread 3245] [28.0] [cxt 0] Transmitting packet of size 70 out of port 0
[23:28:21.406] [bmv2] [D] [thread 3240] [29.0] [cxt 0] Processing packet received on port 2
[23:28:21.406] [bmv2] [D] [thread 3240] [29.0] [cxt 0] Parser 'parser': start
[23:28:21.407] [bmv2] [D] [thread 3240] [29.0] [cxt 0] Parser 'parser' entering state 'start'
[23:28:21.407] [bmv2] [D] [thread 3240] [29.0] [cxt 0] Extracting header 'ethernet'
[23:28:21.407] [bmv2] [D] [thread 3240] [29.0] [cxt 0] Parser state 'start': key is 0800
[23:28:21.407] [bmv2] [T] [thread 3240] [29.0] [cxt 0] Bytes parsed: 14
[23:28:21.407] [bmv2] [D] [thread 3240] [29.0] [cxt 0] Parser 'parser' entering state 'parse_ipv4'
[23:28:21.407] [bmv2] [D] [thread 3240] [29.0] [cxt 0] Extracting header 'ipv4'
[23:28:21.407] [bmv2] [D] [thread 3240] [29.0] [cxt 0] Parser state 'parse_ipv4' has no switch, going to default next state
[23:28:21.407] [bmv2] [T] [thread 3240] [29.0] [cxt 0] Bytes parsed: 34
[23:28:21.407] [bmv2] [D] [thread 3240] [29.0] [cxt 0] Parser 'parser': end
[23:28:21.407] [bmv2] [D] [thread 3240] [29.0] [cxt 0] Pipeline 'ingress': start
[23:28:21.407] [bmv2] [T] [thread 3240] [29.0] [cxt 0] basic.p4(178) Condition "hdr.int_pai.isValid()" (node_2) is false
[23:28:21.407] [bmv2] [T] [thread 3240] [29.0] [cxt 0] Applying table 'MyIngress.int_pai_nao_existe'
[23:28:21.407] [bmv2] [D] [thread 3240] [29.0] [cxt 0] Looking up key:
* hdr.int_pai.quantidade_filho: 00000000

[23:28:21.407] [bmv2] [D] [thread 3240] [29.0] [cxt 0] Table 'MyIngress.int_pai_nao_existe': miss
[23:28:21.407] [bmv2] [D] [thread 3240] [29.0] [cxt 0] Action entry is NoAction - 
[23:28:21.407] [bmv2] [T] [thread 3240] [29.0] [cxt 0] Action NoAction
[23:28:21.407] [bmv2] [T] [thread 3240] [29.0] [cxt 0] Applying table 'MyIngress.int_pai_existe'
[23:28:21.407] [bmv2] [D] [thread 3240] [29.0] [cxt 0] Looking up key:
* hdr.int_pai.quantidade_filho: 00000000

[23:28:21.407] [bmv2] [D] [thread 3240] [29.0] [cxt 0] Table 'MyIngress.int_pai_existe': miss
[23:28:21.407] [bmv2] [D] [thread 3240] [29.0] [cxt 0] Action entry is NoAction - 
[23:28:21.407] [bmv2] [T] [thread 3240] [29.0] [cxt 0] Action NoAction
[23:28:21.407] [bmv2] [T] [thread 3240] [29.0] [cxt 0] basic.p4(185) Condition "hdr.ipv4.isValid()" (node_6) is true
[23:28:21.407] [bmv2] [T] [thread 3240] [29.0] [cxt 0] Applying table 'MyIngress.ipv4_lpm'
[23:28:21.407] [bmv2] [D] [thread 3240] [29.0] [cxt 0] Looking up key:
* hdr.ipv4.dstAddr    : 0a000202

[23:28:21.407] [bmv2] [D] [thread 3240] [29.0] [cxt 0] Table 'MyIngress.ipv4_lpm': hit with handle 1
[23:28:21.407] [bmv2] [D] [thread 3240] [29.0] [cxt 0] Dumping entry 1
Match key:
* hdr.ipv4.dstAddr    : LPM       0a000202/32
Action entry: MyIngress.ipv4_forward - 80000000222,1,

[23:28:21.407] [bmv2] [D] [thread 3240] [29.0] [cxt 0] Action entry is MyIngress.ipv4_forward - 80000000222,1,
[23:28:21.407] [bmv2] [T] [thread 3240] [29.0] [cxt 0] Action MyIngress.ipv4_forward
[23:28:21.407] [bmv2] [T] [thread 3240] [29.0] [cxt 0] basic.p4(138) Primitive standard_metadata.egress_spec = port
[23:28:21.407] [bmv2] [T] [thread 3240] [29.0] [cxt 0] basic.p4(139) Primitive hdr.ethernet.srcAddr = hdr.ethernet.dstAddr
[23:28:21.407] [bmv2] [T] [thread 3240] [29.0] [cxt 0] basic.p4(140) Primitive hdr.ethernet.dstAddr = dstAddr
[23:28:21.407] [bmv2] [T] [thread 3240] [29.0] [cxt 0] basic.p4(141) Primitive hdr.ipv4.ttl = hdr.ipv4.ttl - 1
[23:28:21.407] [bmv2] [D] [thread 3240] [29.0] [cxt 0] Pipeline 'ingress': end
[23:28:21.407] [bmv2] [D] [thread 3240] [29.0] [cxt 0] Egress port is 1
[23:28:21.407] [bmv2] [D] [thread 3242] [29.0] [cxt 0] Pipeline 'egress': start
[23:28:21.407] [bmv2] [D] [thread 3242] [29.0] [cxt 0] Pipeline 'egress': end
[23:28:21.407] [bmv2] [D] [thread 3242] [29.0] [cxt 0] Deparser 'deparser': start
[23:28:21.407] [bmv2] [D] [thread 3242] [29.0] [cxt 0] Updating checksum 'cksum'
[23:28:21.407] [bmv2] [D] [thread 3242] [29.0] [cxt 0] Deparsing header 'ethernet'
[23:28:21.407] [bmv2] [D] [thread 3242] [29.0] [cxt 0] Deparsing header 'ipv4'
[23:28:21.407] [bmv2] [D] [thread 3242] [29.0] [cxt 0] Deparser 'deparser': end
[23:28:21.408] [bmv2] [D] [thread 3245] [29.0] [cxt 0] Transmitting packet of size 59 out of port 1
[23:28:21.408] [bmv2] [D] [thread 3240] [30.0] [cxt 0] Processing packet received on port 1
[23:28:21.408] [bmv2] [D] [thread 3240] [30.0] [cxt 0] Parser 'parser': start
[23:28:21.408] [bmv2] [D] [thread 3240] [30.0] [cxt 0] Parser 'parser' entering state 'start'
[23:28:21.408] [bmv2] [D] [thread 3240] [30.0] [cxt 0] Extracting header 'ethernet'
[23:28:21.408] [bmv2] [D] [thread 3240] [30.0] [cxt 0] Parser state 'start': key is 0800
[23:28:21.408] [bmv2] [T] [thread 3240] [30.0] [cxt 0] Bytes parsed: 14
[23:28:21.408] [bmv2] [D] [thread 3240] [30.0] [cxt 0] Parser 'parser' entering state 'parse_ipv4'
[23:28:21.408] [bmv2] [D] [thread 3240] [30.0] [cxt 0] Extracting header 'ipv4'
[23:28:21.408] [bmv2] [D] [thread 3240] [30.0] [cxt 0] Parser state 'parse_ipv4' has no switch, going to default next state
[23:28:21.408] [bmv2] [T] [thread 3240] [30.0] [cxt 0] Bytes parsed: 34
[23:28:21.408] [bmv2] [D] [thread 3240] [30.0] [cxt 0] Parser 'parser': end
[23:28:21.408] [bmv2] [D] [thread 3240] [30.0] [cxt 0] Pipeline 'ingress': start
[23:28:21.408] [bmv2] [T] [thread 3240] [30.0] [cxt 0] basic.p4(178) Condition "hdr.int_pai.isValid()" (node_2) is false
[23:28:21.408] [bmv2] [T] [thread 3240] [30.0] [cxt 0] Applying table 'MyIngress.int_pai_nao_existe'
[23:28:21.408] [bmv2] [D] [thread 3240] [30.0] [cxt 0] Looking up key:
* hdr.int_pai.quantidade_filho: 00000000

[23:28:21.408] [bmv2] [D] [thread 3240] [30.0] [cxt 0] Table 'MyIngress.int_pai_nao_existe': miss
[23:28:21.408] [bmv2] [D] [thread 3240] [30.0] [cxt 0] Action entry is NoAction - 
[23:28:21.408] [bmv2] [T] [thread 3240] [30.0] [cxt 0] Action NoAction
[23:28:21.408] [bmv2] [T] [thread 3240] [30.0] [cxt 0] Applying table 'MyIngress.int_pai_existe'
[23:28:21.408] [bmv2] [D] [thread 3240] [30.0] [cxt 0] Looking up key:
* hdr.int_pai.quantidade_filho: 00000000

[23:28:21.408] [bmv2] [D] [thread 3240] [30.0] [cxt 0] Table 'MyIngress.int_pai_existe': miss
[23:28:21.408] [bmv2] [D] [thread 3240] [30.0] [cxt 0] Action entry is NoAction - 
[23:28:21.408] [bmv2] [T] [thread 3240] [30.0] [cxt 0] Action NoAction
[23:28:21.408] [bmv2] [T] [thread 3240] [30.0] [cxt 0] basic.p4(185) Condition "hdr.ipv4.isValid()" (node_6) is true
[23:28:21.408] [bmv2] [T] [thread 3240] [30.0] [cxt 0] Applying table 'MyIngress.ipv4_lpm'
[23:28:21.408] [bmv2] [D] [thread 3240] [30.0] [cxt 0] Looking up key:
* hdr.ipv4.dstAddr    : 0a000101

[23:28:21.408] [bmv2] [D] [thread 3240] [30.0] [cxt 0] Table 'MyIngress.ipv4_lpm': hit with handle 0
[23:28:21.408] [bmv2] [D] [thread 3240] [30.0] [cxt 0] Dumping entry 0
Match key:
* hdr.ipv4.dstAddr    : LPM       0a000101/32
Action entry: MyIngress.ipv4_forward - 80000000100,2,

[23:28:21.408] [bmv2] [D] [thread 3240] [30.0] [cxt 0] Action entry is MyIngress.ipv4_forward - 80000000100,2,
[23:28:21.408] [bmv2] [T] [thread 3240] [30.0] [cxt 0] Action MyIngress.ipv4_forward
[23:28:21.408] [bmv2] [T] [thread 3240] [30.0] [cxt 0] basic.p4(138) Primitive standard_metadata.egress_spec = port
[23:28:21.408] [bmv2] [T] [thread 3240] [30.0] [cxt 0] basic.p4(139) Primitive hdr.ethernet.srcAddr = hdr.ethernet.dstAddr
[23:28:21.408] [bmv2] [T] [thread 3240] [30.0] [cxt 0] basic.p4(140) Primitive hdr.ethernet.dstAddr = dstAddr
[23:28:21.408] [bmv2] [T] [thread 3240] [30.0] [cxt 0] basic.p4(141) Primitive hdr.ipv4.ttl = hdr.ipv4.ttl - 1
[23:28:21.409] [bmv2] [D] [thread 3240] [30.0] [cxt 0] Pipeline 'ingress': end
[23:28:21.409] [bmv2] [D] [thread 3240] [30.0] [cxt 0] Egress port is 2
[23:28:21.409] [bmv2] [D] [thread 3243] [30.0] [cxt 0] Pipeline 'egress': start
[23:28:21.409] [bmv2] [D] [thread 3243] [30.0] [cxt 0] Pipeline 'egress': end
[23:28:21.409] [bmv2] [D] [thread 3243] [30.0] [cxt 0] Deparser 'deparser': start
[23:28:21.409] [bmv2] [D] [thread 3243] [30.0] [cxt 0] Updating checksum 'cksum'
[23:28:21.409] [bmv2] [D] [thread 3243] [30.0] [cxt 0] Deparsing header 'ethernet'
[23:28:21.409] [bmv2] [D] [thread 3243] [30.0] [cxt 0] Deparsing header 'ipv4'
[23:28:21.409] [bmv2] [D] [thread 3243] [30.0] [cxt 0] Deparser 'deparser': end
[23:28:21.409] [bmv2] [D] [thread 3245] [30.0] [cxt 0] Transmitting packet of size 54 out of port 2
open: No such file or directory
open: No such file or directory
